#
# A fatal error has been detected by the Java Runtime Environment:
#
#  SIGSEGV (0xb) at pc=0x0000000104369f7d, pid=5990, tid=27139
#
# JRE version: Java(TM) SE Runtime Environment (7.0_51-b13) (build 1.7.0_51-b13)
# Java VM: Java HotSpot(TM) 64-Bit Server VM (24.51-b03 mixed mode bsd-amd64 compressed oops)
# Problematic frame:
# 
[error occurred during error reporting (printing problematic frame), id 0xb]

# Failed to write core dump. Core dumps have been disabled. To enable core dumping, try "ulimit -c unlimited" before starting Java again
#
# If you would like to submit a bug report, please visit:
#   http://bugreport.sun.com/bugreport/crash.jsp
#

---------------  T H R E A D  ---------------

Current thread (0x00007f9d566aa000):  JavaThread "FileSystemWatcher: files=#175 cl=groovy.lang.GroovyClassLoader@7a711d71" daemon [_thread_in_Java, id=27139, stack(0x000000010ea68000,0x000000010eb68000)]

siginfo:si_signo=SIGSEGV: si_errno=0, si_code=1 (SEGV_MAPERR), si_addr=0x00000000e6a30bbe

Registers:
RAX=0x00000007d1223b08, RBX=0x0000000000000027, RCX=0x00000000e6a30b9e, RDX=0x0000000000000008
RSP=0x000000010eb66fb8, RBP=0x000000010eb67000, RSI=0x0000000000000007, RDI=0x00007f9d566aa000
R8 =0x000000010eb66f08, R9 =0x00000007c48dd7a8, R10=0x00000001040198f0, R11=0x000000000000002f
R12=0x0000000000000000, R13=0x00000007c48de2c2, R14=0x000000010eb67008, R15=0x00007f9d566aa000
RIP=0x0000000104369f7d, EFLAGS=0x0000000000010202, ERR=0x0000000000000004
  TRAPNO=0x000000000000000e

Top of Stack: (sp=0x000000010eb66fb8)
0x000000010eb66fb8:   00000007d1223b08 000000010eb66fc0
0x000000010eb66fc8:   00000007c48de2bc 000000010eb67008
0x000000010eb66fd8:   00000007c48de5e0 0000000000000000
0x000000010eb66fe8:   00000007d1223b08 0000000000000000
0x000000010eb66ff8:   00000007d314db70 00000007d1223d18
0x000000010eb67008:   00000007d4ba5898 0000000000001fa0
0x000000010eb67018:   0000000000000000 00007f9d566aa000
0x000000010eb67028:   000000010435645f 000000000000000a
0x000000010eb67038:   00007f9d549717a8 000000010eb670f0
0x000000010eb67048:   000000010eb673b0 000000000000000a
0x000000010eb67058:   00000007c48de318 00000001043662a0
0x000000010eb67068:   000000010eb673c0 000000010eb67160
0x000000010eb67078:   0000000103ad6bb0 00007f9d00000000
0x000000010eb67088:   00007f9d566aa000 00007f9d54972400
0x000000010eb67098:   000000010eb673b0 0000000000000010
0x000000010eb670a8:   00000001043662a0 000000010eb673b8
0x000000010eb670b8:   00007f9d566aa000 00007f9d549712b0
0x000000010eb670c8:   00007f9d54971750 00007f9d549717b0
0x000000010eb670d8:   00007f9d54971b38 00000000000003d8
0x000000010eb670e8:   000000010eb67ad8 00007f9d566aa000
0x000000010eb670f8:   00007f9d54b0b980 00000007c48de318
0x000000010eb67108:   0000000000000000 000000010eb67570
0x000000010eb67118:   000000010436866c 000000010eb675c8
0x000000010eb67128:   000000010eb673a8 00000001043662a0
0x000000010eb67138:   00007f9d566aa000 00007f9d549717a0
0x000000010eb67148:   00007f9d549717a0 0000000000000000
0x000000010eb67158:   0000000000000000 000000010eb67180
0x000000010eb67168:   0000000103ad6980 0000000000000000
0x000000010eb67178:   00007f9d549717a8 000000010eb67480
0x000000010eb67188:   0000000103c60590 0000000800000014
0x000000010eb67198:   0000000000000000 0000000e0eb671e0
0x000000010eb671a8:   00007f9d549717a8 00007f9d54971790 

Instructions: (pc=0x0000000104369f7d)
0x0000000104369f5d:   e9 0e 00 00 00 48 83 ec 10 48 89 04 24 e9 01 00
0x0000000104369f6d:   00 00 50 41 0f b6 5d 01 48 8b 4d e8 48 8b 49 10
0x0000000104369f7d:   48 8b 49 20 48 8b 41 10 0f b6 54 18 10 83 fa 66
0x0000000104369f8d:   74 13 83 fa 64 74 0e 83 fa 68 74 09 83 fa 07 0f 

Register to memory mapping:

RAX=0x00000007d1223b08 is an oop
java.lang.String 
 - klass: 'java/lang/String'
RBX=0x0000000000000027 is an unknown value
RCX=0x00000000e6a30b9e is an unknown value
RDX=0x0000000000000008 is an unknown value
RSP=0x000000010eb66fb8 is pointing into the stack for thread: 0x00007f9d566aa000
RBP=0x000000010eb67000 is pointing into the stack for thread: 0x00007f9d566aa000
RSI=0x0000000000000007 is an unknown value
RDI=0x00007f9d566aa000 is a thread
R8 =0x000000010eb66f08 is pointing into the stack for thread: 0x00007f9d566aa000
R9 =0x00000007c48dd7a8 is an oop
{constant pool} 
 - klass: {other class}
 - holder: 0x00000007c48de3b8
 - cache: 0x00000007c48de5e0
 -   1 :  : 'com/vaadin/grails/server/MappingsProvider$$EOwpHL4i'
 -   2 :  : 'com/vaadin/grails/server/MappingsProvider$$EOwpHL4i'
 -   3 :  : 'java/lang/Object'
 -   4 :  : 'java/lang/Object'
 -   5 :  : 'MappingsProvider.groovy'
 -   6 :  : 'Lorg/codehaus/groovy/grails/plugins/metadata/GrailsPlugin;'
 -   7 :  : 'name'
 -   8 :  : 'vaadin-core'
 -   9 :  : 'version'
 -  10 :  : '2.0'
 -  11 :  : 'DEFAULT_FRAGMENT'
 -  12 :  : 'Ljava/lang/Object;'
 -  13 :  : 'THEME_PATH_PROPERTY'
 -  14 :  : 'WIDGETSET_PATH_PROPERTY'
 -  15 :  : 'PRESERVED_ON_REFRESH_PATH_PROPERTY'
 -  16 :  : 'PAGE_TITLE_PATH_PROPERTY'
 -  17 :  : 'PUSH_MODE_PATH_PROPERTY'
 -  18 :  : 'PUSH_TRANSPORT_PATH_PROPERTY'
 -  19 :  : 'getUIClass'
 -  20 :  : '(Lcom/vaadin/grails/server/MappingsProvider;Ljava/lang/String;)Lcom/vaadin/grails/VaadinUIClass;'
 -  21 :  : 'getPath'
 -  22 :  : '(Lcom/vaadin/grails/server/MappingsProvider;Lcom/vaadin/grails/VaadinUIClass;)Ljava/lang/String;'
 -  23 :  : 'getPathProperty'
 -  24 :  : '(Lcom/vaadin/grails/server/MappingsProvider;Ljava/lang/String;Ljava/lang/String;)Ljava/lang/Object;'
 -  25 :  : 'getAllPaths'
 -  26 :  : '(Lcom/vaadin/grails/server/MappingsProvider;)Ljava/util/Collection;'
 -  27 :  : 'getViewClass'
 -  28 :  : '(Lcom/vaadin/grails/server/MappingsProvider;Ljava/lang/String;Ljava/lang/String;)Lcom/vaadin/grails/VaadinViewClass;'
 -  29 :  : 'getFragment'
 -  30 :  : '(Lcom/vaadin/grails/server/MappingsProvider;Ljava/lang/String;Lcom/vaadin/grails/VaadinViewClass;)Ljava/lang/String;'
 -  31 :  : 'getFragmentProperty'
 -  32 :  : '(Lcom/vaadin/grails/server/MappingsProvider;Ljava/lang/String;Ljava/lang/String;Ljava/lang/String;)Ljava/lang/Object;'
 -  33 :  : 'getAllFragments'
 -  34 :  : '(Lcom/vaadin/grails/server/MappingsProvider;Ljava/lang/String;)Ljava/util/Collection;'
 -  35 :  : '___clinit___'
 -  36 :  : '()V'
 -  37 :  : 'pushTransport'
 -  38 :  : "pushTransport" {0x7d4ba5898}
 -  39 :  : 4130100
 -  40 :  : "PUSH_TRANSPORT_PATH_PROPERTY" {0x7d4bcc560}
 -  41 :  : 'org/springsource/loaded/TypeRegistry'
 -  42 :  : 'org/springsource/loaded/TypeRegistry' {0x7c0300ba0}
 -  43 :  : 'staticFieldInterceptionRequired'
 -  44 :  : '(ILjava/lang/String;)Z'
 -  45 :  : name_index=43 signature_index=44
 -  46 :  : klass_index=42 name_and_type_index=45
 -  47 :  : 'com/vaadin/grails/server/MappingsProvider'
 -  48 :  : 'com/vaadin/grails/server/MappingsProvider' {0x7c26fce60}
 -  49 :  : 'r$sets'
 -  50 :  : '(Ljava/lang/Object;Ljava/lang/String;)V'
 -  51 :  : name_index=49 signature_index=50
 -  52 :  : klass_index=48 name_and_type_index=51
 -  53 :  : name_index=18 signature_index=12
 -  54 :  : klass_index=48 name_and_type_index=53
 -  55 :  : 'pushMode'
 -  56 :  : "pushMode" {0x7d1223d18}
 -  57 :  : "PUSH_MODE_PATH_PROPERTY" {0x7d4bcc6d0}
 -  58 :  : name_index=17 signature_index=12
 -  59 :  : klass_index=48 name_and_type_index=58
 -  60 :  : 'pageTitle'
 -  61 :  : "pageTitle" {0x7d314db70}
 -  62 :  : "PAGE_TITLE_PATH_PROPERTY" {0x7d4bcc838}
 -  63 :  : name_index=16 signature_index=12
 -  64 :  : klass_index=48 name_and_type_index=63
 -  65 :  : 'preservedOnRefresh'
 -  66 :  : "preservedOnRefresh" {0x7d4ba5958}
 -  67 :  : "PRESERVED_ON_REFRESH_PATH_PROPERTY" {0x7d4bcc9a0}
 -  68 :  : name_index=15 signature_index=12
 -  69 :  : klass_index=48 name_and_type_index=68
 -  70 :  : 'widgetset'
 -  71 :  : "widgetset" {0x7d1223b08}
 -  72 :  : "WIDGETSET_PATH_PROPERTY" {0x7d4bccb20}
 -  73 :  : name_index=14 signature_index=12
 -  74 :  : klass_index=48 name_and_type_index=73
 -  75 :  : 'theme'
 -  76 :  : "theme" {0x7d1223ee0}
 -  77 :  : "THEME_PATH_PROPERTY" {0x7d4bccc88}
 -  78 :  : name_index=13 signature_index=12
 -  79 :  : klass_index=48 name_and_type_index=78
 -  80 :  : 'defaultFragment'
 -  81 :  : "defaultFragment" {0x7f3439e58}
 -  82 :  : "DEFAULT_FRAGMENT" {0x7f3439ea0}
 -  83 :  : name_index=11 signature_index=12
 -  84 :  : klass_index=48 name_and_type_index=83
 -  85 :  : 'Code'
 -  86 :  : 'Signature'
 -  87 :  : '()Ljava/util/Collection<Ljava/lang/String;>;'
 -  88 :  : '(Ljava/lang/String;)Ljava/util/Collection<Ljava/lang/String;>;'
 -  89 :  : 'SourceFile'
 -  90 :  : 'RuntimeVisibleAnnotations'

R10=0x00000001040198f0: _ZN19TemplateInterpreter13_active_tableE+0x3800 in /Library/Java/JavaVirtualMachines/jdk1.7.0_51.jdk/Contents/Home/jre/lib/server/libjvm.dylib at 0x0000000103800000
R11=0x000000000000002f is an unknown value
R12=0x0000000000000000 is an unknown value
R13=0x00000007c48de2c2 is pointing into object: 0x00000007c48de210
{constMethod} 
 - klass: {other class}
 - constants:       0x00000007c48dd7a8 constant pool [91] for 'com/vaadin/grails/server/MappingsProvider$$EOwpHL4i' cache=0x00000007c48de5e0
bci_from(0x7c48de2c2) = 114; print_codes():
R14=0x000000010eb67008 is pointing into the stack for thread: 0x00007f9d566aa000
R15=0x00007f9d566aa000 is a thread


Stack: [0x000000010ea68000,0x000000010eb68000],  sp=0x000000010eb66fb8,  free space=1019k
Native frames: (J=compiled Java code, j=interpreted, Vv=VM code, C=native code)

[error occurred during error reporting (printing native stack), id 0xb]


---------------  P R O C E S S  ---------------

Java Threads: ( => current thread )
  0x00007f9d54000000 JavaThread "Atmosphere-Scheduler-7" daemon [_thread_blocked, id=40195, stack(0x00000001102a2000,0x00000001103a2000)]
  0x00007f9d5538f000 JavaThread "Atmosphere-Scheduler-7" daemon [_thread_blocked, id=39683, stack(0x000000011019f000,0x000000011029f000)]
  0x00007f9d58035800 JavaThread "Atmosphere-Scheduler-6" daemon [_thread_blocked, id=39171, stack(0x000000011009c000,0x000000011019c000)]
  0x00007f9d5506a800 JavaThread "Atmosphere-Scheduler-6" daemon [_thread_blocked, id=38659, stack(0x000000010ff99000,0x0000000110099000)]
  0x00007f9d58653000 JavaThread "Atmosphere-Scheduler-5" daemon [_thread_blocked, id=38147, stack(0x000000010fe96000,0x000000010ff96000)]
  0x00007f9d58007000 JavaThread "Atmosphere-Scheduler-5" daemon [_thread_blocked, id=37635, stack(0x000000010fb0d000,0x000000010fc0d000)]
  0x00007f9d59870000 JavaThread "Atmosphere-Scheduler-4" daemon [_thread_blocked, id=37123, stack(0x000000010fc6d000,0x000000010fd6d000)]
  0x00007f9d53d37800 JavaThread "Atmosphere-Scheduler-4" daemon [_thread_blocked, id=36611, stack(0x000000010d634000,0x000000010d734000)]
  0x00007f9d55083800 JavaThread "http-bio-8080-exec-10" daemon [_thread_blocked, id=36099, stack(0x000000010fd93000,0x000000010fe93000)]
  0x00007f9d53092800 JavaThread "http-bio-8080-exec-9" daemon [_thread_blocked, id=35587, stack(0x000000010fa0a000,0x000000010fb0a000)]
  0x00007f9d57111000 JavaThread "http-bio-8080-exec-8" daemon [_thread_blocked, id=24327, stack(0x000000010f907000,0x000000010fa07000)]
  0x00007f9d573e8000 JavaThread "http-bio-8080-exec-7" daemon [_thread_blocked, id=26379, stack(0x000000010f804000,0x000000010f904000)]
  0x00007f9d53092000 JavaThread "http-bio-8080-exec-6" daemon [_thread_blocked, id=26123, stack(0x000000010eb6b000,0x000000010ec6b000)]
  0x00007f9d581e4000 JavaThread "Atmosphere-Scheduler-3" daemon [_thread_blocked, id=17423, stack(0x000000010e4f6000,0x000000010e5f6000)]
  0x00007f9d57116000 JavaThread "Atmosphere-Scheduler-3" daemon [_thread_blocked, id=22279, stack(0x000000010e3f3000,0x000000010e4f3000)]
  0x00007f9d53847000 JavaThread "Atmosphere-Scheduler-2" daemon [_thread_blocked, id=29703, stack(0x000000010e1e4000,0x000000010e2e4000)]
  0x00007f9d57b2b800 JavaThread "Atmosphere-Scheduler-2" daemon [_thread_blocked, id=24071, stack(0x000000010e0e1000,0x000000010e1e1000)]
  0x00007f9d5284b800 JavaThread "http-bio-8080-exec-5" daemon [_thread_blocked, id=34819, stack(0x000000010f5e3000,0x000000010f6e3000)]
  0x00007f9d52838000 JavaThread "http-bio-8080-exec-4" daemon [_thread_blocked, id=34307, stack(0x000000010f4e0000,0x000000010f5e0000)]
  0x00007f9d57a77000 JavaThread "DestroyJavaVM" [_thread_blocked, id=6403, stack(0x0000000104254000,0x0000000104354000)]
  0x00007f9d57a74000 JavaThread "Thread-9" [_thread_blocked, id=33795, stack(0x000000010f3dd000,0x000000010f4dd000)]
  0x00007f9d581c3000 JavaThread "http-bio-8080-exec-3" daemon [_thread_blocked, id=33283, stack(0x000000010f2da000,0x000000010f3da000)]
  0x00007f9d581c2800 JavaThread "http-bio-8080-exec-2" daemon [_thread_blocked, id=32771, stack(0x000000010f1d7000,0x000000010f2d7000)]
  0x00007f9d581c1800 JavaThread "http-bio-8080-exec-1" daemon [_thread_blocked, id=32259, stack(0x000000010f0d4000,0x000000010f1d4000)]
  0x00007f9d52a79000 JavaThread "http-bio-8080-AsyncTimeout" daemon [_thread_blocked, id=31747, stack(0x000000010efd1000,0x000000010f0d1000)]
  0x00007f9d581c9000 JavaThread "http-bio-8080-Acceptor-0" daemon [_thread_in_native, id=31235, stack(0x000000010eece000,0x000000010efce000)]
  0x00007f9d581c8000 JavaThread "ContainerBackgroundProcessor[StandardEngine[Tomcat]]" daemon [_thread_blocked, id=30723, stack(0x000000010edcb000,0x000000010eecb000)]
  0x00007f9d53845000 JavaThread "Atmosphere-Scheduler-1" daemon [_thread_blocked, id=30211, stack(0x000000010ecc8000,0x000000010edc8000)]
  0x00007f9d5731b000 JavaThread "Atmosphere-Scheduler-0" daemon [_thread_blocked, id=15111, stack(0x000000010c414000,0x000000010c514000)]
  0x00007f9d550d7800 JavaThread "Atmosphere-Scheduler-1" daemon [_thread_blocked, id=29187, stack(0x000000010d91a000,0x000000010da1a000)]
  0x00007f9d57a6d800 JavaThread "Atmosphere-Scheduler-0" daemon [_thread_blocked, id=28675, stack(0x000000010d4de000,0x000000010d5de000)]
  0x00007f9d567f7800 JavaThread "net.sf.ehcache.CacheManager@7895f6f3" daemon [_thread_blocked, id=28163, stack(0x000000010e7a1000,0x000000010e8a1000)]
  0x00007f9d5807a000 JavaThread "PoolCleaner[2054233457:1417098289613]" daemon [_thread_blocked, id=27651, stack(0x000000010d39a000,0x000000010d49a000)]
=>0x00007f9d566aa000 JavaThread "FileSystemWatcher: files=#175 cl=groovy.lang.GroovyClassLoader@7a711d71" daemon [_thread_in_Java, id=27139, stack(0x000000010ea68000,0x000000010eb68000)]
  0x00007f9d5634c800 JavaThread "Thread-4" daemon [_thread_in_native, id=26627, stack(0x000000010e965000,0x000000010ea65000)]
  0x00007f9d53ae4800 JavaThread "Thread-3" [_thread_in_native, id=25091, stack(0x000000010e2f0000,0x000000010e3f0000)]
  0x00007f9d55041000 JavaThread "Thread-2" [_thread_blocked, id=24583, stack(0x000000010d211000,0x000000010d311000)]
  0x00007f9d52844000 JavaThread "NonBlockingInputStreamThread" daemon [_thread_blocked, id=22787, stack(0x000000010cdc6000,0x000000010cec6000)]
  0x00007f9d54009800 JavaThread "Service Thread" daemon [_thread_blocked, id=21251, stack(0x000000010c9f4000,0x000000010caf4000)]
  0x00007f9d53007800 JavaThread "C2 CompilerThread1" daemon [_thread_blocked, id=20739, stack(0x000000010c8f1000,0x000000010c9f1000)]
  0x00007f9d5392a000 JavaThread "C2 CompilerThread0" daemon [_thread_blocked, id=20227, stack(0x000000010c7ee000,0x000000010c8ee000)]
  0x00007f9d5384d000 JavaThread "Signal Dispatcher" daemon [_thread_blocked, id=19715, stack(0x000000010c51a000,0x000000010c61a000)]
  0x00007f9d53843800 JavaThread "Finalizer" daemon [_thread_blocked, id=14595, stack(0x000000010c2d8000,0x000000010c3d8000)]
  0x00007f9d53841000 JavaThread "Reference Handler" daemon [_thread_blocked, id=14083, stack(0x000000010c1d5000,0x000000010c2d5000)]

Other Threads:
  0x00007f9d5280d000 VMThread [stack: 0x000000010c0d2000,0x000000010c1d2000] [id=13571]
  0x00007f9d5301b800 WatcherThread [stack: 0x000000010caf7000,0x000000010cbf7000] [id=21763]

VM state:not at safepoint (normal execution)

VM Mutex/Monitor currently owned by a thread: None

Heap
 PSYoungGen      total 132096K, used 67314K [0x00000007f0000000, 0x00000007fa280000, 0x0000000800000000)
  eden space 118272K, 45% used [0x00000007f0000000,0x00000007f343f628,0x00000007f7380000)
  from space 13824K, 99% used [0x00000007f7700000,0x00000007f847d4a0,0x00000007f8480000)
  to   space 24064K, 0% used [0x00000007f8b00000,0x00000007f8b00000,0x00000007fa280000)
 ParOldGen       total 138240K, used 120877K [0x00000007d0000000, 0x00000007d8700000, 0x00000007f0000000)
  object space 138240K, 87% used [0x00000007d0000000,0x00000007d760b7e8,0x00000007d8700000)
 PSPermGen       total 97280K, used 74617K [0x00000007c0000000, 0x00000007c5f00000, 0x00000007d0000000)
  object space 97280K, 76% used [0x00000007c0000000,0x00000007c48de720,0x00000007c5f00000)

Card table byte_map: [0x0000000107416000,0x0000000107617000] byte_map_base: 0x0000000103616000

Polling page: 0x000000010278a000

Code Cache  [0x0000000104356000, 0x0000000104aa6000, 0x0000000107356000)
 total_blobs=2354 nmethods=1680 adapters=627 free_code_cache=41757Kb largest_free_block=42666560

Compilation events (10 events):
Event: 801.943 Thread 0x00007f9d53007800 1963             groovyjarjarantlr.ANTLRStringBuffer::append (26 bytes)
Event: 801.944 Thread 0x00007f9d5392a000 1964             groovyjarjarantlr.ANTLRStringBuffer::setLength (33 bytes)
Event: 801.945 Thread 0x00007f9d5392a000 nmethod 1964 0x0000000104a1bc90 code [0x0000000104a1bde0, 0x0000000104a1be88]
Event: 801.953 Thread 0x00007f9d53007800 nmethod 1963 0x0000000104a9f0d0 code [0x0000000104a9f240, 0x0000000104a9f5f8]
Event: 802.042 Thread 0x00007f9d5392a000 1965             sun.misc.URLClassPath$JarLoader::access$400 (5 bytes)
Event: 802.042 Thread 0x00007f9d5392a000 nmethod 1965 0x0000000104a245d0 code [0x0000000104a24700, 0x0000000104a24758]
Event: 802.080 Thread 0x00007f9d53007800 1966             sun.misc.FileURLMapper::getPath (69 bytes)
Event: 802.083 Thread 0x00007f9d53007800 nmethod 1966 0x0000000104a1b790 code [0x0000000104a1b900, 0x0000000104a1bb38]
Event: 802.086 Thread 0x00007f9d5392a000 1967             java.nio.charset.CharsetDecoder::charset (5 bytes)
Event: 802.086 Thread 0x00007f9d5392a000 nmethod 1967 0x0000000104a1b590 code [0x0000000104a1b6c0, 0x0000000104a1b738]

GC Heap History (10 events):
Event: 711.210 GC heap before
{Heap before GC invocations=82 (full 3):
 PSYoungGen      total 156672K, used 152171K [0x00000007f0000000, 0x00000007fbc80000, 0x0000000800000000)
  eden space 137728K, 100% used [0x00000007f0000000,0x00000007f8680000,0x00000007f8680000)
  from space 18944K, 76% used [0x00000007faa00000,0x00000007fb81ad50,0x00000007fbc80000)
  to   space 27648K, 0% used [0x00000007f8680000,0x00000007f8680000,0x00000007fa180000)
 ParOldGen       total 138240K, used 117915K [0x00000007d0000000, 0x00000007d8700000, 0x00000007f0000000)
  object space 138240K, 85% used [0x00000007d0000000,0x00000007d7326ef8,0x00000007d8700000)
 PSPermGen       total 97280K, used 74378K [0x00000007c0000000, 0x00000007c5f00000, 0x00000007d0000000)
  object space 97280K, 76% used [0x00000007c0000000,0x00000007c48a28d8,0x00000007c5f00000)
Event: 711.221 GC heap after
Heap after GC invocations=82 (full 3):
 PSYoungGen      total 148992K, used 15267K [0x00000007f0000000, 0x00000007fb680000, 0x0000000800000000)
  eden space 133632K, 0% used [0x00000007f0000000,0x00000007f0000000,0x00000007f8280000)
  from space 15360K, 99% used [0x00000007f8680000,0x00000007f9568e10,0x00000007f9580000)
  to   space 26624K, 0% used [0x00000007f9c80000,0x00000007f9c80000,0x00000007fb680000)
 ParOldGen       total 138240K, used 118307K [0x00000007d0000000, 0x00000007d8700000, 0x00000007f0000000)
  object space 138240K, 85% used [0x00000007d0000000,0x00000007d7388f38,0x00000007d8700000)
 PSPermGen       total 97280K, used 74378K [0x00000007c0000000, 0x00000007c5f00000, 0x00000007d0000000)
  object space 97280K, 76% used [0x00000007c0000000,0x00000007c48a28d8,0x00000007c5f00000)
}
Event: 738.705 GC heap before
{Heap before GC invocations=83 (full 3):
 PSYoungGen      total 148992K, used 148899K [0x00000007f0000000, 0x00000007fb680000, 0x0000000800000000)
  eden space 133632K, 100% used [0x00000007f0000000,0x00000007f8280000,0x00000007f8280000)
  from space 15360K, 99% used [0x00000007f8680000,0x00000007f9568e10,0x00000007f9580000)
  to   space 26624K, 0% used [0x00000007f9c80000,0x00000007f9c80000,0x00000007fb680000)
 ParOldGen       total 138240K, used 118307K [0x00000007d0000000, 0x00000007d8700000, 0x00000007f0000000)
  object space 138240K, 85% used [0x00000007d0000000,0x00000007d7388f38,0x00000007d8700000)
 PSPermGen       total 97280K, used 74408K [0x00000007c0000000, 0x00000007c5f00000, 0x00000007d0000000)
  object space 97280K, 76% used [0x00000007c0000000,0x00000007c48aa050,0x00000007c5f00000)
Event: 738.718 GC heap after
Heap after GC invocations=83 (full 3):
 PSYoungGen      total 151040K, used 13856K [0x00000007f0000000, 0x00000007fb180000, 0x0000000800000000)
  eden space 129536K, 0% used [0x00000007f0000000,0x00000007f0000000,0x00000007f7e80000)
  from space 21504K, 64% used [0x00000007f9c80000,0x00000007faa08230,0x00000007fb180000)
  to   space 26112K, 0% used [0x00000007f7e80000,0x00000007f7e80000,0x00000007f9800000)
 ParOldGen       total 138240K, used 118867K [0x00000007d0000000, 0x00000007d8700000, 0x00000007f0000000)
  object space 138240K, 85% used [0x00000007d0000000,0x00000007d7414f78,0x00000007d8700000)
 PSPermGen       total 97280K, used 74408K [0x00000007c0000000, 0x00000007c5f00000, 0x00000007d0000000)
  object space 97280K, 76% used [0x00000007c0000000,0x00000007c48aa050,0x00000007c5f00000)
}
Event: 741.380 GC heap before
{Heap before GC invocations=84 (full 3):
 PSYoungGen      total 151040K, used 143392K [0x00000007f0000000, 0x00000007fb180000, 0x0000000800000000)
  eden space 129536K, 100% used [0x00000007f0000000,0x00000007f7e80000,0x00000007f7e80000)
  from space 21504K, 64% used [0x00000007f9c80000,0x00000007faa08230,0x00000007fb180000)
  to   space 26112K, 0% used [0x00000007f7e80000,0x00000007f7e80000,0x00000007f9800000)
 ParOldGen       total 138240K, used 118867K [0x00000007d0000000, 0x00000007d8700000, 0x00000007f0000000)
  object space 138240K, 85% used [0x00000007d0000000,0x00000007d7414f78,0x00000007d8700000)
 PSPermGen       total 97280K, used 74447K [0x00000007c0000000, 0x00000007c5f00000, 0x00000007d0000000)
  object space 97280K, 76% used [0x00000007c0000000,0x00000007c48b3ed8,0x00000007c5f00000)
Event: 741.390 GC heap after
Heap after GC invocations=84 (full 3):
 PSYoungGen      total 140800K, used 15222K [0x00000007f0000000, 0x00000007fab80000, 0x0000000800000000)
  eden space 125440K, 0% used [0x00000007f0000000,0x00000007f0000000,0x00000007f7a80000)
  from space 15360K, 99% used [0x00000007f7e80000,0x00000007f8d5dbc8,0x00000007f8d80000)
  to   space 25088K, 0% used [0x00000007f9300000,0x00000007f9300000,0x00000007fab80000)
 ParOldGen       total 138240K, used 119365K [0x00000007d0000000, 0x00000007d8700000, 0x00000007f0000000)
  object space 138240K, 86% used [0x00000007d0000000,0x00000007d7491470,0x00000007d8700000)
 PSPermGen       total 97280K, used 74447K [0x00000007c0000000, 0x00000007c5f00000, 0x00000007d0000000)
  object space 97280K, 76% used [0x00000007c0000000,0x00000007c48b3ed8,0x00000007c5f00000)
}
Event: 745.714 GC heap before
{Heap before GC invocations=85 (full 3):
 PSYoungGen      total 140800K, used 140662K [0x00000007f0000000, 0x00000007fab80000, 0x0000000800000000)
  eden space 125440K, 100% used [0x00000007f0000000,0x00000007f7a80000,0x00000007f7a80000)
  from space 15360K, 99% used [0x00000007f7e80000,0x00000007f8d5dbc8,0x00000007f8d80000)
  to   space 25088K, 0% used [0x00000007f9300000,0x00000007f9300000,0x00000007fab80000)
 ParOldGen       total 138240K, used 119365K [0x00000007d0000000, 0x00000007d8700000, 0x00000007f0000000)
  object space 138240K, 86% used [0x00000007d0000000,0x00000007d7491470,0x00000007d8700000)
 PSPermGen       total 97280K, used 74505K [0x00000007c0000000, 0x00000007c5f00000, 0x00000007d0000000)
  object space 97280K, 76% used [0x00000007c0000000,0x00000007c48c26e0,0x00000007c5f00000)
Event: 745.724 GC heap after
Heap after GC invocations=85 (full 3):
 PSYoungGen      total 142336K, used 13334K [0x00000007f0000000, 0x00000007fa700000, 0x0000000800000000)
  eden space 121856K, 0% used [0x00000007f0000000,0x00000007f0000000,0x00000007f7700000)
  from space 20480K, 65% used [0x00000007f9300000,0x00000007fa005aa8,0x00000007fa700000)
  to   space 24576K, 0% used [0x00000007f7700000,0x00000007f7700000,0x00000007f8f00000)
 ParOldGen       total 138240K, used 119885K [0x00000007d0000000, 0x00000007d8700000, 0x00000007f0000000)
  object space 138240K, 86% used [0x00000007d0000000,0x00000007d7513788,0x00000007d8700000)
 PSPermGen       total 97280K, used 74505K [0x00000007c0000000, 0x00000007c5f00000, 0x00000007d0000000)
  object space 97280K, 76% used [0x00000007c0000000,0x00000007c48c26e0,0x00000007c5f00000)
}
Event: 802.010 GC heap before
{Heap before GC invocations=86 (full 3):
 PSYoungGen      total 142336K, used 135190K [0x00000007f0000000, 0x00000007fa700000, 0x0000000800000000)
  eden space 121856K, 100% used [0x00000007f0000000,0x00000007f7700000,0x00000007f7700000)
  from space 20480K, 65% used [0x00000007f9300000,0x00000007fa005aa8,0x00000007fa700000)
  to   space 24576K, 0% used [0x00000007f7700000,0x00000007f7700000,0x00000007f8f00000)
 ParOldGen       total 138240K, used 119885K [0x00000007d0000000, 0x00000007d8700000, 0x00000007f0000000)
  object space 138240K, 86% used [0x00000007d0000000,0x00000007d7513788,0x00000007d8700000)
 PSPermGen       total 97280K, used 74555K [0x00000007c0000000, 0x00000007c5f00000, 0x00000007d0000000)
  object space 97280K, 76% used [0x00000007c0000000,0x00000007c48ced68,0x00000007c5f00000)
Event: 802.023 GC heap after
Heap after GC invocations=86 (full 3):
 PSYoungGen      total 132096K, used 13813K [0x00000007f0000000, 0x00000007fa280000, 0x0000000800000000)
  eden space 118272K, 0% used [0x00000007f0000000,0x00000007f0000000,0x00000007f7380000)
  from space 13824K, 99% used [0x00000007f7700000,0x00000007f847d4a0,0x00000007f8480000)
  to   space 24064K, 0% used [0x00000007f8b00000,0x00000007f8b00000,0x00000007fa280000)
 ParOldGen       total 138240K, used 120877K [0x00000007d0000000, 0x00000007d8700000, 0x00000007f0000000)
  object space 138240K, 87% used [0x00000007d0000000,0x00000007d760b7e8,0x00000007d8700000)
 PSPermGen       total 97280K, used 74555K [0x00000007c0000000, 0x00000007c5f00000, 0x00000007d0000000)
  object space 97280K, 76% used [0x00000007c0000000,0x00000007c48ced68,0x00000007c5f00000)
}

Deoptimization events (10 events):
Event: 645.883 Thread 0x00007f9d581c3000 Uncommon trap: reason=unreached action=reinterpret pc=0x000000010458de60 method=java.util.HashSet.remove(Ljava/lang/Object;)Z @ 11
Event: 645.886 Thread 0x00007f9d581c3000 Uncommon trap: reason=bimorphic action=maybe_recompile pc=0x0000000104799344 method=java.lang.Throwable.<init>(Ljava/lang/Throwable;)V @ 24
Event: 681.452 Thread 0x00007f9d53092800 Uncommon trap: reason=unreached action=reinterpret pc=0x00000001046a8ec0 method=java.util.HashSet.remove(Ljava/lang/Object;)Z @ 11
Event: 711.124 Thread 0x00007f9d581c2800 Uncommon trap: reason=unreached action=reinterpret pc=0x0000000104841724 method=java.util.HashSet.remove(Ljava/lang/Object;)Z @ 11
Event: 711.125 Thread 0x00007f9d581c2800 Uncommon trap: reason=unloaded action=reinterpret pc=0x000000010479ab8c method=org.codehaus.groovy.reflection.CachedMethod.invoke(Ljava/lang/Object;[Ljava/lang/Object;)Ljava/lang/Object; @ 30
Event: 711.140 Thread 0x00007f9d581c2800 Uncommon trap: reason=class_check action=maybe_recompile pc=0x00000001047ad9e0 method=org.springframework.core.io.DefaultResourceLoader.getResource(Ljava/lang/String;)Lorg/springframework/core/io/Resource; @ 72
Event: 711.147 Thread 0x00007f9d581c2800 Uncommon trap: reason=null_check action=make_not_entrant pc=0x0000000104a95ab8 method=org.codehaus.groovy.grails.plugins.codecs.HTML4Encoder.escapeCharacter(CC)Ljava/lang/String; @ 15
Event: 711.183 Thread 0x00007f9d581c2800 Uncommon trap: reason=null_check action=make_not_entrant pc=0x0000000104a8b6a0 method=org.codehaus.groovy.grails.plugins.codecs.HTML4Encoder.escapeCharacter(CC)Ljava/lang/String; @ 15
Event: 711.184 Thread 0x00007f9d581c2800 Uncommon trap: reason=unreached action=reinterpret pc=0x0000000104a10220 method=org.codehaus.groovy.grails.core.io.DefaultResourceLocator.findResourceForClassName(Ljava/lang/String;)Lorg/springframework/core/io/Resource; @ 36
Event: 802.308 Thread 0x00007f9d566aa000 Uncommon trap: reason=unreached action=reinterpret pc=0x00000001045d96b8 method=java.lang.ClassLoader.checkName(Ljava/lang/String;)Z @ 1

Internal exceptions (10 events):
Event: 802.302 Thread 0x00007f9d566aa000 Threw 0x00000007f325ee28 at /HUDSON/workspace/7u-2-build-macosx-x86_64/jdk7u51/527/hotspot/src/share/vm/classfile/systemDictionary.cpp:185
Event: 802.302 Thread 0x00007f9d566aa000 Threw 0x00000007f32612e8 at /HUDSON/workspace/7u-2-build-macosx-x86_64/jdk7u51/527/hotspot/src/share/vm/prims/jvm.cpp:1244
Event: 802.302 Thread 0x00007f9d566aa000 Threw 0x00000007f3265620 at /HUDSON/workspace/7u-2-build-macosx-x86_64/jdk7u51/527/hotspot/src/share/vm/prims/jvm.cpp:1244
Event: 802.302 Thread 0x00007f9d566aa000 Threw 0x00000007f327d2b0 at /HUDSON/workspace/7u-2-build-macosx-x86_64/jdk7u51/527/hotspot/src/share/vm/prims/jvm.cpp:1244
Event: 802.303 Thread 0x00007f9d566aa000 Threw 0x00000007f329cf08 at /HUDSON/workspace/7u-2-build-macosx-x86_64/jdk7u51/527/hotspot/src/share/vm/prims/jvm.cpp:1244
Event: 802.303 Thread 0x00007f9d566aa000 Threw 0x00000007f32a1358 at /HUDSON/workspace/7u-2-build-macosx-x86_64/jdk7u51/527/hotspot/src/share/vm/prims/jvm.cpp:1244
Event: 802.303 Thread 0x00007f9d566aa000 Threw 0x00000007f32b91c0 at /HUDSON/workspace/7u-2-build-macosx-x86_64/jdk7u51/527/hotspot/src/share/vm/prims/jvm.cpp:1244
Event: 802.303 Thread 0x00007f9d566aa000 Threw 0x00000007f32ee980 at /HUDSON/workspace/7u-2-build-macosx-x86_64/jdk7u51/527/hotspot/src/share/vm/prims/jvm.cpp:1244
Event: 802.303 Thread 0x00007f9d566aa000 Threw 0x00000007f32eeea0 at /HUDSON/workspace/7u-2-build-macosx-x86_64/jdk7u51/527/hotspot/src/share/vm/classfile/systemDictionary.cpp:185
Event: 802.308 Thread 0x00007f9d566aa000 Implicit null exception at 0x00000001045d954c to 0x00000001045d96a9

Events (10 events):
Event: 802.302 loading class 0x00007f9d5905e8b0 done
Event: 802.302 loading class 0x00007f9d5905f480
Event: 802.302 loading class 0x00007f9d5905f480 done
Event: 802.302 loading class 0x00007f9d5905f480
Event: 802.302 loading class 0x00007f9d5905f480 done
Event: 802.303 loading class 0x00007f9d5905f480
Event: 802.303 loading class 0x00007f9d5905f480 done
Event: 802.308 Thread 0x00007f9d566aa000 Uncommon trap: trap_request=0xffffffad fr.pc=0x00000001045d96b8
Event: 802.308 Thread 0x00007f9d566aa000 DEOPT PACKING pc=0x00000001045d96b8 sp=0x000000010eb67390
Event: 802.308 Thread 0x00007f9d566aa000 DEOPT UNPACKING pc=0x000000010438f045 sp=0x000000010eb67358 mode 2


Dynamic libraries:
0x0000000001135000 	/System/Library/Frameworks/Cocoa.framework/Versions/A/Cocoa
0x0000000001135000 	/System/Library/Frameworks/Security.framework/Versions/A/Security
0x0000000001135000 	/System/Library/Frameworks/ApplicationServices.framework/Versions/A/ApplicationServices
0x0000000001135000 	/usr/lib/libz.1.dylib
0x0000000001135000 	/usr/lib/libSystem.B.dylib
0x0000000001135000 	/usr/lib/libobjc.A.dylib
0x0000000001135000 	/System/Library/Frameworks/CoreFoundation.framework/Versions/A/CoreFoundation
0x0000000001135000 	/System/Library/Frameworks/Foundation.framework/Versions/C/Foundation
0x0000000001135000 	/System/Library/Frameworks/AppKit.framework/Versions/C/AppKit
0x0000000001135000 	/System/Library/Frameworks/CoreData.framework/Versions/A/CoreData
0x0000000001135000 	/System/Library/PrivateFrameworks/RemoteViewServices.framework/Versions/A/RemoteViewServices
0x0000000001135000 	/System/Library/Frameworks/AudioToolbox.framework/Versions/A/AudioToolbox
0x0000000001135000 	/System/Library/Frameworks/AudioUnit.framework/Versions/A/AudioUnit
0x0000000001135000 	/System/Library/PrivateFrameworks/DataDetectorsCore.framework/Versions/A/DataDetectorsCore
0x0000000001135000 	/System/Library/PrivateFrameworks/DesktopServicesPriv.framework/Versions/A/DesktopServicesPriv
0x0000000001135000 	/System/Library/Frameworks/Carbon.framework/Versions/A/Frameworks/HIToolbox.framework/Versions/A/HIToolbox
0x0000000001135000 	/System/Library/Frameworks/QuartzCore.framework/Versions/A/QuartzCore
0x0000000001135000 	/System/Library/Frameworks/Carbon.framework/Versions/A/Frameworks/SpeechRecognition.framework/Versions/A/SpeechRecognition
0x0000000001135000 	/usr/lib/libauto.dylib
0x0000000001135000 	/usr/lib/libicucore.A.dylib
0x0000000001135000 	/usr/lib/libxml2.2.dylib
0x0000000001135000 	/System/Library/PrivateFrameworks/CoreUI.framework/Versions/A/CoreUI
0x0000000001135000 	/System/Library/Frameworks/CoreAudio.framework/Versions/A/CoreAudio
0x0000000001135000 	/System/Library/Frameworks/DiskArbitration.framework/Versions/A/DiskArbitration
0x0000000001135000 	/usr/lib/liblangid.dylib
0x0000000001135000 	/System/Library/PrivateFrameworks/MultitouchSupport.framework/Versions/A/MultitouchSupport
0x0000000001135000 	/System/Library/Frameworks/IOKit.framework/Versions/A/IOKit
0x0000000001135000 	/usr/lib/libDiagnosticMessagesClient.dylib
0x0000000001135000 	/System/Library/Frameworks/CoreServices.framework/Versions/A/CoreServices
0x0000000001135000 	/System/Library/PrivateFrameworks/PerformanceAnalysis.framework/Versions/A/PerformanceAnalysis
0x0000000001135000 	/System/Library/PrivateFrameworks/GenerationalStorage.framework/Versions/A/GenerationalStorage
0x0000000001135000 	/System/Library/Frameworks/OpenGL.framework/Versions/A/OpenGL
0x0000000001135000 	/System/Library/PrivateFrameworks/Sharing.framework/Versions/A/Sharing
0x0000000001135000 	/System/Library/Frameworks/ImageIO.framework/Versions/A/ImageIO
0x0000000001135000 	/System/Library/Frameworks/CoreText.framework/Versions/A/CoreText
0x0000000001135000 	/System/Library/Frameworks/CoreGraphics.framework/Versions/A/CoreGraphics
0x0000000001135000 	/System/Library/PrivateFrameworks/Backup.framework/Versions/A/Backup
0x0000000001135000 	/System/Library/Frameworks/CFNetwork.framework/Versions/A/CFNetwork
0x0000000001135000 	/System/Library/Frameworks/SystemConfiguration.framework/Versions/A/SystemConfiguration
0x0000000001135000 	/usr/lib/libCRFSuite.dylib
0x0000000001135000 	/usr/lib/libc++.1.dylib
0x0000000001135000 	/usr/lib/libc++abi.dylib
0x0000000001135000 	/usr/lib/system/libcache.dylib
0x0000000001135000 	/usr/lib/system/libcommonCrypto.dylib
0x0000000001135000 	/usr/lib/system/libcompiler_rt.dylib
0x0000000001135000 	/usr/lib/system/libcopyfile.dylib
0x0000000001135000 	/usr/lib/system/libcorecrypto.dylib
0x0000000001135000 	/usr/lib/system/libdispatch.dylib
0x0000000001135000 	/usr/lib/system/libdyld.dylib
0x0000000001135000 	/usr/lib/system/libkeymgr.dylib
0x0000000001135000 	/usr/lib/system/liblaunch.dylib
0x0000000001135000 	/usr/lib/system/libmacho.dylib
0x0000000001135000 	/usr/lib/system/libquarantine.dylib
0x0000000001135000 	/usr/lib/system/libremovefile.dylib
0x0000000001135000 	/usr/lib/system/libsystem_asl.dylib
0x0000000001135000 	/usr/lib/system/libsystem_blocks.dylib
0x0000000001135000 	/usr/lib/system/libsystem_c.dylib
0x0000000001135000 	/usr/lib/system/libsystem_configuration.dylib
0x0000000001135000 	/usr/lib/system/libsystem_dnssd.dylib
0x0000000001135000 	/usr/lib/system/libsystem_info.dylib
0x0000000001135000 	/usr/lib/system/libsystem_kernel.dylib
0x0000000001135000 	/usr/lib/system/libsystem_m.dylib
0x0000000001135000 	/usr/lib/system/libsystem_malloc.dylib
0x0000000001135000 	/usr/lib/system/libsystem_network.dylib
0x0000000001135000 	/usr/lib/system/libsystem_notify.dylib
0x0000000001135000 	/usr/lib/system/libsystem_platform.dylib
0x0000000001135000 	/usr/lib/system/libsystem_pthread.dylib
0x0000000001135000 	/usr/lib/system/libsystem_sandbox.dylib
0x0000000001135000 	/usr/lib/system/libsystem_stats.dylib
0x0000000001135000 	/usr/lib/system/libunc.dylib
0x0000000001135000 	/usr/lib/system/libunwind.dylib
0x0000000001135000 	/usr/lib/system/libxpc.dylib
0x0000000001135000 	/usr/lib/libbsm.0.dylib
0x0000000001135000 	/usr/lib/libsqlite3.dylib
0x0000000001135000 	/usr/lib/libxar.1.dylib
0x0000000001135000 	/usr/lib/libpam.2.dylib
0x0000000001135000 	/usr/lib/libOpenScriptingUtil.dylib
0x0000000001135000 	/usr/lib/libbz2.1.0.dylib
0x0000000001135000 	/System/Library/Frameworks/CoreServices.framework/Versions/A/Frameworks/CarbonCore.framework/Versions/A/CarbonCore
0x0000000001135000 	/System/Library/Frameworks/CoreServices.framework/Versions/A/Frameworks/Metadata.framework/Versions/A/Metadata
0x0000000001135000 	/System/Library/Frameworks/CoreServices.framework/Versions/A/Frameworks/OSServices.framework/Versions/A/OSServices
0x0000000001135000 	/System/Library/Frameworks/CoreServices.framework/Versions/A/Frameworks/SearchKit.framework/Versions/A/SearchKit
0x0000000001135000 	/System/Library/Frameworks/CoreServices.framework/Versions/A/Frameworks/AE.framework/Versions/A/AE
0x0000000001135000 	/System/Library/Frameworks/CoreServices.framework/Versions/A/Frameworks/LaunchServices.framework/Versions/A/LaunchServices
0x0000000001135000 	/System/Library/Frameworks/CoreServices.framework/Versions/A/Frameworks/DictionaryServices.framework/Versions/A/DictionaryServices
0x0000000001135000 	/System/Library/Frameworks/NetFS.framework/Versions/A/NetFS
0x0000000001135000 	/usr/lib/system/libkxld.dylib
0x0000000001135000 	/System/Library/PrivateFrameworks/NetAuth.framework/Versions/A/NetAuth
0x0000000001135000 	/System/Library/PrivateFrameworks/TCC.framework/Versions/A/TCC
0x0000000001135000 	/System/Library/Frameworks/OpenDirectory.framework/Versions/A/Frameworks/CFOpenDirectory.framework/Versions/A/CFOpenDirectory
0x0000000001135000 	/System/Library/Frameworks/ServiceManagement.framework/Versions/A/ServiceManagement
0x0000000001135000 	/usr/lib/libxslt.1.dylib
0x0000000001135000 	/System/Library/Frameworks/Carbon.framework/Versions/A/Frameworks/Ink.framework/Versions/A/Ink
0x0000000001135000 	/System/Library/Frameworks/ApplicationServices.framework/Versions/A/Frameworks/ATS.framework/Versions/A/ATS
0x0000000001135000 	/System/Library/Frameworks/ApplicationServices.framework/Versions/A/Frameworks/ColorSync.framework/Versions/A/ColorSync
0x0000000001135000 	/System/Library/Frameworks/ApplicationServices.framework/Versions/A/Frameworks/HIServices.framework/Versions/A/HIServices
0x0000000001135000 	/System/Library/Frameworks/ApplicationServices.framework/Versions/A/Frameworks/LangAnalysis.framework/Versions/A/LangAnalysis
0x0000000001135000 	/System/Library/Frameworks/ApplicationServices.framework/Versions/A/Frameworks/PrintCore.framework/Versions/A/PrintCore
0x0000000001135000 	/System/Library/Frameworks/ApplicationServices.framework/Versions/A/Frameworks/QD.framework/Versions/A/QD
0x0000000001135000 	/System/Library/Frameworks/ApplicationServices.framework/Versions/A/Frameworks/SpeechSynthesis.framework/Versions/A/SpeechSynthesis
0x0000000001135000 	/System/Library/Frameworks/IOSurface.framework/Versions/A/IOSurface
0x0000000001135000 	/System/Library/Frameworks/Accelerate.framework/Versions/A/Accelerate
0x0000000001135000 	/System/Library/Frameworks/Accelerate.framework/Versions/A/Frameworks/vImage.framework/Versions/A/vImage
0x0000000001135000 	/System/Library/Frameworks/Accelerate.framework/Versions/A/Frameworks/vecLib.framework/Versions/A/vecLib
0x0000000001135000 	/System/Library/Frameworks/Accelerate.framework/Versions/A/Frameworks/vecLib.framework/Versions/A/libvDSP.dylib
0x0000000001135000 	/System/Library/Frameworks/Accelerate.framework/Versions/A/Frameworks/vecLib.framework/Versions/A/libvMisc.dylib
0x0000000001135000 	/System/Library/Frameworks/Accelerate.framework/Versions/A/Frameworks/vecLib.framework/Versions/A/libLAPACK.dylib
0x0000000001135000 	/System/Library/Frameworks/Accelerate.framework/Versions/A/Frameworks/vecLib.framework/Versions/A/libBLAS.dylib
0x0000000001135000 	/System/Library/Frameworks/ApplicationServices.framework/Versions/A/Frameworks/ATS.framework/Versions/A/Resources/libFontParser.dylib
0x0000000001135000 	/System/Library/Frameworks/ApplicationServices.framework/Versions/A/Frameworks/ATS.framework/Versions/A/Resources/libFontRegistry.dylib
0x0000000001135000 	/System/Library/Frameworks/ImageIO.framework/Versions/A/Resources/libJPEG.dylib
0x0000000001135000 	/System/Library/Frameworks/ImageIO.framework/Versions/A/Resources/libTIFF.dylib
0x0000000001135000 	/System/Library/Frameworks/ImageIO.framework/Versions/A/Resources/libPng.dylib
0x0000000001135000 	/System/Library/Frameworks/ImageIO.framework/Versions/A/Resources/libGIF.dylib
0x0000000001135000 	/System/Library/Frameworks/ImageIO.framework/Versions/A/Resources/libJP2.dylib
0x0000000001135000 	/System/Library/Frameworks/ImageIO.framework/Versions/A/Resources/libRadiance.dylib
0x0000000001135000 	/usr/lib/libcups.2.dylib
0x0000000001135000 	/System/Library/Frameworks/Kerberos.framework/Versions/A/Kerberos
0x0000000001135000 	/System/Library/Frameworks/GSS.framework/Versions/A/GSS
0x0000000001135000 	/usr/lib/libresolv.9.dylib
0x0000000001135000 	/usr/lib/libiconv.2.dylib
0x0000000001135000 	/System/Library/PrivateFrameworks/Heimdal.framework/Versions/A/Heimdal
0x0000000001135000 	/System/Library/PrivateFrameworks/TrustEvaluationAgent.framework/Versions/A/TrustEvaluationAgent
0x0000000001135000 	/usr/lib/libheimdal-asn1.dylib
0x0000000001135000 	/System/Library/Frameworks/OpenDirectory.framework/Versions/A/OpenDirectory
0x0000000001135000 	/System/Library/PrivateFrameworks/CommonAuth.framework/Versions/A/CommonAuth
0x0000000001135000 	/System/Library/Frameworks/SecurityFoundation.framework/Versions/A/SecurityFoundation
0x0000000001135000 	/System/Library/PrivateFrameworks/Bom.framework/Versions/A/Bom
0x0000000001135000 	/System/Library/Frameworks/CoreVideo.framework/Versions/A/CoreVideo
0x0000000001135000 	/System/Library/Frameworks/QuartzCore.framework/Versions/A/Frameworks/CoreImage.framework/Versions/A/CoreImage
0x0000000001135000 	/System/Library/Frameworks/QuartzCore.framework/Versions/A/Frameworks/ScalableUserInterface.framework/Versions/A/ScalableUserInterface
0x0000000001135000 	/System/Library/Frameworks/OpenGL.framework/Versions/A/Libraries/libGLU.dylib
0x0000000001135000 	/System/Library/Frameworks/OpenGL.framework/Versions/A/Libraries/libGFXShared.dylib
0x0000000001135000 	/System/Library/Frameworks/OpenGL.framework/Versions/A/Libraries/libGL.dylib
0x0000000001135000 	/System/Library/Frameworks/OpenGL.framework/Versions/A/Libraries/libGLImage.dylib
0x0000000001135000 	/System/Library/Frameworks/OpenGL.framework/Versions/A/Libraries/libCVMSPluginSupport.dylib
0x0000000001135000 	/System/Library/Frameworks/OpenGL.framework/Versions/A/Libraries/libCoreVMClient.dylib
0x0000000001135000 	/System/Library/PrivateFrameworks/FaceCore.framework/Versions/A/FaceCore
0x0000000001135000 	/System/Library/PrivateFrameworks/CrashReporterSupport.framework/Versions/A/CrashReporterSupport
0x0000000001135000 	/System/Library/Frameworks/OpenCL.framework/Versions/A/OpenCL
0x0000000001135000 	/System/Library/PrivateFrameworks/AppleFSCompression.framework/Versions/A/AppleFSCompression
0x0000000001135000 	/System/Library/PrivateFrameworks/Ubiquity.framework/Versions/A/Ubiquity
0x0000000001135000 	/System/Library/PrivateFrameworks/IconServices.framework/Versions/A/IconServices
0x0000000001135000 	/System/Library/PrivateFrameworks/ChunkingLibrary.framework/Versions/A/ChunkingLibrary
0x0000000001135000 	/System/Library/PrivateFrameworks/CoreSymbolication.framework/Versions/A/CoreSymbolication
0x0000000001135000 	/System/Library/PrivateFrameworks/Symbolication.framework/Versions/A/Symbolication
0x0000000001135000 	/System/Library/PrivateFrameworks/DebugSymbols.framework/Versions/A/DebugSymbols
0x0000000103800000 	/Library/Java/JavaVirtualMachines/jdk1.7.0_51.jdk/Contents/Home/jre/lib/server/libjvm.dylib
0x0000000001135000 	/usr/lib/libstdc++.6.dylib
0x000000010274d000 	/Library/Java/JavaVirtualMachines/jdk1.7.0_51.jdk/Contents/Home/jre/lib/libverify.dylib
0x000000010275a000 	/Library/Java/JavaVirtualMachines/jdk1.7.0_51.jdk/Contents/Home/jre/lib/libjava.dylib
0x000000010278b000 	/Library/Java/JavaVirtualMachines/jdk1.7.0_51.jdk/Contents/Home/jre/lib/libinstrument.dylib
0x00000001027e6000 	/Library/Java/JavaVirtualMachines/jdk1.7.0_51.jdk/Contents/Home/jre/lib/libzip.dylib
0x000000010c3da000 	/System/Library/Frameworks/JavaVM.framework/Frameworks/JavaRuntimeSupport.framework/JavaRuntimeSupport
0x000000010c3f2000 	/System/Library/Frameworks/JavaVM.framework/Versions/A/Frameworks/JavaNativeFoundation.framework/Versions/A/JavaNativeFoundation
0x00000001027ef000 	/System/Library/Frameworks/JavaVM.framework/Versions/A/JavaVM
0x0000000001135000 	/System/Library/Frameworks/Carbon.framework/Versions/A/Carbon
0x000000010c407000 	/System/Library/PrivateFrameworks/JavaLaunching.framework/Versions/A/JavaLaunching
0x0000000001135000 	/System/Library/Frameworks/Carbon.framework/Versions/A/Frameworks/CommonPanels.framework/Versions/A/CommonPanels
0x0000000001135000 	/System/Library/Frameworks/Carbon.framework/Versions/A/Frameworks/Help.framework/Versions/A/Help
0x0000000001135000 	/System/Library/Frameworks/Carbon.framework/Versions/A/Frameworks/ImageCapture.framework/Versions/A/ImageCapture
0x0000000001135000 	/System/Library/Frameworks/Carbon.framework/Versions/A/Frameworks/OpenScripting.framework/Versions/A/OpenScripting
0x0000000001135000 	/System/Library/Frameworks/Carbon.framework/Versions/A/Frameworks/Print.framework/Versions/A/Print
0x0000000001135000 	/System/Library/Frameworks/Carbon.framework/Versions/A/Frameworks/SecurityHI.framework/Versions/A/SecurityHI
0x000000010cdc2000 	/private/var/folders/l2/9tzjxt_n5r971h5b_s9khd6h0000gn/T/libjansi-64-3264460240318234907.jnilib
0x000000010cc1a000 	/Library/Java/JavaVirtualMachines/jdk1.7.0_51.jdk/Contents/Home/jre/lib/libnet.dylib
0x000000010ccf4000 	/Library/Java/JavaVirtualMachines/jdk1.7.0_51.jdk/Contents/Home/jre/lib/libnio.dylib
0x000000010cc31000 	/Library/Java/JavaVirtualMachines/jdk1.7.0_51.jdk/Contents/Home/jre/lib/libmanagement.dylib

VM Arguments:
jvm_args: -Dfile.encoding=UTF-8 -Xmx768M -Xms64M -XX:MaxPermSize=256m -Dgrails.fork.parent.process.port=61045 -Dgrails.fork.active=true -Dgrails.build.execution.context=/private/var/folders/l2/9tzjxt_n5r971h5b_s9khd6h0000gn/T/grails-vaadin7-core-demo6225196144651672553grails-execution-context -Dgrails.home=/Users/grs/.gvm/grails/2.4.2 -javaagent:/Users/grs/.gvm/grails/2.4.2/lib/org.springframework/springloaded/jars/springloaded-1.2.0.RELEASE.jar -Xverify:none -Dspringloaded.synchronize=true -Djdk.reflect.allowGetCallerClass=true -Dspringloaded=profile=grails;cacheDir=/Users/grs/.grails/2.4.2 
java_command: org.grails.plugins.tomcat.fork.ForkedTomcatServer
Launcher Type: SUN_STANDARD

Environment Variables:
JAVA_HOME=/Library/Java/JavaVirtualMachines/jdk1.7.0_51.jdk/Contents/Home
PATH=/Users/grs/.gvm/vertx/current/bin:/Users/grs/.gvm/springboot/current/bin:/Users/grs/.gvm/lazybones/current/bin:/Users/grs/.gvm/jbake/current/bin:/Users/grs/.gvm/groovyserv/current/bin:/Users/grs/.gvm/groovy/current/bin:/Users/grs/.gvm/griffon/current/bin:/Users/grs/.gvm/grails/current/bin:/Users/grs/.gvm/gradle/current/bin:/Users/grs/.gvm/glide/current/bin:/Users/grs/.gvm/gaiden/current/bin:/Users/grs/.gvm/crash/current/bin:/opt/local/bin:/opt/local/sbin:/usr/bin:/bin:/usr/sbin:/sbin:/usr/local/bin
SHELL=/bin/bash

Signal Handlers:
SIGSEGV: [libjvm.dylib+0x525425], sa_mask[0]=0xfffefeff, sa_flags=0x00000043
SIGBUS: [libjvm.dylib+0x525425], sa_mask[0]=0xfffefeff, sa_flags=0x00000042
SIGFPE: [libjvm.dylib+0x41892a], sa_mask[0]=0xfffefeff, sa_flags=0x00000042
SIGPIPE: [libjvm.dylib+0x41892a], sa_mask[0]=0xfffefeff, sa_flags=0x00000042
SIGXFSZ: [libjvm.dylib+0x41892a], sa_mask[0]=0xfffefeff, sa_flags=0x00000042
SIGILL: [libjvm.dylib+0x41892a], sa_mask[0]=0xfffefeff, sa_flags=0x00000042
SIGUSR1: SIG_DFL, sa_mask[0]=0x00000000, sa_flags=0x00000002
SIGUSR2: [libjvm.dylib+0x41841c], sa_mask[0]=0x00000004, sa_flags=0x00000042
SIGHUP: [libjvm.dylib+0x4166ab], sa_mask[0]=0xfffefeff, sa_flags=0x00000042
SIGINT: [libjvm.dylib+0x4166ab], sa_mask[0]=0xfffefeff, sa_flags=0x00000042
SIGTERM: [libjvm.dylib+0x4166ab], sa_mask[0]=0xfffefeff, sa_flags=0x00000042
SIGQUIT: [libjvm.dylib+0x4166ab], sa_mask[0]=0xfffefeff, sa_flags=0x00000042


---------------  S Y S T E M  ---------------

OS:Bsduname:Darwin 13.4.0 Darwin Kernel Version 13.4.0: Sun Aug 17 19:50:11 PDT 2014; root:xnu-2422.115.4~1/RELEASE_X86_64 x86_64
rlimit: STACK 8192k, CORE 0k, NPROC 709, NOFILE 10240, AS infinity
load average:1.74 1.75 1.83

CPU:total 8 (4 cores per cpu, 2 threads per core) family 6 model 70 stepping 1, cmov, cx8, fxsr, mmx, sse, sse2, sse3, ssse3, sse4.1, sse4.2, popcnt, avx, avx2, aes, erms, ht, tsc, tscinvbit

Memory: 4k page, physical 16777216k(4194304k free)

/proc/meminfo:


vm_info: Java HotSpot(TM) 64-Bit Server VM (24.51-b03) for bsd-amd64 JRE (1.7.0_51-b13), built on Dec 18 2013 18:45:56 by "java_re" with gcc 4.2.1 (Based on Apple Inc. build 5658) (LLVM build 2336.11.00)

time: Thu Nov 27 15:38:04 2014
elapsed time: 802 seconds

