#
# A fatal error has been detected by the Java Runtime Environment:
#
#  Internal Error (sharedRuntime.cpp:519), pid=5968, tid=33027
#  Error: ShouldNotReachHere()
#
# JRE version: Java(TM) SE Runtime Environment (7.0_51-b13) (build 1.7.0_51-b13)
# Java VM: Java HotSpot(TM) 64-Bit Server VM (24.51-b03 mixed mode bsd-amd64 compressed oops)
# Failed to write core dump. Core dumps have been disabled. To enable core dumping, try "ulimit -c unlimited" before starting Java again
#
# If you would like to submit a bug report, please visit:
#   http://bugreport.sun.com/bugreport/crash.jsp
#

---------------  T H R E A D  ---------------

Current thread (0x00007fdfa6a96000):  JavaThread "FileSystemWatcher: files=#6 cl=groovy.lang.GroovyClassLoader@3a416469" daemon [_thread_in_Java, id=33027, stack(0x00000001147e0000,0x00000001148e0000)]

Stack: [0x00000001147e0000,0x00000001148e0000],  sp=0x00000001148ded60,  free space=1019k
Native frames: (J=compiled Java code, j=interpreted, Vv=VM code, C=native code)
V  [libjvm.dylib+0x524ef9]  VMError::report_and_die()+0x5d5
V  [libjvm.dylib+0x1ec18d]  report_vm_error(char const*, int, char const*, char const*)+0x54
V  [libjvm.dylib+0x473737]  SharedRuntime::raw_exception_handler_for_return_address(JavaThread*, unsigned char*)+0x15b
j  com.vaadin.grails.server.MappingsProvider$$EOwpHL4i.___clinit___()V+-517922400
V  [libjvm.dylib+0x2d6bb0]  JavaCalls::call_helper(JavaValue*, methodHandle*, JavaCallArguments*, Thread*)+0x22a
V  [libjvm.dylib+0x2d6980]  JavaCalls::call(JavaValue*, methodHandle, JavaCallArguments*, Thread*)+0x28
V  [libjvm.dylib+0x460590]  Reflection::invoke(instanceKlassHandle, methodHandle, Handle, bool, objArrayHandle, BasicType, objArrayHandle, bool, Thread*)+0x9fc
V  [libjvm.dylib+0x4609f6]  Reflection::invoke_method(oopDesc*, Handle, objArrayHandle, Thread*)+0x16e
V  [libjvm.dylib+0x3234f7]  JVM_InvokeMethod+0x166
j  sun.reflect.NativeMethodAccessorImpl.invoke0(Ljava/lang/reflect/Method;Ljava/lang/Object;[Ljava/lang/Object;)Ljava/lang/Object;+0
j  sun.reflect.NativeMethodAccessorImpl.invoke(Ljava/lang/Object;[Ljava/lang/Object;)Ljava/lang/Object;+87


---------------  P R O C E S S  ---------------

Java Threads: ( => current thread )
  0x00007fdfa4a06800 JavaThread "FileSystemWatcher: files=#5 cl=groovy.lang.GroovyClassLoader@3da45b7c" daemon [_thread_blocked, id=34051, stack(0x00000001148e3000,0x00000001149e3000)]
  0x00007fdfa83d1800 JavaThread "FileSystemWatcher: files=#6 cl=groovy.lang.GroovyClassLoader@6e44a05e" daemon [_thread_blocked, id=33539, stack(0x00000001144ed000,0x00000001145ed000)]
=>0x00007fdfa6a96000 JavaThread "FileSystemWatcher: files=#6 cl=groovy.lang.GroovyClassLoader@3a416469" daemon [_thread_in_Java, id=33027, stack(0x00000001147e0000,0x00000001148e0000)]
  0x00007fdfa7b23800 JavaThread "FileSystemWatcher: files=#6 cl=groovy.lang.GroovyClassLoader@77acc231" daemon [_thread_blocked, id=32515, stack(0x00000001146dd000,0x00000001147dd000)]
  0x00007fdfa7e97000 JavaThread "FileSystemWatcher: files=#6 cl=groovy.lang.GroovyClassLoader@5a571936" daemon [_thread_blocked, id=32003, stack(0x00000001143ea000,0x00000001144ea000)]
  0x00007fdfa7e5c000 JavaThread "FileSystemWatcher: files=#6 cl=groovy.lang.GroovyClassLoader@4d9d97a7" daemon [_thread_blocked, id=31491, stack(0x00000001141d7000,0x00000001142d7000)]
  0x00007fdfa88c8800 JavaThread "FileSystemWatcher: files=#7 cl=groovy.lang.GroovyClassLoader@2a63d6ef" daemon [_thread_blocked, id=30979, stack(0x00000001140d4000,0x00000001141d4000)]
  0x00007fdfa87ed000 JavaThread "FileSystemWatcher: files=#7 cl=groovy.lang.GroovyClassLoader@73d37dad" daemon [_thread_blocked, id=30467, stack(0x0000000113c2a000,0x0000000113d2a000)]
  0x00007fdfa7e6a000 JavaThread "FileSystemWatcher: files=#6 cl=groovy.lang.GroovyClassLoader@14bbebc" daemon [_thread_blocked, id=29955, stack(0x0000000113b27000,0x0000000113c27000)]
  0x00007fdfa77dc800 JavaThread "FileSystemWatcher: files=#7 cl=groovy.lang.GroovyClassLoader@30887d5a" daemon [_thread_blocked, id=29443, stack(0x0000000113a24000,0x0000000113b24000)]
  0x00007fdfa87ed800 JavaThread "FileSystemWatcher: files=#5 cl=groovy.lang.GroovyClassLoader@4b7abc0c" daemon [_thread_blocked, id=28171, stack(0x000000011325b000,0x000000011335b000)]
  0x00007fdfa7470800 JavaThread "FileSystemWatcher: files=#5 cl=groovy.lang.GroovyClassLoader@1180f6f8" daemon [_thread_blocked, id=25615, stack(0x0000000113921000,0x0000000113a21000)]
  0x00007fdfa4896800 JavaThread "FileSystemWatcher: files=#6 cl=groovy.lang.GroovyClassLoader@2a804be" daemon [_thread_blocked, id=15115, stack(0x0000000112adb000,0x0000000112bdb000)]
  0x00007fdfa48fe000 JavaThread "FileSystemWatcher: files=#6 cl=groovy.lang.GroovyClassLoader@436b2c9f" daemon [_thread_blocked, id=28431, stack(0x0000000112705000,0x0000000112805000)]
  0x00007fdfa8009000 JavaThread "Thread-13" daemon [_thread_blocked, id=28931, stack(0x0000000113e69000,0x0000000113f69000)]
  0x00007fdfa5788000 JavaThread "Thread-12" [_thread_in_native, id=27147, stack(0x0000000113679000,0x0000000113779000)]
  0x00007fdfa532a800 JavaThread "Thread-11" [_thread_in_native, id=26123, stack(0x000000011242a000,0x000000011252a000)]
  0x00007fdfa8878800 JavaThread "Thread-9" [_thread_in_native, id=25867, stack(0x0000000113d66000,0x0000000113e66000)]
  0x00007fdfa5211800 JavaThread "Thread-8" [_thread_blocked, id=25355, stack(0x000000011381e000,0x000000011391e000)]
  0x00007fdfa7009000 JavaThread "FileSystemWatcher: files=#108 cl=java.net.URLClassLoader@254f8230" daemon [_thread_blocked, id=24835, stack(0x000000011340e000,0x000000011350e000)]
  0x00007fdfa5d51800 JavaThread "Synchronizer (Spring UAA/1.0.1)" daemon [_thread_blocked, id=24331, stack(0x00000001128e2000,0x00000001129e2000)]
  0x00007fdfa4c07800 JavaThread "Timer-0" daemon [_thread_blocked, id=23811, stack(0x0000000113576000,0x0000000113676000)]
  0x00007fdfa5a10800 JavaThread "NonBlockingInputStreamThread" daemon [_thread_blocked, id=23299, stack(0x0000000111eb4000,0x0000000111fb4000)]
  0x00007fdfa2913800 JavaThread "process reaper" daemon [_thread_in_native, id=22787, stack(0x0000000111e86000,0x0000000111eae000)]
  0x00007fdfa585c000 JavaThread "Monitor Ctrl-Break" daemon [_thread_in_native, id=22275, stack(0x00000001119ef000,0x0000000111aef000)]
  0x00007fdfa287d000 JavaThread "Service Thread" daemon [_thread_blocked, id=21251, stack(0x0000000111775000,0x0000000111875000)]
  0x00007fdfa4810000 JavaThread "C2 CompilerThread1" daemon [_thread_blocked, id=20739, stack(0x0000000111672000,0x0000000111772000)]
  0x00007fdfa5806000 JavaThread "C2 CompilerThread0" daemon [_thread_blocked, id=20227, stack(0x000000011156f000,0x000000011166f000)]
  0x00007fdfa285f800 JavaThread "Signal Dispatcher" daemon [_thread_blocked, id=19715, stack(0x00000001113a8000,0x00000001114a8000)]
  0x00007fdfa2845000 JavaThread "Finalizer" daemon [_thread_blocked, id=14595, stack(0x0000000111159000,0x0000000111259000)]
  0x00007fdfa2842000 JavaThread "Reference Handler" daemon [_thread_blocked, id=14083, stack(0x0000000111056000,0x0000000111156000)]
  0x00007fdfa4801000 JavaThread "main" [_thread_blocked, id=6403, stack(0x0000000109054000,0x0000000109154000)]

Other Threads:
  0x00007fdfa2841800 VMThread [stack: 0x0000000110f53000,0x0000000111053000] [id=13571]
  0x00007fdfa4811000 WatcherThread [stack: 0x0000000111878000,0x0000000111978000] [id=21763]

VM state:not at safepoint (normal execution)

VM Mutex/Monitor currently owned by a thread: None

Heap
 PSYoungGen      total 248320K, used 95101K [0x00000007f0000000, 0x0000000800000000, 0x0000000800000000)
  eden space 233984K, 37% used [0x00000007f0000000,0x00000007f561ee88,0x00000007fe480000)
  from space 14336K, 48% used [0x00000007ff200000,0x00000007ff8c0780,0x0000000800000000)
  to   space 13824K, 0% used [0x00000007fe480000,0x00000007fe480000,0x00000007ff200000)
 ParOldGen       total 524288K, used 73333K [0x00000007d0000000, 0x00000007f0000000, 0x00000007f0000000)
  object space 524288K, 13% used [0x00000007d0000000,0x00000007d479d568,0x00000007f0000000)
 PSPermGen       total 262144K, used 46261K [0x00000007c0000000, 0x00000007d0000000, 0x00000007d0000000)
  object space 262144K, 17% used [0x00000007c0000000,0x00000007c2d2d6b8,0x00000007d0000000)

Card table byte_map: [0x000000010c297000,0x000000010c498000] byte_map_base: 0x0000000108497000

Polling page: 0x00000001075e1000

Code Cache  [0x00000001091d7000, 0x0000000109907000, 0x000000010c1d7000)
 total_blobs=2218 nmethods=1638 adapters=533 free_code_cache=42028Kb largest_free_block=42809216

Compilation events (10 events):
Event: 813.387 Thread 0x00007fdfa5806000 nmethod 1835 0x00000001098d7410 code [0x00000001098d7b40, 0x00000001098dcaa0]
Event: 813.388 Thread 0x00007fdfa5806000 1838             org.codehaus.groovy.ast.ClassNode::isArray (13 bytes)
Event: 813.388 Thread 0x00007fdfa5806000 nmethod 1838 0x00000001098a0d50 code [0x00000001098a0e80, 0x00000001098a0ef8]
Event: 813.388 Thread 0x00007fdfa5806000 1839             org.codehaus.groovy.classgen.asm.OptimizingStatementWriter$OptimizeFlagsCollector::pop (74 bytes)
Event: 813.392 Thread 0x00007fdfa5806000 nmethod 1839 0x00000001098a0750 code [0x00000001098a08a0, 0x00000001098a0b78]
Event: 813.393 Thread 0x00007fdfa5806000 1840  s          org.apache.tools.ant.PropertyHelper::getPropertyHelper (48 bytes)
Event: 813.418 Thread 0x00007fdfa5806000 nmethod 1840 0x00000001098e1390 code [0x00000001098e17a0, 0x00000001098e3f88]
Event: 813.419 Thread 0x00007fdfa5806000 1841             org.apache.tools.ant.types.Path$PathElement::iterator (20 bytes)
Event: 813.421 Thread 0x00007fdfa5806000 nmethod 1841 0x00000001098b5f90 code [0x00000001098b60e0, 0x00000001098b62f8]
Event: 813.443 Thread 0x00007fdfa4810000 nmethod 1837 0x00000001098ee810 code [0x00000001098f00c0, 0x00000001098f7518]

GC Heap History (10 events):
Event: 184.392 GC heap before
{Heap before GC invocations=20 (full 0):
 PSYoungGen      total 244736K, used 234337K [0x00000007f0000000, 0x0000000800000000, 0x0000000800000000)
  eden space 227840K, 100% used [0x00000007f0000000,0x00000007fde80000,0x00000007fde80000)
  from space 16896K, 38% used [0x00000007fde80000,0x00000007fe4d8460,0x00000007fef00000)
  to   space 16384K, 0% used [0x00000007ff000000,0x00000007ff000000,0x0000000800000000)
 ParOldGen       total 524288K, used 62566K [0x00000007d0000000, 0x00000007f0000000, 0x00000007f0000000)
  object space 524288K, 11% used [0x00000007d0000000,0x00000007d3d19858,0x00000007f0000000)
 PSPermGen       total 262144K, used 44016K [0x00000007c0000000, 0x00000007d0000000, 0x00000007d0000000)
  object space 262144K, 16% used [0x00000007c0000000,0x00000007c2afc0f8,0x00000007d0000000)
Event: 184.398 GC heap after
Heap after GC invocations=20 (full 0):
 PSYoungGen      total 246272K, used 6398K [0x00000007f0000000, 0x0000000800000000, 0x0000000800000000)
  eden space 229888K, 0% used [0x00000007f0000000,0x00000007f0000000,0x00000007fe080000)
  from space 16384K, 39% used [0x00000007ff000000,0x00000007ff63f910,0x0000000800000000)
  to   space 15872K, 0% used [0x00000007fe080000,0x00000007fe080000,0x00000007ff000000)
 ParOldGen       total 524288K, used 64628K [0x00000007d0000000, 0x00000007f0000000, 0x00000007f0000000)
  object space 524288K, 12% used [0x00000007d0000000,0x00000007d3f1d168,0x00000007f0000000)
 PSPermGen       total 262144K, used 44016K [0x00000007c0000000, 0x00000007d0000000, 0x00000007d0000000)
  object space 262144K, 16% used [0x00000007c0000000,0x00000007c2afc0f8,0x00000007d0000000)
}
Event: 217.865 GC heap before
{Heap before GC invocations=21 (full 0):
 PSYoungGen      total 246272K, used 230702K [0x00000007f0000000, 0x0000000800000000, 0x0000000800000000)
  eden space 229888K, 97% used [0x00000007f0000000,0x00000007fdb0bf28,0x00000007fe080000)
  from space 16384K, 39% used [0x00000007ff000000,0x00000007ff63f910,0x0000000800000000)
  to   space 15872K, 0% used [0x00000007fe080000,0x00000007fe080000,0x00000007ff000000)
 ParOldGen       total 524288K, used 64628K [0x00000007d0000000, 0x00000007f0000000, 0x00000007f0000000)
  object space 524288K, 12% used [0x00000007d0000000,0x00000007d3f1d168,0x00000007f0000000)
 PSPermGen       total 262144K, used 44217K [0x00000007c0000000, 0x00000007d0000000, 0x00000007d0000000)
  object space 262144K, 16% used [0x00000007c0000000,0x00000007c2b2e798,0x00000007d0000000)
Event: 217.871 GC heap after
Heap after GC invocations=21 (full 0):
 PSYoungGen      total 245760K, used 6575K [0x00000007f0000000, 0x0000000800000000, 0x0000000800000000)
  eden space 229888K, 0% used [0x00000007f0000000,0x00000007f0000000,0x00000007fe080000)
  from space 15872K, 41% used [0x00000007fe080000,0x00000007fe6ebc28,0x00000007ff000000)
  to   space 15360K, 0% used [0x00000007ff100000,0x00000007ff100000,0x0000000800000000)
 ParOldGen       total 524288K, used 66925K [0x00000007d0000000, 0x00000007f0000000, 0x00000007f0000000)
  object space 524288K, 12% used [0x00000007d0000000,0x00000007d415b740,0x00000007f0000000)
 PSPermGen       total 262144K, used 44217K [0x00000007c0000000, 0x00000007d0000000, 0x00000007d0000000)
  object space 262144K, 16% used [0x00000007c0000000,0x00000007c2b2e798,0x00000007d0000000)
}
Event: 647.464 GC heap before
{Heap before GC invocations=22 (full 0):
 PSYoungGen      total 245760K, used 236463K [0x00000007f0000000, 0x0000000800000000, 0x0000000800000000)
  eden space 229888K, 100% used [0x00000007f0000000,0x00000007fe080000,0x00000007fe080000)
  from space 15872K, 41% used [0x00000007fe080000,0x00000007fe6ebc28,0x00000007ff000000)
  to   space 15360K, 0% used [0x00000007ff100000,0x00000007ff100000,0x0000000800000000)
 ParOldGen       total 524288K, used 66925K [0x00000007d0000000, 0x00000007f0000000, 0x00000007f0000000)
  object space 524288K, 12% used [0x00000007d0000000,0x00000007d415b740,0x00000007f0000000)
 PSPermGen       total 262144K, used 44911K [0x00000007c0000000, 0x00000007d0000000, 0x00000007d0000000)
  object space 262144K, 17% used [0x00000007c0000000,0x00000007c2bdbd90,0x00000007d0000000)
Event: 647.470 GC heap after
Heap after GC invocations=22 (full 0):
 PSYoungGen      total 246784K, used 4601K [0x00000007f0000000, 0x0000000800000000, 0x0000000800000000)
  eden space 231424K, 0% used [0x00000007f0000000,0x00000007f0000000,0x00000007fe200000)
  from space 15360K, 29% used [0x00000007ff100000,0x00000007ff57e700,0x0000000800000000)
  to   space 15360K, 0% used [0x00000007fe200000,0x00000007fe200000,0x00000007ff100000)
 ParOldGen       total 524288K, used 69466K [0x00000007d0000000, 0x00000007f0000000, 0x00000007f0000000)
  object space 524288K, 13% used [0x00000007d0000000,0x00000007d43d6a70,0x00000007f0000000)
 PSPermGen       total 262144K, used 44911K [0x00000007c0000000, 0x00000007d0000000, 0x00000007d0000000)
  object space 262144K, 17% used [0x00000007c0000000,0x00000007c2bdbd90,0x00000007d0000000)
}
Event: 719.830 GC heap before
{Heap before GC invocations=23 (full 0):
 PSYoungGen      total 246784K, used 236025K [0x00000007f0000000, 0x0000000800000000, 0x0000000800000000)
  eden space 231424K, 100% used [0x00000007f0000000,0x00000007fe200000,0x00000007fe200000)
  from space 15360K, 29% used [0x00000007ff100000,0x00000007ff57e700,0x0000000800000000)
  to   space 15360K, 0% used [0x00000007fe200000,0x00000007fe200000,0x00000007ff100000)
 ParOldGen       total 524288K, used 69466K [0x00000007d0000000, 0x00000007f0000000, 0x00000007f0000000)
  object space 524288K, 13% used [0x00000007d0000000,0x00000007d43d6a70,0x00000007f0000000)
 PSPermGen       total 262144K, used 45544K [0x00000007c0000000, 0x00000007d0000000, 0x00000007d0000000)
  object space 262144K, 17% used [0x00000007c0000000,0x00000007c2c7a1c0,0x00000007d0000000)
Event: 719.836 GC heap after
Heap after GC invocations=23 (full 0):
 PSYoungGen      total 246784K, used 6827K [0x00000007f0000000, 0x0000000800000000, 0x0000000800000000)
  eden space 231424K, 0% used [0x00000007f0000000,0x00000007f0000000,0x00000007fe200000)
  from space 15360K, 44% used [0x00000007fe200000,0x00000007fe8aae50,0x00000007ff100000)
  to   space 14336K, 0% used [0x00000007ff200000,0x00000007ff200000,0x0000000800000000)
 ParOldGen       total 524288K, used 71019K [0x00000007d0000000, 0x00000007f0000000, 0x00000007f0000000)
  object space 524288K, 13% used [0x00000007d0000000,0x00000007d455acb8,0x00000007f0000000)
 PSPermGen       total 262144K, used 45544K [0x00000007c0000000, 0x00000007d0000000, 0x00000007d0000000)
  object space 262144K, 17% used [0x00000007c0000000,0x00000007c2c7a1c0,0x00000007d0000000)
}
Event: 813.247 GC heap before
{Heap before GC invocations=24 (full 0):
 PSYoungGen      total 246784K, used 238251K [0x00000007f0000000, 0x0000000800000000, 0x0000000800000000)
  eden space 231424K, 100% used [0x00000007f0000000,0x00000007fe200000,0x00000007fe200000)
  from space 15360K, 44% used [0x00000007fe200000,0x00000007fe8aae50,0x00000007ff100000)
  to   space 14336K, 0% used [0x00000007ff200000,0x00000007ff200000,0x0000000800000000)
 ParOldGen       total 524288K, used 71019K [0x00000007d0000000, 0x00000007f0000000, 0x00000007f0000000)
  object space 524288K, 13% used [0x00000007d0000000,0x00000007d455acb8,0x00000007f0000000)
 PSPermGen       total 262144K, used 46172K [0x00000007c0000000, 0x00000007d0000000, 0x00000007d0000000)
  object space 262144K, 17% used [0x00000007c0000000,0x00000007c2d17060,0x00000007d0000000)
Event: 813.255 GC heap after
Heap after GC invocations=24 (full 0):
 PSYoungGen      total 248320K, used 6913K [0x00000007f0000000, 0x0000000800000000, 0x0000000800000000)
  eden space 233984K, 0% used [0x00000007f0000000,0x00000007f0000000,0x00000007fe480000)
  from space 14336K, 48% used [0x00000007ff200000,0x00000007ff8c0780,0x0000000800000000)
  to   space 13824K, 0% used [0x00000007fe480000,0x00000007fe480000,0x00000007ff200000)
 ParOldGen       total 524288K, used 73333K [0x00000007d0000000, 0x00000007f0000000, 0x00000007f0000000)
  object space 524288K, 13% used [0x00000007d0000000,0x00000007d479d568,0x00000007f0000000)
 PSPermGen       total 262144K, used 46172K [0x00000007c0000000, 0x00000007d0000000, 0x00000007d0000000)
  object space 262144K, 17% used [0x00000007c0000000,0x00000007c2d17060,0x00000007d0000000)
}

Deoptimization events (10 events):
Event: 464.580 Thread 0x00007fdfa7470800 Uncommon trap: reason=bimorphic action=maybe_recompile pc=0x0000000109778420 method=sl.org.objectweb.asm.ClassReader.b(Lsl/org/objectweb/asm/ClassVisitor;Lsl/org/objectweb/asm/Context;I)I @ 1105
Event: 464.580 Thread 0x00007fdfa7470800 Uncommon trap: reason=bimorphic action=maybe_recompile pc=0x0000000109778420 method=sl.org.objectweb.asm.ClassReader.b(Lsl/org/objectweb/asm/ClassVisitor;Lsl/org/objectweb/asm/Context;I)I @ 1105
Event: 464.584 Thread 0x00007fdfa7470800 Uncommon trap: reason=class_check action=maybe_recompile pc=0x0000000109801d74 method=org.springsource.loaded.TypeRegistry.getTypeRegistryFor(Ljava/lang/ClassLoader;)Lorg/springsource/loaded/TypeRegistry; @ 167
Event: 464.584 Thread 0x00007fdfa7470800 Uncommon trap: reason=class_check action=maybe_recompile pc=0x0000000109801d74 method=org.springsource.loaded.TypeRegistry.getTypeRegistryFor(Ljava/lang/ClassLoader;)Lorg/springsource/loaded/TypeRegistry; @ 167
Event: 647.643 Thread 0x00007fdfa77dc800 Uncommon trap: reason=null_check action=make_not_entrant pc=0x000000010946c5c0 method=org.codehaus.groovy.util.AbstractConcurrentMap$Segment.getOrPut(Ljava/lang/Object;ILjava/lang/Object;)Lorg/codehaus/groovy/util/AbstractConcurrentMap$Entry; @ 82
Event: 647.644 Thread 0x00007fdfa77dc800 Uncommon trap: reason=array_check action=maybe_recompile pc=0x00000001094ccdd8 method=java.util.TimSort.binarySort([Ljava/lang/Object;IIILjava/util/Comparator;)V @ 183
Event: 689.782 Thread 0x00007fdfa7e6a000 Uncommon trap: reason=array_check action=maybe_recompile pc=0x00000001094ccdd8 method=java.util.TimSort.binarySort([Ljava/lang/Object;IIILjava/util/Comparator;)V @ 183
Event: 690.661 Thread 0x00007fdfa87ed000 Uncommon trap: reason=unreached action=reinterpret pc=0x000000010976e914 method=java.util.ArrayList.remove(Ljava/lang/Object;)Z @ 59
Event: 690.662 Thread 0x00007fdfa48fe000 Uncommon trap: reason=unreached action=reinterpret pc=0x000000010976e914 method=java.util.ArrayList.remove(Ljava/lang/Object;)Z @ 59
Event: 813.485 Thread 0x00007fdfa6a96000 Uncommon trap: reason=unreached action=reinterpret pc=0x00000001093e02f8 method=java.lang.ClassLoader.checkName(Ljava/lang/String;)Z @ 1

Internal exceptions (10 events):
Event: 813.422 Thread 0x00007fdfa8009000 Threw 0x00000007f44254f0 at /HUDSON/workspace/7u-2-build-macosx-x86_64/jdk7u51/527/hotspot/src/share/vm/prims/jvm.cpp:1244
Event: 813.452 Thread 0x00007fdfa8009000 Threw 0x00000007f53ca5c8 at /HUDSON/workspace/7u-2-build-macosx-x86_64/jdk7u51/527/hotspot/src/share/vm/prims/jvm.cpp:1244
Event: 813.452 Thread 0x00007fdfa8009000 Threw 0x00000007f53ca7f0 at /HUDSON/workspace/7u-2-build-macosx-x86_64/jdk7u51/527/hotspot/src/share/vm/prims/jvm.cpp:1244
Event: 813.485 Thread 0x00007fdfa6a96000 Implicit null exception at 0x00000001093e018c to 0x00000001093e02e9
Event: 813.486 Thread 0x00007fdfa6a96000 Threw 0x00000007f55f9a20 at /HUDSON/workspace/7u-2-build-macosx-x86_64/jdk7u51/527/hotspot/src/share/vm/prims/jvm.cpp:1244
Event: 813.486 Thread 0x00007fdfa6a96000 Threw 0x00000007f55fb3b0 at /HUDSON/workspace/7u-2-build-macosx-x86_64/jdk7u51/527/hotspot/src/share/vm/prims/jvm.cpp:1244
Event: 813.486 Thread 0x00007fdfa6a96000 Threw 0x00000007f55fbcc8 at /HUDSON/workspace/7u-2-build-macosx-x86_64/jdk7u51/527/hotspot/src/share/vm/prims/jvm.cpp:1244
Event: 813.487 Thread 0x00007fdfa6a96000 Threw 0x00000007f5613b38 at /HUDSON/workspace/7u-2-build-macosx-x86_64/jdk7u51/527/hotspot/src/share/vm/prims/jvm.cpp:1244
Event: 813.487 Thread 0x00007fdfa6a96000 Threw 0x00000007f5613ce0 at /HUDSON/workspace/7u-2-build-macosx-x86_64/jdk7u51/527/hotspot/src/share/vm/classfile/systemDictionary.cpp:174
Event: 813.487 Thread 0x00007fdfa6a96000 Threw 0x00000007f5613ce0 at /HUDSON/workspace/7u-2-build-macosx-x86_64/jdk7u51/527/hotspot/src/share/vm/oops/instanceKlass.cpp:548

Events (10 events):
Event: 813.485 Thread 0x00007fdfa6a96000 DEOPT PACKING pc=0x00000001093e02f8 sp=0x00000001148df380
Event: 813.485 Thread 0x00007fdfa6a96000 DEOPT UNPACKING pc=0x0000000109210045 sp=0x00000001148df348 mode 2
Event: 813.485 Executing VM operation: RevokeBias
Event: 813.485 Executing VM operation: RevokeBias done
Event: 813.486 loading class 0x00007fdfa3d54b90
Event: 813.486 loading class 0x00007fdfa3d54b90 done
Event: 813.486 Executing VM operation: RevokeBias
Event: 813.486 Executing VM operation: RevokeBias done
Event: 813.487 Executing VM operation: RevokeBias
Event: 813.487 Executing VM operation: RevokeBias done


Dynamic libraries:
0x0000000001135000 	/System/Library/Frameworks/Cocoa.framework/Versions/A/Cocoa
0x0000000001135000 	/System/Library/Frameworks/Security.framework/Versions/A/Security
0x0000000001135000 	/System/Library/Frameworks/ApplicationServices.framework/Versions/A/ApplicationServices
0x0000000001135000 	/usr/lib/libz.1.dylib
0x0000000001135000 	/usr/lib/libSystem.B.dylib
0x0000000001135000 	/usr/lib/libobjc.A.dylib
0x0000000001135000 	/System/Library/Frameworks/CoreFoundation.framework/Versions/A/CoreFoundation
0x0000000001135000 	/System/Library/Frameworks/Foundation.framework/Versions/C/Foundation
0x0000000001135000 	/System/Library/Frameworks/AppKit.framework/Versions/C/AppKit
0x0000000001135000 	/System/Library/Frameworks/CoreData.framework/Versions/A/CoreData
0x0000000001135000 	/System/Library/PrivateFrameworks/RemoteViewServices.framework/Versions/A/RemoteViewServices
0x0000000001135000 	/System/Library/Frameworks/AudioToolbox.framework/Versions/A/AudioToolbox
0x0000000001135000 	/System/Library/Frameworks/AudioUnit.framework/Versions/A/AudioUnit
0x0000000001135000 	/System/Library/PrivateFrameworks/DataDetectorsCore.framework/Versions/A/DataDetectorsCore
0x0000000001135000 	/System/Library/PrivateFrameworks/DesktopServicesPriv.framework/Versions/A/DesktopServicesPriv
0x0000000001135000 	/System/Library/Frameworks/Carbon.framework/Versions/A/Frameworks/HIToolbox.framework/Versions/A/HIToolbox
0x0000000001135000 	/System/Library/Frameworks/QuartzCore.framework/Versions/A/QuartzCore
0x0000000001135000 	/System/Library/Frameworks/Carbon.framework/Versions/A/Frameworks/SpeechRecognition.framework/Versions/A/SpeechRecognition
0x0000000001135000 	/usr/lib/libauto.dylib
0x0000000001135000 	/usr/lib/libicucore.A.dylib
0x0000000001135000 	/usr/lib/libxml2.2.dylib
0x0000000001135000 	/System/Library/PrivateFrameworks/CoreUI.framework/Versions/A/CoreUI
0x0000000001135000 	/System/Library/Frameworks/CoreAudio.framework/Versions/A/CoreAudio
0x0000000001135000 	/System/Library/Frameworks/DiskArbitration.framework/Versions/A/DiskArbitration
0x0000000001135000 	/usr/lib/liblangid.dylib
0x0000000001135000 	/System/Library/PrivateFrameworks/MultitouchSupport.framework/Versions/A/MultitouchSupport
0x0000000001135000 	/System/Library/Frameworks/IOKit.framework/Versions/A/IOKit
0x0000000001135000 	/usr/lib/libDiagnosticMessagesClient.dylib
0x0000000001135000 	/System/Library/Frameworks/CoreServices.framework/Versions/A/CoreServices
0x0000000001135000 	/System/Library/PrivateFrameworks/PerformanceAnalysis.framework/Versions/A/PerformanceAnalysis
0x0000000001135000 	/System/Library/PrivateFrameworks/GenerationalStorage.framework/Versions/A/GenerationalStorage
0x0000000001135000 	/System/Library/Frameworks/OpenGL.framework/Versions/A/OpenGL
0x0000000001135000 	/System/Library/PrivateFrameworks/Sharing.framework/Versions/A/Sharing
0x0000000001135000 	/System/Library/Frameworks/ImageIO.framework/Versions/A/ImageIO
0x0000000001135000 	/System/Library/Frameworks/CoreText.framework/Versions/A/CoreText
0x0000000001135000 	/System/Library/Frameworks/CoreGraphics.framework/Versions/A/CoreGraphics
0x0000000001135000 	/System/Library/PrivateFrameworks/Backup.framework/Versions/A/Backup
0x0000000001135000 	/System/Library/Frameworks/CFNetwork.framework/Versions/A/CFNetwork
0x0000000001135000 	/System/Library/Frameworks/SystemConfiguration.framework/Versions/A/SystemConfiguration
0x0000000001135000 	/usr/lib/libCRFSuite.dylib
0x0000000001135000 	/usr/lib/libc++.1.dylib
0x0000000001135000 	/usr/lib/libc++abi.dylib
0x0000000001135000 	/usr/lib/system/libcache.dylib
0x0000000001135000 	/usr/lib/system/libcommonCrypto.dylib
0x0000000001135000 	/usr/lib/system/libcompiler_rt.dylib
0x0000000001135000 	/usr/lib/system/libcopyfile.dylib
0x0000000001135000 	/usr/lib/system/libcorecrypto.dylib
0x0000000001135000 	/usr/lib/system/libdispatch.dylib
0x0000000001135000 	/usr/lib/system/libdyld.dylib
0x0000000001135000 	/usr/lib/system/libkeymgr.dylib
0x0000000001135000 	/usr/lib/system/liblaunch.dylib
0x0000000001135000 	/usr/lib/system/libmacho.dylib
0x0000000001135000 	/usr/lib/system/libquarantine.dylib
0x0000000001135000 	/usr/lib/system/libremovefile.dylib
0x0000000001135000 	/usr/lib/system/libsystem_asl.dylib
0x0000000001135000 	/usr/lib/system/libsystem_blocks.dylib
0x0000000001135000 	/usr/lib/system/libsystem_c.dylib
0x0000000001135000 	/usr/lib/system/libsystem_configuration.dylib
0x0000000001135000 	/usr/lib/system/libsystem_dnssd.dylib
0x0000000001135000 	/usr/lib/system/libsystem_info.dylib
0x0000000001135000 	/usr/lib/system/libsystem_kernel.dylib
0x0000000001135000 	/usr/lib/system/libsystem_m.dylib
0x0000000001135000 	/usr/lib/system/libsystem_malloc.dylib
0x0000000001135000 	/usr/lib/system/libsystem_network.dylib
0x0000000001135000 	/usr/lib/system/libsystem_notify.dylib
0x0000000001135000 	/usr/lib/system/libsystem_platform.dylib
0x0000000001135000 	/usr/lib/system/libsystem_pthread.dylib
0x0000000001135000 	/usr/lib/system/libsystem_sandbox.dylib
0x0000000001135000 	/usr/lib/system/libsystem_stats.dylib
0x0000000001135000 	/usr/lib/system/libunc.dylib
0x0000000001135000 	/usr/lib/system/libunwind.dylib
0x0000000001135000 	/usr/lib/system/libxpc.dylib
0x0000000001135000 	/usr/lib/libbsm.0.dylib
0x0000000001135000 	/usr/lib/libsqlite3.dylib
0x0000000001135000 	/usr/lib/libxar.1.dylib
0x0000000001135000 	/usr/lib/libpam.2.dylib
0x0000000001135000 	/usr/lib/libOpenScriptingUtil.dylib
0x0000000001135000 	/usr/lib/libbz2.1.0.dylib
0x0000000001135000 	/System/Library/Frameworks/CoreServices.framework/Versions/A/Frameworks/CarbonCore.framework/Versions/A/CarbonCore
0x0000000001135000 	/System/Library/Frameworks/CoreServices.framework/Versions/A/Frameworks/Metadata.framework/Versions/A/Metadata
0x0000000001135000 	/System/Library/Frameworks/CoreServices.framework/Versions/A/Frameworks/OSServices.framework/Versions/A/OSServices
0x0000000001135000 	/System/Library/Frameworks/CoreServices.framework/Versions/A/Frameworks/SearchKit.framework/Versions/A/SearchKit
0x0000000001135000 	/System/Library/Frameworks/CoreServices.framework/Versions/A/Frameworks/AE.framework/Versions/A/AE
0x0000000001135000 	/System/Library/Frameworks/CoreServices.framework/Versions/A/Frameworks/LaunchServices.framework/Versions/A/LaunchServices
0x0000000001135000 	/System/Library/Frameworks/CoreServices.framework/Versions/A/Frameworks/DictionaryServices.framework/Versions/A/DictionaryServices
0x0000000001135000 	/System/Library/Frameworks/NetFS.framework/Versions/A/NetFS
0x0000000001135000 	/usr/lib/system/libkxld.dylib
0x0000000001135000 	/System/Library/PrivateFrameworks/NetAuth.framework/Versions/A/NetAuth
0x0000000001135000 	/System/Library/PrivateFrameworks/TCC.framework/Versions/A/TCC
0x0000000001135000 	/System/Library/Frameworks/OpenDirectory.framework/Versions/A/Frameworks/CFOpenDirectory.framework/Versions/A/CFOpenDirectory
0x0000000001135000 	/System/Library/Frameworks/ServiceManagement.framework/Versions/A/ServiceManagement
0x0000000001135000 	/usr/lib/libxslt.1.dylib
0x0000000001135000 	/System/Library/Frameworks/Carbon.framework/Versions/A/Frameworks/Ink.framework/Versions/A/Ink
0x0000000001135000 	/System/Library/Frameworks/ApplicationServices.framework/Versions/A/Frameworks/ATS.framework/Versions/A/ATS
0x0000000001135000 	/System/Library/Frameworks/ApplicationServices.framework/Versions/A/Frameworks/ColorSync.framework/Versions/A/ColorSync
0x0000000001135000 	/System/Library/Frameworks/ApplicationServices.framework/Versions/A/Frameworks/HIServices.framework/Versions/A/HIServices
0x0000000001135000 	/System/Library/Frameworks/ApplicationServices.framework/Versions/A/Frameworks/LangAnalysis.framework/Versions/A/LangAnalysis
0x0000000001135000 	/System/Library/Frameworks/ApplicationServices.framework/Versions/A/Frameworks/PrintCore.framework/Versions/A/PrintCore
0x0000000001135000 	/System/Library/Frameworks/ApplicationServices.framework/Versions/A/Frameworks/QD.framework/Versions/A/QD
0x0000000001135000 	/System/Library/Frameworks/ApplicationServices.framework/Versions/A/Frameworks/SpeechSynthesis.framework/Versions/A/SpeechSynthesis
0x0000000001135000 	/System/Library/Frameworks/IOSurface.framework/Versions/A/IOSurface
0x0000000001135000 	/System/Library/Frameworks/Accelerate.framework/Versions/A/Accelerate
0x0000000001135000 	/System/Library/Frameworks/Accelerate.framework/Versions/A/Frameworks/vImage.framework/Versions/A/vImage
0x0000000001135000 	/System/Library/Frameworks/Accelerate.framework/Versions/A/Frameworks/vecLib.framework/Versions/A/vecLib
0x0000000001135000 	/System/Library/Frameworks/Accelerate.framework/Versions/A/Frameworks/vecLib.framework/Versions/A/libvDSP.dylib
0x0000000001135000 	/System/Library/Frameworks/Accelerate.framework/Versions/A/Frameworks/vecLib.framework/Versions/A/libvMisc.dylib
0x0000000001135000 	/System/Library/Frameworks/Accelerate.framework/Versions/A/Frameworks/vecLib.framework/Versions/A/libLAPACK.dylib
0x0000000001135000 	/System/Library/Frameworks/Accelerate.framework/Versions/A/Frameworks/vecLib.framework/Versions/A/libBLAS.dylib
0x0000000001135000 	/System/Library/Frameworks/ApplicationServices.framework/Versions/A/Frameworks/ATS.framework/Versions/A/Resources/libFontParser.dylib
0x0000000001135000 	/System/Library/Frameworks/ApplicationServices.framework/Versions/A/Frameworks/ATS.framework/Versions/A/Resources/libFontRegistry.dylib
0x0000000001135000 	/System/Library/Frameworks/ImageIO.framework/Versions/A/Resources/libJPEG.dylib
0x0000000001135000 	/System/Library/Frameworks/ImageIO.framework/Versions/A/Resources/libTIFF.dylib
0x0000000001135000 	/System/Library/Frameworks/ImageIO.framework/Versions/A/Resources/libPng.dylib
0x0000000001135000 	/System/Library/Frameworks/ImageIO.framework/Versions/A/Resources/libGIF.dylib
0x0000000001135000 	/System/Library/Frameworks/ImageIO.framework/Versions/A/Resources/libJP2.dylib
0x0000000001135000 	/System/Library/Frameworks/ImageIO.framework/Versions/A/Resources/libRadiance.dylib
0x0000000001135000 	/usr/lib/libcups.2.dylib
0x0000000001135000 	/System/Library/Frameworks/Kerberos.framework/Versions/A/Kerberos
0x0000000001135000 	/System/Library/Frameworks/GSS.framework/Versions/A/GSS
0x0000000001135000 	/usr/lib/libresolv.9.dylib
0x0000000001135000 	/usr/lib/libiconv.2.dylib
0x0000000001135000 	/System/Library/PrivateFrameworks/Heimdal.framework/Versions/A/Heimdal
0x0000000001135000 	/System/Library/PrivateFrameworks/TrustEvaluationAgent.framework/Versions/A/TrustEvaluationAgent
0x0000000001135000 	/usr/lib/libheimdal-asn1.dylib
0x0000000001135000 	/System/Library/Frameworks/OpenDirectory.framework/Versions/A/OpenDirectory
0x0000000001135000 	/System/Library/PrivateFrameworks/CommonAuth.framework/Versions/A/CommonAuth
0x0000000001135000 	/System/Library/Frameworks/SecurityFoundation.framework/Versions/A/SecurityFoundation
0x0000000001135000 	/System/Library/PrivateFrameworks/Bom.framework/Versions/A/Bom
0x0000000001135000 	/System/Library/Frameworks/CoreVideo.framework/Versions/A/CoreVideo
0x0000000001135000 	/System/Library/Frameworks/QuartzCore.framework/Versions/A/Frameworks/CoreImage.framework/Versions/A/CoreImage
0x0000000001135000 	/System/Library/Frameworks/QuartzCore.framework/Versions/A/Frameworks/ScalableUserInterface.framework/Versions/A/ScalableUserInterface
0x0000000001135000 	/System/Library/Frameworks/OpenGL.framework/Versions/A/Libraries/libGLU.dylib
0x0000000001135000 	/System/Library/Frameworks/OpenGL.framework/Versions/A/Libraries/libGFXShared.dylib
0x0000000001135000 	/System/Library/Frameworks/OpenGL.framework/Versions/A/Libraries/libGL.dylib
0x0000000001135000 	/System/Library/Frameworks/OpenGL.framework/Versions/A/Libraries/libGLImage.dylib
0x0000000001135000 	/System/Library/Frameworks/OpenGL.framework/Versions/A/Libraries/libCVMSPluginSupport.dylib
0x0000000001135000 	/System/Library/Frameworks/OpenGL.framework/Versions/A/Libraries/libCoreVMClient.dylib
0x0000000001135000 	/System/Library/PrivateFrameworks/FaceCore.framework/Versions/A/FaceCore
0x0000000001135000 	/System/Library/PrivateFrameworks/CrashReporterSupport.framework/Versions/A/CrashReporterSupport
0x0000000001135000 	/System/Library/Frameworks/OpenCL.framework/Versions/A/OpenCL
0x0000000001135000 	/System/Library/PrivateFrameworks/AppleFSCompression.framework/Versions/A/AppleFSCompression
0x0000000001135000 	/System/Library/PrivateFrameworks/Ubiquity.framework/Versions/A/Ubiquity
0x0000000001135000 	/System/Library/PrivateFrameworks/IconServices.framework/Versions/A/IconServices
0x0000000001135000 	/System/Library/PrivateFrameworks/ChunkingLibrary.framework/Versions/A/ChunkingLibrary
0x0000000001135000 	/System/Library/PrivateFrameworks/CoreSymbolication.framework/Versions/A/CoreSymbolication
0x0000000001135000 	/System/Library/PrivateFrameworks/Symbolication.framework/Versions/A/Symbolication
0x0000000001135000 	/System/Library/PrivateFrameworks/DebugSymbols.framework/Versions/A/DebugSymbols
0x0000000108600000 	/Library/Java/JavaVirtualMachines/jdk1.7.0_51.jdk/Contents/Home/jre/lib/server/libjvm.dylib
0x0000000001135000 	/usr/lib/libstdc++.6.dylib
0x00000001075d4000 	/Library/Java/JavaVirtualMachines/jdk1.7.0_51.jdk/Contents/Home/jre/lib/libverify.dylib
0x0000000109156000 	/Library/Java/JavaVirtualMachines/jdk1.7.0_51.jdk/Contents/Home/jre/lib/libjava.dylib
0x0000000109186000 	/Library/Java/JavaVirtualMachines/jdk1.7.0_51.jdk/Contents/Home/jre/lib/libinstrument.dylib
0x00000001075ec000 	/Library/Java/JavaVirtualMachines/jdk1.7.0_51.jdk/Contents/Home/jre/lib/libzip.dylib
0x000000011125b000 	/System/Library/Frameworks/JavaVM.framework/Frameworks/JavaRuntimeSupport.framework/JavaRuntimeSupport
0x0000000111273000 	/System/Library/Frameworks/JavaVM.framework/Versions/A/Frameworks/JavaNativeFoundation.framework/Versions/A/JavaNativeFoundation
0x0000000111288000 	/System/Library/Frameworks/JavaVM.framework/Versions/A/JavaVM
0x0000000001135000 	/System/Library/Frameworks/Carbon.framework/Versions/A/Carbon
0x0000000111295000 	/System/Library/PrivateFrameworks/JavaLaunching.framework/Versions/A/JavaLaunching
0x0000000001135000 	/System/Library/Frameworks/Carbon.framework/Versions/A/Frameworks/CommonPanels.framework/Versions/A/CommonPanels
0x0000000001135000 	/System/Library/Frameworks/Carbon.framework/Versions/A/Frameworks/Help.framework/Versions/A/Help
0x0000000001135000 	/System/Library/Frameworks/Carbon.framework/Versions/A/Frameworks/ImageCapture.framework/Versions/A/ImageCapture
0x0000000001135000 	/System/Library/Frameworks/Carbon.framework/Versions/A/Frameworks/OpenScripting.framework/Versions/A/OpenScripting
0x0000000001135000 	/System/Library/Frameworks/Carbon.framework/Versions/A/Frameworks/Print.framework/Versions/A/Print
0x0000000001135000 	/System/Library/Frameworks/Carbon.framework/Versions/A/Frameworks/SecurityHI.framework/Versions/A/SecurityHI
0x00000001119eb000 	/Applications/IntelliJ IDEA 13.app/bin/libbreakgen64.jnilib
0x0000000111af1000 	/Library/Java/JavaVirtualMachines/jdk1.7.0_51.jdk/Contents/Home/jre/lib/libnet.dylib
0x0000000111eb0000 	/private/var/folders/l2/9tzjxt_n5r971h5b_s9khd6h0000gn/T/libjansi-64-8390927598197582207.jnilib
0x0000000111d11000 	/Library/Java/JavaVirtualMachines/jdk1.7.0_51.jdk/Contents/Home/jre/lib/libnio.dylib
0x000000011198b000 	/Library/Java/JavaVirtualMachines/jdk1.7.0_51.jdk/Contents/Home/jre/lib/libosx.dylib
0x0000000111b75000 	/Library/Java/JavaVirtualMachines/jdk1.7.0_51.jdk/Contents/Home/jre/lib/./libosxapp.dylib
0x0000000001135000 	/System/Library/Frameworks/ExceptionHandling.framework/Versions/A/ExceptionHandling
0x0000000111ca7000 	/Library/Java/JavaVirtualMachines/jdk1.7.0_51.jdk/Contents/Home/jre/lib/libsunec.dylib

VM Arguments:
jvm_args: -Dgrails.home=/Users/grs/.gvm/grails/2.4.2 -Dbase.dir=/Users/grs/Documents/Vaadin for Grails/grails-vaadin-core-plugin/grails-vaadin7-core-demo -Dtools.jar=/Library/Java/JavaVirtualMachines/jdk1.7.0_51.jdk/Contents/Home/lib/tools.jar -Dgroovy.starter.conf=/Users/grs/.gvm/grails/2.4.2/conf/groovy-starter.conf -Xmx768M -Xms768M -XX:MaxPermSize=256m -XX:PermSize=256m -javaagent:/Users/grs/.gvm/grails/2.4.2/lib/org.springframework/springloaded/jars/springloaded-1.2.0.RELEASE.jar -Xverify:none -Dspringloaded=profile=grails -Didea.launcher.port=7534 -Didea.launcher.bin.path=/Applications/IntelliJ IDEA 13.app/bin -Dfile.encoding=UTF-8 
java_command: com.intellij.rt.execution.application.AppMain org.codehaus.groovy.grails.cli.support.GrailsStarter --main org.codehaus.groovy.grails.cli.GrailsScriptRunner --conf /Users/grs/.gvm/grails/2.4.2/conf/groovy-starter.conf run-app -plain-output
Launcher Type: SUN_STANDARD

Environment Variables:
JAVA_HOME=/Library/Java/JavaVirtualMachines/jdk1.7.0_51.jdk/Contents/Home
PATH=/Users/grs/.gvm/vertx/current/bin:/Users/grs/.gvm/springboot/current/bin:/Users/grs/.gvm/lazybones/current/bin:/Users/grs/.gvm/jbake/current/bin:/Users/grs/.gvm/groovyserv/current/bin:/Users/grs/.gvm/groovy/current/bin:/Users/grs/.gvm/griffon/current/bin:/Users/grs/.gvm/grails/current/bin:/Users/grs/.gvm/gradle/current/bin:/Users/grs/.gvm/glide/current/bin:/Users/grs/.gvm/gaiden/current/bin:/Users/grs/.gvm/crash/current/bin:/opt/local/bin:/opt/local/sbin:/usr/bin:/bin:/usr/sbin:/sbin:/usr/local/bin
SHELL=/bin/bash

Signal Handlers:
SIGSEGV: [libjvm.dylib+0x525425], sa_mask[0]=0xfffefeff, sa_flags=0x00000043
SIGBUS: [libjvm.dylib+0x525425], sa_mask[0]=0xfffefeff, sa_flags=0x00000042
SIGFPE: [libjvm.dylib+0x41892a], sa_mask[0]=0xfffefeff, sa_flags=0x00000042
SIGPIPE: [libjvm.dylib+0x41892a], sa_mask[0]=0xfffefeff, sa_flags=0x00000042
SIGXFSZ: [libjvm.dylib+0x41892a], sa_mask[0]=0xfffefeff, sa_flags=0x00000042
SIGILL: [libjvm.dylib+0x41892a], sa_mask[0]=0xfffefeff, sa_flags=0x00000042
SIGUSR1: SIG_DFL, sa_mask[0]=0x00000000, sa_flags=0x00000002
SIGUSR2: [libjvm.dylib+0x41841c], sa_mask[0]=0x00000004, sa_flags=0x00000042
SIGHUP: [libjvm.dylib+0x4166ab], sa_mask[0]=0xfffefeff, sa_flags=0x00000042
SIGINT: [libjvm.dylib+0x4166ab], sa_mask[0]=0xfffefeff, sa_flags=0x00000042
SIGTERM: [libjvm.dylib+0x4166ab], sa_mask[0]=0xfffefeff, sa_flags=0x00000042
SIGQUIT: [libjvm.dylib+0x4166ab], sa_mask[0]=0xfffefeff, sa_flags=0x00000042


---------------  S Y S T E M  ---------------

OS:Bsduname:Darwin 13.4.0 Darwin Kernel Version 13.4.0: Sun Aug 17 19:50:11 PDT 2014; root:xnu-2422.115.4~1/RELEASE_X86_64 x86_64
rlimit: STACK 8192k, CORE 0k, NPROC 709, NOFILE 10240, AS infinity
load average:1.74 1.75 1.83

CPU:total 8 (4 cores per cpu, 2 threads per core) family 6 model 70 stepping 1, cmov, cx8, fxsr, mmx, sse, sse2, sse3, ssse3, sse4.1, sse4.2, popcnt, avx, avx2, aes, erms, ht, tsc, tscinvbit

Memory: 4k page, physical 16777216k(4194304k free)

/proc/meminfo:


vm_info: Java HotSpot(TM) 64-Bit Server VM (24.51-b03) for bsd-amd64 JRE (1.7.0_51-b13), built on Dec 18 2013 18:45:56 by "java_re" with gcc 4.2.1 (Based on Apple Inc. build 5658) (LLVM build 2336.11.00)

time: Thu Nov 27 15:38:04 2014
elapsed time: 813 seconds

