#
# A fatal error has been detected by the Java Runtime Environment:
#
#  SIGSEGV (0xb) at pc=0x000000010877af7d, pid=4070, tid=27139
#
# JRE version: Java(TM) SE Runtime Environment (7.0_51-b13) (build 1.7.0_51-b13)
# Java VM: Java HotSpot(TM) 64-Bit Server VM (24.51-b03 mixed mode bsd-amd64 compressed oops)
# Problematic frame:
# 
[error occurred during error reporting (printing problematic frame), id 0xb]

# Failed to write core dump. Core dumps have been disabled. To enable core dumping, try "ulimit -c unlimited" before starting Java again
#
# If you would like to submit a bug report, please visit:
#   http://bugreport.sun.com/bugreport/crash.jsp
#

---------------  T H R E A D  ---------------

Current thread (0x00007f966abe9000):  JavaThread "FileSystemWatcher: files=#160 cl=groovy.lang.GroovyClassLoader@3b54e5a6" daemon [_thread_in_Java, id=27139, stack(0x0000000111cb1000,0x0000000111db1000)]

siginfo:si_signo=SIGSEGV: si_errno=0, si_code=1 (SEGV_MAPERR), si_addr=0x00000000e6a30bbe

Registers:
RAX=0x00000007d16cc198, RBX=0x000000000000002f, RCX=0x00000000e6a30b9e, RDX=0x0000000000000008
RSP=0x0000000111daffb8, RBP=0x0000000111db0000, RSI=0x0000000000000007, RDI=0x00007f966abe9000
R8 =0x0000000111daff08, R9 =0x00000007c4d03cc8, R10=0x00000001084198f0, R11=0x0000000000000035
R12=0x0000000000000000, R13=0x00000007c4d04c5a, R14=0x0000000111db0008, R15=0x00007f966abe9000
RIP=0x000000010877af7d, EFLAGS=0x0000000000010206, ERR=0x0000000000000004
  TRAPNO=0x000000000000000e

Top of Stack: (sp=0x0000000111daffb8)
0x0000000111daffb8:   00000007d16cc198 0000000111daffc0
0x0000000111daffc8:   00000007c4d04c54 0000000111db0008
0x0000000111daffd8:   00000007c4d04f78 0000000000000000
0x0000000111daffe8:   00000007d16cc198 0000000000000000
0x0000000111dafff8:   00000007d37890e0 00000007d16cc3f8
0x0000000111db0008:   00000007d5c6dd10 0000000000001fa0
0x0000000111db0018:   0000000000000000 00007f966abe9000
0x0000000111db0028:   000000010876745f 000000000000000a
0x0000000111db0038:   00007f9668fa71b8 0000000111db00f0
0x0000000111db0048:   0000000111db03b0 000000000000000a
0x0000000111db0058:   00000007c4d04cb0 00000001087772a0
0x0000000111db0068:   0000000111db03c0 0000000111db0160
0x0000000111db0078:   0000000107ed6bb0 00007f9600000000
0x0000000111db0088:   00007f966abe9000 00007f9668fa7e10
0x0000000111db0098:   0000000111db03b0 00000000000000b6
0x0000000111db00a8:   00000001087772a0 0000000111db03b8
0x0000000111db00b8:   00007f966abe9000 00007f9668fa7130
0x0000000111db00c8:   00007f9668fa7160 00007f9668fa71c0
0x0000000111db00d8:   00007f9668fa7548 00000000000003d8
0x0000000111db00e8:   0000000111db0ad8 00007f966abe9000
0x0000000111db00f8:   00007f9668fa8150 00000007c4d04cb0
0x0000000111db0108:   0000000000000000 0000000111db0570
0x0000000111db0118:   000000010877966c 0000000111db05c8
0x0000000111db0128:   0000000111db03a8 00000001087772a0
0x0000000111db0138:   00007f966abe9000 00007f9668fa71b0
0x0000000111db0148:   00007f9668fa71b0 0000000000000000
0x0000000111db0158:   0000000000000000 0000000111db0180
0x0000000111db0168:   0000000107ed6980 0000000000000000
0x0000000111db0178:   00007f9668fa71b8 0000000111db0480
0x0000000111db0188:   0000000108060590 000000086abe9000
0x0000000111db0198:   0000000000000000 0000000e00000010
0x0000000111db01a8:   00007f9668fa71b8 00007f9668fa71a0 

Instructions: (pc=0x000000010877af7d)
0x000000010877af5d:   e9 0e 00 00 00 48 83 ec 10 48 89 04 24 e9 01 00
0x000000010877af6d:   00 00 50 41 0f b6 5d 01 48 8b 4d e8 48 8b 49 10
0x000000010877af7d:   48 8b 49 20 48 8b 41 10 0f b6 54 18 10 83 fa 66
0x000000010877af8d:   74 13 83 fa 64 74 0e 83 fa 68 74 09 83 fa 07 0f 

Register to memory mapping:

RAX=0x00000007d16cc198 is an oop
java.lang.String 
 - klass: 'java/lang/String'
RBX=0x000000000000002f is an unknown value
RCX=0x00000000e6a30b9e is an unknown value
RDX=0x0000000000000008 is an unknown value
RSP=0x0000000111daffb8 is pointing into the stack for thread: 0x00007f966abe9000
RBP=0x0000000111db0000 is pointing into the stack for thread: 0x00007f966abe9000
RSI=0x0000000000000007 is an unknown value
RDI=0x00007f966abe9000 is a thread
R8 =0x0000000111daff08 is pointing into the stack for thread: 0x00007f966abe9000
R9 =0x00000007c4d03cc8 is an oop
{constant pool} 
 - klass: {other class}
 - holder: 0x00000007c4d04d50
 - cache: 0x00000007c4d04f78
 -   1 :  : 'org/vaadin/grails/server/UriMappings$$EPB4KJrM'
 -   2 :  : 'org/vaadin/grails/server/UriMappings$$EPB4KJrM'
 -   3 :  : 'java/lang/Object'
 -   4 :  : 'java/lang/Object'
 -   5 :  : 'UriMappings.groovy'
 -   6 :  : 'Lorg/codehaus/groovy/grails/plugins/metadata/GrailsPlugin;'
 -   7 :  : 'name'
 -   8 :  : 'vaadin-core'
 -   9 :  : 'version'
 -  10 :  : '2.0-SNAPSHOT'
 -  11 :  : 'DEFAULT_FRAGMENT_PATH_PROPERTY'
 -  12 :  : 'Ljava/lang/Object;'
 -  13 :  : 'THEME_PATH_PROPERTY'
 -  14 :  : 'WIDGETSET_PATH_PROPERTY'
 -  15 :  : 'PRESERVED_ON_REFRESH_PATH_PROPERTY'
 -  16 :  : 'PAGE_TITLE_PATH_PROPERTY'
 -  17 :  : 'PUSH_MODE_PATH_PROPERTY'
 -  18 :  : 'PUSH_TRANSPORT_PATH_PROPERTY'
 -  19 :  : 'getUIClass'
 -  20 :  : '(Lorg/vaadin/grails/server/UriMappings;Ljava/lang/String;)Ljava/lang/Class;'
 -  21 :  : 'setUIClass'
 -  22 :  : '(Lorg/vaadin/grails/server/UriMappings;Ljava/lang/String;Ljava/lang/Class;)V'
 -  23 :  : 'getUIProviderClass'
 -  24 :  : 'setUIProviderClass'
 -  25 :  : 'getViewClass'
 -  26 :  : '(Lorg/vaadin/grails/server/UriMappings;Ljava/lang/String;Ljava/lang/String;)Ljava/lang/Class;'
 -  27 :  : 'setViewClass'
 -  28 :  : '(Lorg/vaadin/grails/server/UriMappings;Ljava/lang/String;Ljava/lang/String;Ljava/lang/Class;)V'
 -  29 :  : 'getAllPaths'
 -  30 :  : '(Lorg/vaadin/grails/server/UriMappings;)Ljava/util/List;'
 -  31 :  : 'getPathProperty'
 -  32 :  : '(Lorg/vaadin/grails/server/UriMappings;Ljava/lang/String;Ljava/lang/String;)Ljava/lang/Object;'
 -  33 :  : 'putPathProperty'
 -  34 :  : '(Lorg/vaadin/grails/server/UriMappings;Ljava/lang/String;Ljava/lang/String;Ljava/lang/Object;)Ljava/lang/Object;'
 -  35 :  : 'getAllFragments'
 -  36 :  : '(Lorg/vaadin/grails/server/UriMappings;Ljava/lang/String;)Ljava/util/List;'
 -  37 :  : 'getFragmentProperty'
 -  38 :  : '(Lorg/vaadin/grails/server/UriMappings;Ljava/lang/String;Ljava/lang/String;Ljava/lang/String;)Ljava/lang/Object;'
 -  39 :  : 'putFragmentProperty'
 -  40 :  : '(Lorg/vaadin/grails/server/UriMappings;Ljava/lang/String;Ljava/lang/String;Ljava/lang/String;Ljava/lang/Object;)Ljava/lang/Object;'
 -  41 :  : 'clear'
 -  42 :  : '(Lorg/vaadin/grails/server/UriMappings;)V'
 -  43 :  : '___clinit___'
 -  44 :  : '()V'
 -  45 :  : 'pushTransport'
 -  46 :  : "pushTransport" {0x7d5c6dd10}
 -  47 :  : 4195270
 -  48 :  : "PUSH_TRANSPORT_PATH_PROPERTY" {0x7d4663d40}
 -  49 :  : 'org/springsource/loaded/TypeRegistry'
 -  50 :  : 'org/springsource/loaded/TypeRegistry' {0x7c0300ba0}
 -  51 :  : 'staticFieldInterceptionRequired'
 -  52 :  : '(ILjava/lang/String;)Z'
 -  53 :  : name_index=51 signature_index=52
 -  54 :  : klass_index=50 name_and_type_index=53
 -  55 :  : 'org/vaadin/grails/server/UriMappings'
 -  56 :  : 'org/vaadin/grails/server/UriMappings' {0x7c229cab0}
 -  57 :  : 'r$sets'
 -  58 :  : '(Ljava/lang/Object;Ljava/lang/String;)V'
 -  59 :  : name_index=57 signature_index=58
 -  60 :  : klass_index=56 name_and_type_index=59
 -  61 :  : name_index=18 signature_index=12
 -  62 :  : klass_index=56 name_and_type_index=61
 -  63 :  : 'pushMode'
 -  64 :  : "pushMode" {0x7d16cc3f8}
 -  65 :  : "PUSH_MODE_PATH_PROPERTY" {0x7d4663c20}
 -  66 :  : name_index=17 signature_index=12
 -  67 :  : klass_index=56 name_and_type_index=66
 -  68 :  : 'pageTitle'
 -  69 :  : "pageTitle" {0x7d37890e0}
 -  70 :  : "PAGE_TITLE_PATH_PROPERTY" {0x7d46639a8}
 -  71 :  : name_index=16 signature_index=12
 -  72 :  : klass_index=56 name_and_type_index=71
 -  73 :  : 'preservedOnRefresh'
 -  74 :  : "preservedOnRefresh" {0x7d5c6dd58}
 -  75 :  : "PRESERVED_ON_REFRESH_PATH_PROPERTY" {0x7d4663ac8}
 -  76 :  : name_index=15 signature_index=12
 -  77 :  : klass_index=56 name_and_type_index=76
 -  78 :  : 'widgetset'
 -  79 :  : "widgetset" {0x7d16cc198}
 -  80 :  : "WIDGETSET_PATH_PROPERTY" {0x7d46636f0}
 -  81 :  : name_index=14 signature_index=12
 -  82 :  : klass_index=56 name_and_type_index=81
 -  83 :  : 'theme'
 -  84 :  : "theme" {0x7d16d4268}
 -  85 :  : "THEME_PATH_PROPERTY" {0x7d4663850}
 -  86 :  : name_index=13 signature_index=12
 -  87 :  : klass_index=56 name_and_type_index=86
 -  88 :  : 'defaultFragment'
 -  89 :  : "defaultFragment" {0x7d5c6dda8}
 -  90 :  : "DEFAULT_FRAGMENT_PATH_PROPERTY" {0x7f441b3a8}
 -  91 :  : name_index=11 signature_index=12
 -  92 :  : klass_index=56 name_and_type_index=91
 -  93 :  : 'Code'
 -  94 :  : 'Signature'
 -  95 :  : '(Ljava/lang/String;)Ljava/lang/Class<+Lcom/vaadin/ui/UI;>;'
 -  96 :  : '(Ljava/lang/String;Ljava/lang/Class<+Lcom/vaadin/ui/UI;>;)V'
 -  97 :  : '(Ljava/lang/String;)Ljava/lang/Class<+Lcom/vaadin/server/UIProvider;>;'
 -  98 :  : '(Ljava/lang/String;Ljava/lang/Class<+Lcom/vaadin/server/UIProvider;>;)V'
 -  99 :  : '(Ljava/lang/String;Ljava/lang/String;)Ljava/lang/Class<+Lcom/vaadin/navigator/View;>;'
 - 100 :  : '(Ljava/lang/String;Ljava/lang/String;Ljava/lang/Class<+Lcom/vaadin/navigator/View;>;)V'
 - 101 :  : '()Ljava/util/List<Ljava/lang/String;>;'
 - 102 :  : '(Ljava/lang/String;)Ljava/util/List<Ljava/lang/String;>;'
 - 103 :  : 'SourceFile'
 - 104 :  : 'RuntimeVisibleAnnotations'

R10=0x00000001084198f0: _ZN19TemplateInterpreter13_active_tableE+0x3800 in /Library/Java/JavaVirtualMachines/jdk1.7.0_51.jdk/Contents/Home/jre/lib/server/libjvm.dylib at 0x0000000107c00000
R11=0x0000000000000035 is an unknown value
R12=0x0000000000000000 is an unknown value
R13=0x00000007c4d04c5a is pointing into object: 0x00000007c4d04ba8
{constMethod} 
 - klass: {other class}
 - constants:       0x00000007c4d03cc8 constant pool [105] for 'org/vaadin/grails/server/UriMappings$$EPB4KJrM' cache=0x00000007c4d04f78
bci_from(0x7c4d04c5a) = 114; print_codes():
R14=0x0000000111db0008 is pointing into the stack for thread: 0x00007f966abe9000
R15=0x00007f966abe9000 is a thread


Stack: [0x0000000111cb1000,0x0000000111db1000],  sp=0x0000000111daffb8,  free space=1019k
Native frames: (J=compiled Java code, j=interpreted, Vv=VM code, C=native code)

[error occurred during error reporting (printing native stack), id 0xb]


---------------  P R O C E S S  ---------------

Java Threads: ( => current thread )
  0x00007f966f23e000 JavaThread "Atmosphere-Scheduler-19" daemon [_thread_blocked, id=29223, stack(0x0000000110832000,0x0000000110932000)]
  0x00007f966d046800 JavaThread "Atmosphere-Scheduler-19" daemon [_thread_blocked, id=28975, stack(0x0000000113104000,0x0000000113204000)]
  0x00007f966d9c0000 JavaThread "Atmosphere-Scheduler-19" daemon [_thread_blocked, id=26427, stack(0x0000000112b12000,0x0000000112c12000)]
  0x00007f966e341000 JavaThread "Atmosphere-Scheduler-19" daemon [_thread_blocked, id=15655, stack(0x00000001123fd000,0x00000001124fd000)]
  0x00007f96690e0000 JavaThread "Atmosphere-Scheduler-19" daemon [_thread_blocked, id=30243, stack(0x0000000113001000,0x0000000113101000)]
  0x00007f966ca88800 JavaThread "Atmosphere-Scheduler-16" daemon [_thread_blocked, id=34071, stack(0x0000000113207000,0x0000000113307000)]
  0x00007f966f150800 JavaThread "Atmosphere-Scheduler-16" daemon [_thread_blocked, id=30751, stack(0x000000011288b000,0x000000011298b000)]
  0x00007f966d8a9000 JavaThread "Atmosphere-Scheduler-15" daemon [_thread_blocked, id=32291, stack(0x0000000112500000,0x0000000112600000)]
  0x00007f966e023000 JavaThread "Atmosphere-Scheduler-14" daemon [_thread_blocked, id=33319, stack(0x00000001117bc000,0x00000001118bc000)]
  0x00007f966f1ea000 JavaThread "Atmosphere-Scheduler-13" daemon [_thread_blocked, id=22287, stack(0x0000000112c15000,0x0000000112d15000)]
  0x00007f966e2b4800 JavaThread "http-bio-8080-exec-10" daemon [_thread_blocked, id=41987, stack(0x0000000114ee8000,0x0000000114fe8000)]
  0x00007f96690de000 JavaThread "http-bio-8080-exec-9" daemon [_thread_blocked, id=41475, stack(0x0000000114de5000,0x0000000114ee5000)]
  0x00007f966b927800 JavaThread "http-bio-8080-exec-8" daemon [_thread_blocked, id=40963, stack(0x0000000114a81000,0x0000000114b81000)]
  0x00007f96690dd800 JavaThread "http-bio-8080-exec-7" daemon [_thread_blocked, id=40451, stack(0x00000001146ee000,0x00000001147ee000)]
  0x00007f966b91e800 JavaThread "http-bio-8080-exec-6" daemon [_thread_blocked, id=39939, stack(0x00000001145eb000,0x00000001146eb000)]
  0x00007f96690dc800 JavaThread "http-bio-8080-exec-5" daemon [_thread_blocked, id=39427, stack(0x0000000112a0f000,0x0000000112b0f000)]
  0x00007f966e2b5800 JavaThread "http-bio-8080-exec-4" daemon [_thread_in_native, id=38915, stack(0x0000000112747000,0x0000000112847000)]
  0x00007f966d63a000 JavaThread "http-bio-8080-exec-3" daemon [_thread_blocked, id=38403, stack(0x00000001144e8000,0x00000001145e8000)]
  0x00007f966e981000 JavaThread "DestroyJavaVM" [_thread_blocked, id=6403, stack(0x0000000108654000,0x0000000108754000)]
  0x00007f966abc6800 JavaThread "http-bio-8080-exec-2" daemon [_thread_blocked, id=37379, stack(0x00000001142e2000,0x00000001143e2000)]
  0x00007f966aa7a000 JavaThread "http-bio-8080-exec-1" daemon [_thread_blocked, id=36867, stack(0x00000001141df000,0x00000001142df000)]
  0x00007f966d5d3800 JavaThread "http-bio-8080-AsyncTimeout" daemon [_thread_blocked, id=36355, stack(0x00000001140dc000,0x00000001141dc000)]
  0x00007f966d28b000 JavaThread "http-bio-8080-Acceptor-0" daemon [_thread_in_native, id=35843, stack(0x0000000113fd9000,0x00000001140d9000)]
  0x00007f966d5d6800 JavaThread "ContainerBackgroundProcessor[StandardEngine[Tomcat]]" daemon [_thread_blocked, id=35331, stack(0x0000000113ed6000,0x0000000113fd6000)]
  0x00007f966d90f000 JavaThread "net.sf.ehcache.CacheManager@62b17d7c" daemon [_thread_blocked, id=28163, stack(0x0000000112dfb000,0x0000000112efb000)]
  0x00007f966c061000 JavaThread "PoolCleaner[995419558:1430146734565]" daemon [_thread_blocked, id=27651, stack(0x0000000112644000,0x0000000112744000)]
=>0x00007f966abe9000 JavaThread "FileSystemWatcher: files=#160 cl=groovy.lang.GroovyClassLoader@3b54e5a6" daemon [_thread_in_Java, id=27139, stack(0x0000000111cb1000,0x0000000111db1000)]
  0x00007f966d874000 JavaThread "Thread-4" daemon [_thread_in_native, id=26627, stack(0x0000000111ed6000,0x0000000111fd6000)]
  0x00007f966ce2c000 JavaThread "Thread-3" [_thread_in_native, id=25091, stack(0x0000000111a62000,0x0000000111b62000)]
  0x00007f966c8cc800 JavaThread "Thread-2" [_thread_blocked, id=24583, stack(0x00000001114f3000,0x00000001115f3000)]
  0x00007f966a921800 JavaThread "NonBlockingInputStreamThread" daemon [_thread_blocked, id=22787, stack(0x00000001111c4000,0x00000001112c4000)]
  0x00007f96698f6800 JavaThread "Service Thread" daemon [_thread_blocked, id=21251, stack(0x0000000110e11000,0x0000000110f11000)]
  0x00007f96698f6000 JavaThread "C2 CompilerThread1" daemon [_thread_blocked, id=20739, stack(0x0000000110d0e000,0x0000000110e0e000)]
  0x00007f96698e6000 JavaThread "C2 CompilerThread0" daemon [_thread_blocked, id=20227, stack(0x0000000110c0b000,0x0000000110d0b000)]
  0x00007f9669804000 JavaThread "Signal Dispatcher" daemon [_thread_blocked, id=19715, stack(0x0000000110938000,0x0000000110a38000)]
  0x00007f966a850800 JavaThread "Finalizer" daemon [_thread_blocked, id=14595, stack(0x00000001106e9000,0x00000001107e9000)]
  0x00007f966a84e000 JavaThread "Reference Handler" daemon [_thread_blocked, id=14083, stack(0x00000001105e6000,0x00000001106e6000)]

Other Threads:
  0x00007f966a84d800 VMThread [stack: 0x00000001104e3000,0x00000001105e3000] [id=13571]
  0x00007f966a853000 WatcherThread [stack: 0x0000000110f14000,0x0000000111014000] [id=21763]

VM state:not at safepoint (normal execution)

VM Mutex/Monitor currently owned by a thread: None

Heap
 PSYoungGen      total 211968K, used 100617K [0x00000007f0000000, 0x0000000800000000, 0x0000000800000000)
  eden space 163328K, 51% used [0x00000007f0000000,0x00000007f51bd880,0x00000007f9f80000)
  from space 48640K, 34% used [0x00000007f9f80000,0x00000007fb004de0,0x00000007fcf00000)
  to   space 48640K, 0% used [0x00000007fd080000,0x00000007fd080000,0x0000000800000000)
 ParOldGen       total 163840K, used 103142K [0x00000007d0000000, 0x00000007da000000, 0x00000007f0000000)
  object space 163840K, 62% used [0x00000007d0000000,0x00000007d64b9aa8,0x00000007da000000)
 PSPermGen       total 120320K, used 78868K [0x00000007c0000000, 0x00000007c7580000, 0x00000007d0000000)
  object space 120320K, 65% used [0x00000007c0000000,0x00000007c4d050b8,0x00000007c7580000)

Card table byte_map: [0x000000010b827000,0x000000010ba28000] byte_map_base: 0x0000000107a27000

Polling page: 0x0000000106ba7000

Code Cache  [0x0000000108767000, 0x0000000108fe7000, 0x000000010b767000)
 total_blobs=2583 nmethods=1872 adapters=663 free_code_cache=40603Kb largest_free_block=41447488

Compilation events (10 events):
Event: 573.489 Thread 0x00007f96698e6000 nmethod 2101 0x0000000108e6bdd0 code [0x0000000108e6bf00, 0x0000000108e6bf78]
Event: 573.489 Thread 0x00007f96698e6000 2102             org.codehaus.groovy.ast.ClassNode::getAbstractMethods (74 bytes)
Event: 573.500 Thread 0x00007f96698e6000 nmethod 2102 0x0000000108e6e510 code [0x0000000108e6e700, 0x0000000108e6ef98]
Event: 573.500 Thread 0x00007f96698e6000 2103             org.codehaus.groovy.ast.stmt.ExpressionStatement::visit (8 bytes)
Event: 573.500 Thread 0x00007f96698e6000 nmethod 2103 0x0000000108e6bb50 code [0x0000000108e6bca0, 0x0000000108e6bd18]
Event: 573.500 Thread 0x00007f96698e6000 2104             java.io.FilterOutputStream::write (51 bytes)
Event: 573.502 Thread 0x00007f96698e6000 nmethod 2104 0x0000000108e6e150 code [0x0000000108e6e2a0, 0x0000000108e6e3e8]
Event: 573.502 Thread 0x00007f96698e6000 2105             org.fusesource.jansi.AnsiOutputStream::write (871 bytes)
Event: 573.516 Thread 0x00007f96698f6000 nmethod 2080 0x0000000108fd71d0 code [0x0000000108fd78e0, 0x0000000108fdb930]
Event: 573.518 Thread 0x00007f96698e6000 nmethod 2105 0x0000000108c657d0 code [0x0000000108c65b60, 0x0000000108c67430]

GC Heap History (10 events):
Event: 109.073 GC heap before
{Heap before GC invocations=48 (full 2):
 PSYoungGen      total 200192K, used 199770K [0x00000007f0000000, 0x0000000800000000, 0x0000000800000000)
  eden space 162816K, 100% used [0x00000007f0000000,0x00000007f9f00000,0x00000007f9f00000)
  from space 37376K, 98% used [0x00000007f9f00000,0x00000007fc316998,0x00000007fc380000)
  to   space 50176K, 0% used [0x00000007fcf00000,0x00000007fcf00000,0x0000000800000000)
 ParOldGen       total 97280K, used 86052K [0x00000007d0000000, 0x00000007d5f00000, 0x00000007f0000000)
  object space 97280K, 88% used [0x00000007d0000000,0x00000007d54091d8,0x00000007d5f00000)
 PSPermGen       total 77312K, used 76934K [0x00000007c0000000, 0x00000007c4b80000, 0x00000007d0000000)
  object space 77312K, 99% used [0x00000007c0000000,0x00000007c4b219a0,0x00000007c4b80000)
Event: 109.091 GC heap after
Heap after GC invocations=48 (full 2):
 PSYoungGen      total 212992K, used 25511K [0x00000007f0000000, 0x0000000800000000, 0x0000000800000000)
  eden space 162816K, 0% used [0x00000007f0000000,0x00000007f0000000,0x00000007f9f00000)
  from space 50176K, 50% used [0x00000007fcf00000,0x00000007fe7e9db8,0x0000000800000000)
  to   space 49152K, 0% used [0x00000007f9f00000,0x00000007f9f00000,0x00000007fcf00000)
 ParOldGen       total 97280K, used 90387K [0x00000007d0000000, 0x00000007d5f00000, 0x00000007f0000000)
  object space 97280K, 92% used [0x00000007d0000000,0x00000007d5844d88,0x00000007d5f00000)
 PSPermGen       total 77312K, used 76934K [0x00000007c0000000, 0x00000007c4b80000, 0x00000007d0000000)
  object space 77312K, 99% used [0x00000007c0000000,0x00000007c4b219a0,0x00000007c4b80000)
}
Event: 109.091 GC heap before
{Heap before GC invocations=49 (full 3):
 PSYoungGen      total 212992K, used 25511K [0x00000007f0000000, 0x0000000800000000, 0x0000000800000000)
  eden space 162816K, 0% used [0x00000007f0000000,0x00000007f0000000,0x00000007f9f00000)
  from space 50176K, 50% used [0x00000007fcf00000,0x00000007fe7e9db8,0x0000000800000000)
  to   space 49152K, 0% used [0x00000007f9f00000,0x00000007f9f00000,0x00000007fcf00000)
 ParOldGen       total 97280K, used 90387K [0x00000007d0000000, 0x00000007d5f00000, 0x00000007f0000000)
  object space 97280K, 92% used [0x00000007d0000000,0x00000007d5844d88,0x00000007d5f00000)
 PSPermGen       total 77312K, used 76934K [0x00000007c0000000, 0x00000007c4b80000, 0x00000007d0000000)
  object space 77312K, 99% used [0x00000007c0000000,0x00000007c4b219a0,0x00000007c4b80000)
Event: 109.678 GC heap after
Heap after GC invocations=49 (full 3):
 PSYoungGen      total 212992K, used 13516K [0x00000007f0000000, 0x0000000800000000, 0x0000000800000000)
  eden space 162816K, 0% used [0x00000007f0000000,0x00000007f0000000,0x00000007f9f00000)
  from space 50176K, 26% used [0x00000007fcf00000,0x00000007fdc33060,0x0000000800000000)
  to   space 49152K, 0% used [0x00000007f9f00000,0x00000007f9f00000,0x00000007fcf00000)
 ParOldGen       total 163840K, used 97153K [0x00000007d0000000, 0x00000007da000000, 0x00000007f0000000)
  object space 163840K, 59% used [0x00000007d0000000,0x00000007d5ee0548,0x00000007da000000)
 PSPermGen       total 120320K, used 76889K [0x00000007c0000000, 0x00000007c7580000, 0x00000007d0000000)
  object space 120320K, 63% used [0x00000007c0000000,0x00000007c4b16530,0x00000007c7580000)
}
Event: 179.036 GC heap before
{Heap before GC invocations=50 (full 3):
 PSYoungGen      total 212992K, used 171471K [0x00000007f0000000, 0x0000000800000000, 0x0000000800000000)
  eden space 162816K, 97% used [0x00000007f0000000,0x00000007f9a40bb0,0x00000007f9f00000)
  from space 50176K, 26% used [0x00000007fcf00000,0x00000007fdc33060,0x0000000800000000)
  to   space 49152K, 0% used [0x00000007f9f00000,0x00000007f9f00000,0x00000007fcf00000)
 ParOldGen       total 163840K, used 97153K [0x00000007d0000000, 0x00000007da000000, 0x00000007f0000000)
  object space 163840K, 59% used [0x00000007d0000000,0x00000007d5ee0548,0x00000007da000000)
 PSPermGen       total 120320K, used 77523K [0x00000007c0000000, 0x00000007c7580000, 0x00000007d0000000)
  object space 120320K, 64% used [0x00000007c0000000,0x00000007c4bb4d20,0x00000007c7580000)
Event: 179.069 GC heap after
Heap after GC invocations=50 (full 3):
 PSYoungGen      total 211968K, used 17679K [0x00000007f0000000, 0x0000000800000000, 0x0000000800000000)
  eden space 162816K, 0% used [0x00000007f0000000,0x00000007f0000000,0x00000007f9f00000)
  from space 49152K, 35% used [0x00000007f9f00000,0x00000007fb043ce0,0x00000007fcf00000)
  to   space 49664K, 0% used [0x00000007fcf80000,0x00000007fcf80000,0x0000000800000000)
 ParOldGen       total 163840K, used 98937K [0x00000007d0000000, 0x00000007da000000, 0x00000007f0000000)
  object space 163840K, 60% used [0x00000007d0000000,0x00000007d609e548,0x00000007da000000)
 PSPermGen       total 120320K, used 77523K [0x00000007c0000000, 0x00000007c7580000, 0x00000007d0000000)
  object space 120320K, 64% used [0x00000007c0000000,0x00000007c4bb4d20,0x00000007c7580000)
}
Event: 572.676 GC heap before
{Heap before GC invocations=51 (full 3):
 PSYoungGen      total 211968K, used 180495K [0x00000007f0000000, 0x0000000800000000, 0x0000000800000000)
  eden space 162816K, 100% used [0x00000007f0000000,0x00000007f9f00000,0x00000007f9f00000)
  from space 49152K, 35% used [0x00000007f9f00000,0x00000007fb043ce0,0x00000007fcf00000)
  to   space 49664K, 0% used [0x00000007fcf80000,0x00000007fcf80000,0x0000000800000000)
 ParOldGen       total 163840K, used 98937K [0x00000007d0000000, 0x00000007da000000, 0x00000007f0000000)
  object space 163840K, 60% used [0x00000007d0000000,0x00000007d609e548,0x00000007da000000)
 PSPermGen       total 120320K, used 77947K [0x00000007c0000000, 0x00000007c7580000, 0x00000007d0000000)
  object space 120320K, 64% used [0x00000007c0000000,0x00000007c4c1ede8,0x00000007c7580000)
Event: 572.689 GC heap after
Heap after GC invocations=51 (full 3):
 PSYoungGen      total 211456K, used 20422K [0x00000007f0000000, 0x00000007ffe80000, 0x0000000800000000)
  eden space 163328K, 0% used [0x00000007f0000000,0x00000007f0000000,0x00000007f9f80000)
  from space 48128K, 42% used [0x00000007fcf80000,0x00000007fe371b08,0x00000007ffe80000)
  to   space 48640K, 0% used [0x00000007f9f80000,0x00000007f9f80000,0x00000007fcf00000)
 ParOldGen       total 163840K, used 99187K [0x00000007d0000000, 0x00000007da000000, 0x00000007f0000000)
  object space 163840K, 60% used [0x00000007d0000000,0x00000007d60dcd68,0x00000007da000000)
 PSPermGen       total 120320K, used 77947K [0x00000007c0000000, 0x00000007c7580000, 0x00000007d0000000)
  object space 120320K, 64% used [0x00000007c0000000,0x00000007c4c1ede8,0x00000007c7580000)
}
Event: 573.289 GC heap before
{Heap before GC invocations=52 (full 3):
 PSYoungGen      total 211456K, used 182777K [0x00000007f0000000, 0x00000007ffe80000, 0x0000000800000000)
  eden space 163328K, 99% used [0x00000007f0000000,0x00000007f9e8cae8,0x00000007f9f80000)
  from space 48128K, 42% used [0x00000007fcf80000,0x00000007fe371b08,0x00000007ffe80000)
  to   space 48640K, 0% used [0x00000007f9f80000,0x00000007f9f80000,0x00000007fcf00000)
 ParOldGen       total 163840K, used 99187K [0x00000007d0000000, 0x00000007da000000, 0x00000007f0000000)
  object space 163840K, 60% used [0x00000007d0000000,0x00000007d60dcd68,0x00000007da000000)
 PSPermGen       total 120320K, used 78019K [0x00000007c0000000, 0x00000007c7580000, 0x00000007d0000000)
  object space 120320K, 64% used [0x00000007c0000000,0x00000007c4c30d18,0x00000007c7580000)
Event: 573.305 GC heap after
Heap after GC invocations=52 (full 3):
 PSYoungGen      total 211968K, used 16915K [0x00000007f0000000, 0x0000000800000000, 0x0000000800000000)
  eden space 163328K, 0% used [0x00000007f0000000,0x00000007f0000000,0x00000007f9f80000)
  from space 48640K, 34% used [0x00000007f9f80000,0x00000007fb004de0,0x00000007fcf00000)
  to   space 48640K, 0% used [0x00000007fd080000,0x00000007fd080000,0x0000000800000000)
 ParOldGen       total 163840K, used 103142K [0x00000007d0000000, 0x00000007da000000, 0x00000007f0000000)
  object space 163840K, 62% used [0x00000007d0000000,0x00000007d64b9aa8,0x00000007da000000)
 PSPermGen       total 120320K, used 78019K [0x00000007c0000000, 0x00000007c7580000, 0x00000007d0000000)
  object space 120320K, 64% used [0x00000007c0000000,0x00000007c4c30d18,0x00000007c7580000)
}

Deoptimization events (10 events):
Event: 572.825 Thread 0x00007f966c808000 Uncommon trap: reason=predicate action=maybe_recompile pc=0x0000000108f78fc8 method=java.util.Arrays.fill([Ljava/lang/Object;Ljava/lang/Object;)V @ 10
Event: 572.855 Thread 0x00007f966c808000 Uncommon trap: reason=null_check action=make_not_entrant pc=0x0000000108f985c0 method=groovyjarjarantlr.CharScanner.testLiteralsTable(I)I @ 32
Event: 573.056 Thread 0x00007f966c808000 Uncommon trap: reason=array_check action=maybe_recompile pc=0x0000000108f755f8 method=java.util.Arrays.fill([Ljava/lang/Object;Ljava/lang/Object;)V @ 13
Event: 573.056 Thread 0x00007f966c808000 Uncommon trap: reason=array_check action=maybe_recompile pc=0x0000000108f755f8 method=java.util.Arrays.fill([Ljava/lang/Object;Ljava/lang/Object;)V @ 13
Event: 573.056 Thread 0x00007f966c808000 Uncommon trap: reason=array_check action=maybe_recompile pc=0x0000000108f755f8 method=java.util.Arrays.fill([Ljava/lang/Object;Ljava/lang/Object;)V @ 13
Event: 573.056 Thread 0x00007f966c808000 Uncommon trap: reason=array_check action=maybe_recompile pc=0x0000000108f755f8 method=java.util.Arrays.fill([Ljava/lang/Object;Ljava/lang/Object;)V @ 13
Event: 573.407 Thread 0x00007f966c808000 Uncommon trap: reason=unreached action=reinterpret pc=0x0000000108bd0dec method=org.springsource.loaded.TypeDescriptor.filterNonPrivateMethods([Lorg/springsource/loaded/MethodMember;)[Lorg/springsource/loaded/MethodMember; @ 58
Event: 573.427 Thread 0x00007f966c808000 Uncommon trap: reason=unloaded action=reinterpret pc=0x00000001089443cc method=org.codehaus.groovy.reflection.CachedMethod.invoke(Ljava/lang/Object;[Ljava/lang/Object;)Ljava/lang/Object; @ 30
Event: 573.428 Thread 0x00007f966c808000 Uncommon trap: reason=unloaded action=reinterpret pc=0x00000001089443cc method=org.codehaus.groovy.reflection.CachedMethod.invoke(Ljava/lang/Object;[Ljava/lang/Object;)Ljava/lang/Object; @ 30
Event: 573.545 Thread 0x00007f966abe9000 Uncommon trap: reason=unreached action=reinterpret pc=0x00000001089eea78 method=java.lang.ClassLoader.checkName(Ljava/lang/String;)Z @ 1

Internal exceptions (10 events):
Event: 573.429 Thread 0x00007f966c808000 Threw 0x00000007f45ca448 at /HUDSON/workspace/7u-2-build-macosx-x86_64/jdk7u51/527/hotspot/src/share/vm/prims/jvm.cpp:1244
Event: 573.429 Thread 0x00007f966c808000 Threw 0x00000007f45ca6f0 at /HUDSON/workspace/7u-2-build-macosx-x86_64/jdk7u51/527/hotspot/src/share/vm/classfile/systemDictionary.cpp:185
Event: 573.429 Thread 0x00007f966c808000 Threw 0x00000007f45cfad8 at /HUDSON/workspace/7u-2-build-macosx-x86_64/jdk7u51/527/hotspot/src/share/vm/prims/jvm.cpp:1244
Event: 573.430 Thread 0x00007f966c808000 Threw 0x00000007f45d3370 at /HUDSON/workspace/7u-2-build-macosx-x86_64/jdk7u51/527/hotspot/src/share/vm/prims/jvm.cpp:1244
Event: 573.430 Thread 0x00007f966c808000 Threw 0x00000007f45d4f00 at /HUDSON/workspace/7u-2-build-macosx-x86_64/jdk7u51/527/hotspot/src/share/vm/prims/jvm.cpp:1244
Event: 573.430 Thread 0x00007f966c808000 Threw 0x00000007f45d8798 at /HUDSON/workspace/7u-2-build-macosx-x86_64/jdk7u51/527/hotspot/src/share/vm/prims/jvm.cpp:1244
Event: 573.430 Thread 0x00007f966c808000 Threw 0x00000007f45d8a48 at /HUDSON/workspace/7u-2-build-macosx-x86_64/jdk7u51/527/hotspot/src/share/vm/classfile/systemDictionary.cpp:185
Event: 573.431 Thread 0x00007f966c808000 Threw 0x00000007f45f4f28 at /HUDSON/workspace/7u-2-build-macosx-x86_64/jdk7u51/527/hotspot/src/share/vm/prims/jvm.cpp:1244
Event: 573.433 Thread 0x00007f966c808000 Threw 0x00000007f460aab0 at /HUDSON/workspace/7u-2-build-macosx-x86_64/jdk7u51/527/hotspot/src/share/vm/prims/jvm.cpp:1244
Event: 573.545 Thread 0x00007f966abe9000 Implicit null exception at 0x00000001089ee90c to 0x00000001089eea69

Events (10 events):
Event: 573.433 loading class 0x00007f966b53f870 done
Event: 573.441 Thread 0x00007f966c808000 Thread exited: 0x00007f966c808000
Event: 573.448 Thread 0x00007f96698e6000 flushing nmethod 0x0000000108b001d0
Event: 573.449 Thread 0x00007f96698e6000 flushing nmethod 0x0000000108b55fd0
Event: 573.449 Thread 0x00007f96698e6000 flushing nmethod 0x0000000108b83350
Event: 573.449 Thread 0x00007f96698e6000 flushing nmethod 0x0000000108c13cd0
Event: 573.457 Thread 0x00007f96698e6000 flushing nmethod 0x0000000108e6bb50
Event: 573.545 Thread 0x00007f966abe9000 Uncommon trap: trap_request=0xffffffad fr.pc=0x00000001089eea78
Event: 573.545 Thread 0x00007f966abe9000 DEOPT PACKING pc=0x00000001089eea78 sp=0x0000000111db0390
Event: 573.545 Thread 0x00007f966abe9000 DEOPT UNPACKING pc=0x00000001087a0045 sp=0x0000000111db0358 mode 2


Dynamic libraries:
0x000000000a89b000 	/System/Library/Frameworks/Cocoa.framework/Versions/A/Cocoa
0x000000000a89b000 	/System/Library/Frameworks/Security.framework/Versions/A/Security
0x000000000a89b000 	/System/Library/Frameworks/ApplicationServices.framework/Versions/A/ApplicationServices
0x000000000a89b000 	/usr/lib/libz.1.dylib
0x000000000a89b000 	/usr/lib/libSystem.B.dylib
0x000000000a89b000 	/usr/lib/libobjc.A.dylib
0x000000000a89b000 	/System/Library/Frameworks/CoreFoundation.framework/Versions/A/CoreFoundation
0x000000000a89b000 	/System/Library/Frameworks/Foundation.framework/Versions/C/Foundation
0x000000000a89b000 	/System/Library/Frameworks/AppKit.framework/Versions/C/AppKit
0x000000000a89b000 	/System/Library/Frameworks/CoreData.framework/Versions/A/CoreData
0x000000000a89b000 	/System/Library/PrivateFrameworks/RemoteViewServices.framework/Versions/A/RemoteViewServices
0x000000000a89b000 	/System/Library/Frameworks/AudioToolbox.framework/Versions/A/AudioToolbox
0x000000000a89b000 	/System/Library/Frameworks/AudioUnit.framework/Versions/A/AudioUnit
0x000000000a89b000 	/System/Library/PrivateFrameworks/DataDetectorsCore.framework/Versions/A/DataDetectorsCore
0x000000000a89b000 	/System/Library/PrivateFrameworks/DesktopServicesPriv.framework/Versions/A/DesktopServicesPriv
0x000000000a89b000 	/System/Library/Frameworks/Carbon.framework/Versions/A/Frameworks/HIToolbox.framework/Versions/A/HIToolbox
0x000000000a89b000 	/System/Library/Frameworks/QuartzCore.framework/Versions/A/QuartzCore
0x000000000a89b000 	/System/Library/Frameworks/Carbon.framework/Versions/A/Frameworks/SpeechRecognition.framework/Versions/A/SpeechRecognition
0x000000000a89b000 	/usr/lib/libauto.dylib
0x000000000a89b000 	/usr/lib/libicucore.A.dylib
0x000000000a89b000 	/usr/lib/libxml2.2.dylib
0x000000000a89b000 	/System/Library/PrivateFrameworks/CoreUI.framework/Versions/A/CoreUI
0x000000000a89b000 	/System/Library/Frameworks/CoreAudio.framework/Versions/A/CoreAudio
0x000000000a89b000 	/System/Library/Frameworks/DiskArbitration.framework/Versions/A/DiskArbitration
0x000000000a89b000 	/usr/lib/liblangid.dylib
0x000000000a89b000 	/System/Library/PrivateFrameworks/MultitouchSupport.framework/Versions/A/MultitouchSupport
0x000000000a89b000 	/System/Library/Frameworks/IOKit.framework/Versions/A/IOKit
0x000000000a89b000 	/usr/lib/libDiagnosticMessagesClient.dylib
0x000000000a89b000 	/System/Library/Frameworks/CoreServices.framework/Versions/A/CoreServices
0x000000000a89b000 	/System/Library/PrivateFrameworks/PerformanceAnalysis.framework/Versions/A/PerformanceAnalysis
0x000000000a89b000 	/System/Library/PrivateFrameworks/GenerationalStorage.framework/Versions/A/GenerationalStorage
0x000000000a89b000 	/System/Library/Frameworks/OpenGL.framework/Versions/A/OpenGL
0x000000000a89b000 	/System/Library/PrivateFrameworks/Sharing.framework/Versions/A/Sharing
0x000000000a89b000 	/System/Library/Frameworks/ImageIO.framework/Versions/A/ImageIO
0x000000000a89b000 	/System/Library/Frameworks/CoreText.framework/Versions/A/CoreText
0x000000000a89b000 	/System/Library/Frameworks/CoreGraphics.framework/Versions/A/CoreGraphics
0x000000000a89b000 	/System/Library/PrivateFrameworks/Backup.framework/Versions/A/Backup
0x000000000a89b000 	/System/Library/Frameworks/CFNetwork.framework/Versions/A/CFNetwork
0x000000000a89b000 	/System/Library/Frameworks/SystemConfiguration.framework/Versions/A/SystemConfiguration
0x000000000a89b000 	/usr/lib/libCRFSuite.dylib
0x000000000a89b000 	/usr/lib/libc++.1.dylib
0x000000000a89b000 	/usr/lib/libc++abi.dylib
0x000000000a89b000 	/usr/lib/system/libcache.dylib
0x000000000a89b000 	/usr/lib/system/libcommonCrypto.dylib
0x000000000a89b000 	/usr/lib/system/libcompiler_rt.dylib
0x000000000a89b000 	/usr/lib/system/libcopyfile.dylib
0x000000000a89b000 	/usr/lib/system/libcorecrypto.dylib
0x000000000a89b000 	/usr/lib/system/libdispatch.dylib
0x000000000a89b000 	/usr/lib/system/libdyld.dylib
0x000000000a89b000 	/usr/lib/system/libkeymgr.dylib
0x000000000a89b000 	/usr/lib/system/liblaunch.dylib
0x000000000a89b000 	/usr/lib/system/libmacho.dylib
0x000000000a89b000 	/usr/lib/system/libquarantine.dylib
0x000000000a89b000 	/usr/lib/system/libremovefile.dylib
0x000000000a89b000 	/usr/lib/system/libsystem_asl.dylib
0x000000000a89b000 	/usr/lib/system/libsystem_blocks.dylib
0x000000000a89b000 	/usr/lib/system/libsystem_c.dylib
0x000000000a89b000 	/usr/lib/system/libsystem_configuration.dylib
0x000000000a89b000 	/usr/lib/system/libsystem_dnssd.dylib
0x000000000a89b000 	/usr/lib/system/libsystem_info.dylib
0x000000000a89b000 	/usr/lib/system/libsystem_kernel.dylib
0x000000000a89b000 	/usr/lib/system/libsystem_m.dylib
0x000000000a89b000 	/usr/lib/system/libsystem_malloc.dylib
0x000000000a89b000 	/usr/lib/system/libsystem_network.dylib
0x000000000a89b000 	/usr/lib/system/libsystem_notify.dylib
0x000000000a89b000 	/usr/lib/system/libsystem_platform.dylib
0x000000000a89b000 	/usr/lib/system/libsystem_pthread.dylib
0x000000000a89b000 	/usr/lib/system/libsystem_sandbox.dylib
0x000000000a89b000 	/usr/lib/system/libsystem_stats.dylib
0x000000000a89b000 	/usr/lib/system/libunc.dylib
0x000000000a89b000 	/usr/lib/system/libunwind.dylib
0x000000000a89b000 	/usr/lib/system/libxpc.dylib
0x000000000a89b000 	/usr/lib/libbsm.0.dylib
0x000000000a89b000 	/usr/lib/libsqlite3.dylib
0x000000000a89b000 	/usr/lib/libxar.1.dylib
0x000000000a89b000 	/usr/lib/libpam.2.dylib
0x000000000a89b000 	/usr/lib/libOpenScriptingUtil.dylib
0x000000000a89b000 	/usr/lib/libbz2.1.0.dylib
0x000000000a89b000 	/System/Library/Frameworks/CoreServices.framework/Versions/A/Frameworks/CarbonCore.framework/Versions/A/CarbonCore
0x000000000a89b000 	/System/Library/Frameworks/CoreServices.framework/Versions/A/Frameworks/Metadata.framework/Versions/A/Metadata
0x000000000a89b000 	/System/Library/Frameworks/CoreServices.framework/Versions/A/Frameworks/OSServices.framework/Versions/A/OSServices
0x000000000a89b000 	/System/Library/Frameworks/CoreServices.framework/Versions/A/Frameworks/SearchKit.framework/Versions/A/SearchKit
0x000000000a89b000 	/System/Library/Frameworks/CoreServices.framework/Versions/A/Frameworks/AE.framework/Versions/A/AE
0x000000000a89b000 	/System/Library/Frameworks/CoreServices.framework/Versions/A/Frameworks/LaunchServices.framework/Versions/A/LaunchServices
0x000000000a89b000 	/System/Library/Frameworks/CoreServices.framework/Versions/A/Frameworks/DictionaryServices.framework/Versions/A/DictionaryServices
0x000000000a89b000 	/System/Library/Frameworks/NetFS.framework/Versions/A/NetFS
0x000000000a89b000 	/usr/lib/system/libkxld.dylib
0x000000000a89b000 	/System/Library/PrivateFrameworks/NetAuth.framework/Versions/A/NetAuth
0x000000000a89b000 	/System/Library/PrivateFrameworks/TCC.framework/Versions/A/TCC
0x000000000a89b000 	/System/Library/Frameworks/OpenDirectory.framework/Versions/A/Frameworks/CFOpenDirectory.framework/Versions/A/CFOpenDirectory
0x000000000a89b000 	/System/Library/Frameworks/ServiceManagement.framework/Versions/A/ServiceManagement
0x000000000a89b000 	/usr/lib/libxslt.1.dylib
0x000000000a89b000 	/System/Library/Frameworks/Carbon.framework/Versions/A/Frameworks/Ink.framework/Versions/A/Ink
0x000000000a89b000 	/System/Library/Frameworks/ApplicationServices.framework/Versions/A/Frameworks/ATS.framework/Versions/A/ATS
0x000000000a89b000 	/System/Library/Frameworks/ApplicationServices.framework/Versions/A/Frameworks/ColorSync.framework/Versions/A/ColorSync
0x000000000a89b000 	/System/Library/Frameworks/ApplicationServices.framework/Versions/A/Frameworks/HIServices.framework/Versions/A/HIServices
0x000000000a89b000 	/System/Library/Frameworks/ApplicationServices.framework/Versions/A/Frameworks/LangAnalysis.framework/Versions/A/LangAnalysis
0x000000000a89b000 	/System/Library/Frameworks/ApplicationServices.framework/Versions/A/Frameworks/PrintCore.framework/Versions/A/PrintCore
0x000000000a89b000 	/System/Library/Frameworks/ApplicationServices.framework/Versions/A/Frameworks/QD.framework/Versions/A/QD
0x000000000a89b000 	/System/Library/Frameworks/ApplicationServices.framework/Versions/A/Frameworks/SpeechSynthesis.framework/Versions/A/SpeechSynthesis
0x000000000a89b000 	/System/Library/Frameworks/IOSurface.framework/Versions/A/IOSurface
0x000000000a89b000 	/System/Library/Frameworks/Accelerate.framework/Versions/A/Accelerate
0x000000000a89b000 	/System/Library/Frameworks/Accelerate.framework/Versions/A/Frameworks/vImage.framework/Versions/A/vImage
0x000000000a89b000 	/System/Library/Frameworks/Accelerate.framework/Versions/A/Frameworks/vecLib.framework/Versions/A/vecLib
0x000000000a89b000 	/System/Library/Frameworks/Accelerate.framework/Versions/A/Frameworks/vecLib.framework/Versions/A/libvDSP.dylib
0x000000000a89b000 	/System/Library/Frameworks/Accelerate.framework/Versions/A/Frameworks/vecLib.framework/Versions/A/libvMisc.dylib
0x000000000a89b000 	/System/Library/Frameworks/Accelerate.framework/Versions/A/Frameworks/vecLib.framework/Versions/A/libLAPACK.dylib
0x000000000a89b000 	/System/Library/Frameworks/Accelerate.framework/Versions/A/Frameworks/vecLib.framework/Versions/A/libBLAS.dylib
0x000000000a89b000 	/System/Library/Frameworks/ApplicationServices.framework/Versions/A/Frameworks/ATS.framework/Versions/A/Resources/libFontParser.dylib
0x000000000a89b000 	/System/Library/Frameworks/ApplicationServices.framework/Versions/A/Frameworks/ATS.framework/Versions/A/Resources/libFontRegistry.dylib
0x000000000a89b000 	/System/Library/Frameworks/ImageIO.framework/Versions/A/Resources/libJPEG.dylib
0x000000000a89b000 	/System/Library/Frameworks/ImageIO.framework/Versions/A/Resources/libTIFF.dylib
0x000000000a89b000 	/System/Library/Frameworks/ImageIO.framework/Versions/A/Resources/libPng.dylib
0x000000000a89b000 	/System/Library/Frameworks/ImageIO.framework/Versions/A/Resources/libGIF.dylib
0x000000000a89b000 	/System/Library/Frameworks/ImageIO.framework/Versions/A/Resources/libJP2.dylib
0x000000000a89b000 	/System/Library/Frameworks/ImageIO.framework/Versions/A/Resources/libRadiance.dylib
0x000000000a89b000 	/usr/lib/libcups.2.dylib
0x000000000a89b000 	/System/Library/Frameworks/Kerberos.framework/Versions/A/Kerberos
0x000000000a89b000 	/System/Library/Frameworks/GSS.framework/Versions/A/GSS
0x000000000a89b000 	/usr/lib/libresolv.9.dylib
0x000000000a89b000 	/usr/lib/libiconv.2.dylib
0x000000000a89b000 	/System/Library/PrivateFrameworks/Heimdal.framework/Versions/A/Heimdal
0x000000000a89b000 	/System/Library/PrivateFrameworks/TrustEvaluationAgent.framework/Versions/A/TrustEvaluationAgent
0x000000000a89b000 	/usr/lib/libheimdal-asn1.dylib
0x000000000a89b000 	/System/Library/Frameworks/OpenDirectory.framework/Versions/A/OpenDirectory
0x000000000a89b000 	/System/Library/PrivateFrameworks/CommonAuth.framework/Versions/A/CommonAuth
0x000000000a89b000 	/System/Library/Frameworks/SecurityFoundation.framework/Versions/A/SecurityFoundation
0x000000000a89b000 	/System/Library/PrivateFrameworks/Bom.framework/Versions/A/Bom
0x000000000a89b000 	/System/Library/Frameworks/CoreVideo.framework/Versions/A/CoreVideo
0x000000000a89b000 	/System/Library/Frameworks/QuartzCore.framework/Versions/A/Frameworks/CoreImage.framework/Versions/A/CoreImage
0x000000000a89b000 	/System/Library/Frameworks/QuartzCore.framework/Versions/A/Frameworks/ScalableUserInterface.framework/Versions/A/ScalableUserInterface
0x000000000a89b000 	/System/Library/Frameworks/OpenGL.framework/Versions/A/Libraries/libGLU.dylib
0x000000000a89b000 	/System/Library/Frameworks/OpenGL.framework/Versions/A/Libraries/libGFXShared.dylib
0x000000000a89b000 	/System/Library/Frameworks/OpenGL.framework/Versions/A/Libraries/libGL.dylib
0x000000000a89b000 	/System/Library/Frameworks/OpenGL.framework/Versions/A/Libraries/libGLImage.dylib
0x000000000a89b000 	/System/Library/Frameworks/OpenGL.framework/Versions/A/Libraries/libCVMSPluginSupport.dylib
0x000000000a89b000 	/System/Library/Frameworks/OpenGL.framework/Versions/A/Libraries/libCoreVMClient.dylib
0x000000000a89b000 	/System/Library/PrivateFrameworks/FaceCore.framework/Versions/A/FaceCore
0x000000000a89b000 	/System/Library/PrivateFrameworks/CrashReporterSupport.framework/Versions/A/CrashReporterSupport
0x000000000a89b000 	/System/Library/Frameworks/OpenCL.framework/Versions/A/OpenCL
0x000000000a89b000 	/System/Library/PrivateFrameworks/AppleFSCompression.framework/Versions/A/AppleFSCompression
0x000000000a89b000 	/System/Library/PrivateFrameworks/Ubiquity.framework/Versions/A/Ubiquity
0x000000000a89b000 	/System/Library/PrivateFrameworks/IconServices.framework/Versions/A/IconServices
0x000000000a89b000 	/System/Library/PrivateFrameworks/ChunkingLibrary.framework/Versions/A/ChunkingLibrary
0x000000000a89b000 	/System/Library/PrivateFrameworks/CoreSymbolication.framework/Versions/A/CoreSymbolication
0x000000000a89b000 	/System/Library/PrivateFrameworks/Symbolication.framework/Versions/A/Symbolication
0x000000000a89b000 	/System/Library/PrivateFrameworks/DebugSymbols.framework/Versions/A/DebugSymbols
0x0000000107c00000 	/Library/Java/JavaVirtualMachines/jdk1.7.0_51.jdk/Contents/Home/jre/lib/server/libjvm.dylib
0x000000000a89b000 	/usr/lib/libstdc++.6.dylib
0x0000000106b6a000 	/Library/Java/JavaVirtualMachines/jdk1.7.0_51.jdk/Contents/Home/jre/lib/libverify.dylib
0x0000000106b77000 	/Library/Java/JavaVirtualMachines/jdk1.7.0_51.jdk/Contents/Home/jre/lib/libjava.dylib
0x0000000106ba8000 	/Library/Java/JavaVirtualMachines/jdk1.7.0_51.jdk/Contents/Home/jre/lib/libinstrument.dylib
0x000000010875e000 	/Library/Java/JavaVirtualMachines/jdk1.7.0_51.jdk/Contents/Home/jre/lib/libzip.dylib
0x00000001107eb000 	/System/Library/Frameworks/JavaVM.framework/Frameworks/JavaRuntimeSupport.framework/JavaRuntimeSupport
0x0000000110803000 	/System/Library/Frameworks/JavaVM.framework/Versions/A/Frameworks/JavaNativeFoundation.framework/Versions/A/JavaNativeFoundation
0x0000000110818000 	/System/Library/Frameworks/JavaVM.framework/Versions/A/JavaVM
0x000000000a89b000 	/System/Library/Frameworks/Carbon.framework/Versions/A/Carbon
0x0000000110825000 	/System/Library/PrivateFrameworks/JavaLaunching.framework/Versions/A/JavaLaunching
0x000000000a89b000 	/System/Library/Frameworks/Carbon.framework/Versions/A/Frameworks/CommonPanels.framework/Versions/A/CommonPanels
0x000000000a89b000 	/System/Library/Frameworks/Carbon.framework/Versions/A/Frameworks/Help.framework/Versions/A/Help
0x000000000a89b000 	/System/Library/Frameworks/Carbon.framework/Versions/A/Frameworks/ImageCapture.framework/Versions/A/ImageCapture
0x000000000a89b000 	/System/Library/Frameworks/Carbon.framework/Versions/A/Frameworks/OpenScripting.framework/Versions/A/OpenScripting
0x000000000a89b000 	/System/Library/Frameworks/Carbon.framework/Versions/A/Frameworks/Print.framework/Versions/A/Print
0x000000000a89b000 	/System/Library/Frameworks/Carbon.framework/Versions/A/Frameworks/SecurityHI.framework/Versions/A/SecurityHI
0x00000001111c0000 	/private/var/folders/l2/9tzjxt_n5r971h5b_s9khd6h0000gn/T/libjansi-64-7062747933705109166.jnilib
0x00000001110af000 	/Library/Java/JavaVirtualMachines/jdk1.7.0_51.jdk/Contents/Home/jre/lib/libnet.dylib
0x0000000111016000 	/Library/Java/JavaVirtualMachines/jdk1.7.0_51.jdk/Contents/Home/jre/lib/libnio.dylib
0x0000000111063000 	/Library/Java/JavaVirtualMachines/jdk1.7.0_51.jdk/Contents/Home/jre/lib/libmanagement.dylib

VM Arguments:
jvm_args: -Dfile.encoding=UTF-8 -Xmx768M -Xms64M -XX:MaxPermSize=256m -Dgrails.fork.parent.process.port=62932 -Dgrails.fork.active=true -Dgrails.build.execution.context=/private/var/folders/l2/9tzjxt_n5r971h5b_s9khd6h0000gn/T/grails-vaadin7-core-demo3863720691281512289grails-execution-context -Dgrails.show.stacktrace=true -Dgrails.home=/Users/grs/.gvm/grails/2.4.2 -javaagent:/Users/grs/.gvm/grails/2.4.2/lib/org.springframework/springloaded/jars/springloaded-1.2.0.RELEASE.jar -Xverify:none -Dspringloaded.synchronize=true -Djdk.reflect.allowGetCallerClass=true -Dspringloaded=profile=grails;cacheDir=/Users/grs/.grails/2.4.2 
java_command: org.grails.plugins.tomcat.fork.ForkedTomcatServer
Launcher Type: SUN_STANDARD

Environment Variables:
JAVA_HOME=/Library/Java/JavaVirtualMachines/jdk1.7.0_51.jdk/Contents/Home
PATH=/Users/grs/.gvm/vertx/current/bin:/Users/grs/.gvm/springboot/current/bin:/Users/grs/.gvm/lazybones/current/bin:/Users/grs/.gvm/jbake/current/bin:/Users/grs/.gvm/groovyserv/current/bin:/Users/grs/.gvm/groovy/current/bin:/Users/grs/.gvm/griffon/current/bin:/Users/grs/.gvm/grails/current/bin:/Users/grs/.gvm/gradle/current/bin:/Users/grs/.gvm/glide/current/bin:/Users/grs/.gvm/gaiden/current/bin:/Users/grs/.gvm/crash/current/bin:/opt/local/bin:/opt/local/sbin:/usr/bin:/bin:/usr/sbin:/sbin:/usr/local/bin:/usr/local/MacGPG2/bin
SHELL=/bin/bash

Signal Handlers:
SIGSEGV: [libjvm.dylib+0x525425], sa_mask[0]=0xfffefeff, sa_flags=0x00000043
SIGBUS: [libjvm.dylib+0x525425], sa_mask[0]=0xfffefeff, sa_flags=0x00000042
SIGFPE: [libjvm.dylib+0x41892a], sa_mask[0]=0xfffefeff, sa_flags=0x00000042
SIGPIPE: [libjvm.dylib+0x41892a], sa_mask[0]=0xfffefeff, sa_flags=0x00000042
SIGXFSZ: [libjvm.dylib+0x41892a], sa_mask[0]=0xfffefeff, sa_flags=0x00000042
SIGILL: [libjvm.dylib+0x41892a], sa_mask[0]=0xfffefeff, sa_flags=0x00000042
SIGUSR1: SIG_DFL, sa_mask[0]=0x00000000, sa_flags=0x00000002
SIGUSR2: [libjvm.dylib+0x41841c], sa_mask[0]=0x00000004, sa_flags=0x00000042
SIGHUP: [libjvm.dylib+0x4166ab], sa_mask[0]=0xfffefeff, sa_flags=0x00000042
SIGINT: [libjvm.dylib+0x4166ab], sa_mask[0]=0xfffefeff, sa_flags=0x00000042
SIGTERM: [libjvm.dylib+0x4166ab], sa_mask[0]=0xfffefeff, sa_flags=0x00000042
SIGQUIT: [libjvm.dylib+0x4166ab], sa_mask[0]=0xfffefeff, sa_flags=0x00000042


---------------  S Y S T E M  ---------------

OS:Bsduname:Darwin 13.4.0 Darwin Kernel Version 13.4.0: Sun Aug 17 19:50:11 PDT 2014; root:xnu-2422.115.4~1/RELEASE_X86_64 x86_64
rlimit: STACK 8192k, CORE 0k, NPROC 709, NOFILE 10240, AS infinity
load average:1.71 1.76 1.74

CPU:total 8 (4 cores per cpu, 2 threads per core) family 6 model 70 stepping 1, cmov, cx8, fxsr, mmx, sse, sse2, sse3, ssse3, sse4.1, sse4.2, popcnt, avx, avx2, aes, erms, ht, tsc, tscinvbit

Memory: 4k page, physical 16777216k(4194304k free)

/proc/meminfo:


vm_info: Java HotSpot(TM) 64-Bit Server VM (24.51-b03) for bsd-amd64 JRE (1.7.0_51-b13), built on Dec 18 2013 18:45:56 by "java_re" with gcc 4.2.1 (Based on Apple Inc. build 5658) (LLVM build 2336.11.00)

time: Mon Apr 27 17:08:20 2015
elapsed time: 573 seconds

