#
# A fatal error has been detected by the Java Runtime Environment:
#
#  SIGSEGV (0xb) at pc=0x000000010dcc0f7d, pid=3566, tid=27139
#
# JRE version: Java(TM) SE Runtime Environment (7.0_51-b13) (build 1.7.0_51-b13)
# Java VM: Java HotSpot(TM) 64-Bit Server VM (24.51-b03 mixed mode bsd-amd64 compressed oops)
# Problematic frame:
# 
[error occurred during error reporting (printing problematic frame), id 0xb]

# Failed to write core dump. Core dumps have been disabled. To enable core dumping, try "ulimit -c unlimited" before starting Java again
#
# If you would like to submit a bug report, please visit:
#   http://bugreport.sun.com/bugreport/crash.jsp
#

---------------  T H R E A D  ---------------

Current thread (0x00007ff9e4953800):  JavaThread "FileSystemWatcher: files=#208 cl=groovy.lang.GroovyClassLoader@12f2ed42" daemon [_thread_in_Java, id=27139, stack(0x0000000117e69000,0x0000000117f69000)]

siginfo:si_signo=SIGSEGV: si_errno=0, si_code=1 (SEGV_MAPERR), si_addr=0x00000000e6a30bbe

Registers:
RAX=0x00000007d1824ae8, RBX=0x000000000000002f, RCX=0x00000000e6a30b9e, RDX=0x0000000000000008
RSP=0x0000000117f67fb8, RBP=0x0000000117f68000, RSI=0x0000000000000007, RDI=0x00007ff9e4953800
R8 =0x0000000117f67f08, R9 =0x00000007c50a04b0, R10=0x000000010da198f0, R11=0x0000000000000035
R12=0x0000000000000000, R13=0x00000007c50a1442, R14=0x0000000117f68008, R15=0x00007ff9e4953800
RIP=0x000000010dcc0f7d, EFLAGS=0x0000000000010206, ERR=0x0000000000000004
  TRAPNO=0x000000000000000e

Top of Stack: (sp=0x0000000117f67fb8)
0x0000000117f67fb8:   00000007d1824ae8 0000000117f67fc0
0x0000000117f67fc8:   00000007c50a143c 0000000117f68008
0x0000000117f67fd8:   00000007c50a1760 0000000000000000
0x0000000117f67fe8:   00000007d1824ae8 0000000000000000
0x0000000117f67ff8:   00000007d3144ca0 00000007d1824c58
0x0000000117f68008:   00000007d58118e0 0000000000001fa0
0x0000000117f68018:   0000000000000000 00007ff9e4953800
0x0000000117f68028:   000000010dcad45f 000000000000000a
0x0000000117f68038:   00007ff9e39a9b58 0000000117f680f0
0x0000000117f68048:   0000000117f683b0 000000000000000a
0x0000000117f68058:   00000007c50a1498 000000010dcbd2a0
0x0000000117f68068:   0000000117f683c0 0000000117f68160
0x0000000117f68078:   000000010d4d6bb0 00007ff900000000
0x0000000117f68088:   00007ff9e4953800 00007ff9e39aa830
0x0000000117f68098:   0000000117f683b0 0000000000000010
0x0000000117f680a8:   000000010dcbd2a0 0000000117f683b8
0x0000000117f680b8:   00007ff9e4953800 00007ff9e39a9ad0
0x0000000117f680c8:   00007ff9e39a9b00 00007ff9e39a9b60
0x0000000117f680d8:   00007ff9e39a9ee8 00000000000003d8
0x0000000117f680e8:   0000000117f68ad8 00007ff9e4953800
0x0000000117f680f8:   00007ff9e3a1f990 00000007c50a1498
0x0000000117f68108:   0000000000000000 0000000117f68570
0x0000000117f68118:   000000010dcbf66c 0000000117f685c8
0x0000000117f68128:   0000000117f683a8 000000010dcbd2a0
0x0000000117f68138:   00007ff9e4953800 00007ff9e39a9b50
0x0000000117f68148:   00007ff9e39a9b50 0000000000000000
0x0000000117f68158:   0000000000000000 0000000117f68180
0x0000000117f68168:   000000010d4d6980 0000000000000000
0x0000000117f68178:   00007ff9e39a9b58 0000000117f68480
0x0000000117f68188:   000000010d660590 0000000800000010
0x0000000117f68198:   0000000000000000 0000000e17f681e0
0x0000000117f681a8:   00007ff9e39a9b58 00007ff9e39a9b40 

Instructions: (pc=0x000000010dcc0f7d)
0x000000010dcc0f5d:   e9 0e 00 00 00 48 83 ec 10 48 89 04 24 e9 01 00
0x000000010dcc0f6d:   00 00 50 41 0f b6 5d 01 48 8b 4d e8 48 8b 49 10
0x000000010dcc0f7d:   48 8b 49 20 48 8b 41 10 0f b6 54 18 10 83 fa 66
0x000000010dcc0f8d:   74 13 83 fa 64 74 0e 83 fa 68 74 09 83 fa 07 0f 

Register to memory mapping:

RAX=0x00000007d1824ae8 is an oop
java.lang.String 
 - klass: 'java/lang/String'
RBX=0x000000000000002f is an unknown value
RCX=0x00000000e6a30b9e is an unknown value
RDX=0x0000000000000008 is an unknown value
RSP=0x0000000117f67fb8 is pointing into the stack for thread: 0x00007ff9e4953800
RBP=0x0000000117f68000 is pointing into the stack for thread: 0x00007ff9e4953800
RSI=0x0000000000000007 is an unknown value
RDI=0x00007ff9e4953800 is a thread
R8 =0x0000000117f67f08 is pointing into the stack for thread: 0x00007ff9e4953800
R9 =0x00000007c50a04b0 is an oop
{constant pool} 
 - klass: {other class}
 - holder: 0x00000007c50a1538
 - cache: 0x00000007c50a1760
 -   1 :  : 'org/vaadin/grails/server/UriMappings$$EPB9w8dU'
 -   2 :  : 'org/vaadin/grails/server/UriMappings$$EPB9w8dU'
 -   3 :  : 'java/lang/Object'
 -   4 :  : 'java/lang/Object'
 -   5 :  : 'UriMappings.groovy'
 -   6 :  : 'Lorg/codehaus/groovy/grails/plugins/metadata/GrailsPlugin;'
 -   7 :  : 'name'
 -   8 :  : 'vaadin7'
 -   9 :  : 'version'
 -  10 :  : '2.0-SNAPSHOT'
 -  11 :  : 'DEFAULT_FRAGMENT_PATH_PROPERTY'
 -  12 :  : 'Ljava/lang/Object;'
 -  13 :  : 'THEME_PATH_PROPERTY'
 -  14 :  : 'WIDGETSET_PATH_PROPERTY'
 -  15 :  : 'PRESERVED_ON_REFRESH_PATH_PROPERTY'
 -  16 :  : 'PAGE_TITLE_PATH_PROPERTY'
 -  17 :  : 'PUSH_MODE_PATH_PROPERTY'
 -  18 :  : 'PUSH_TRANSPORT_PATH_PROPERTY'
 -  19 :  : 'getUIClass'
 -  20 :  : '(Lorg/vaadin/grails/server/UriMappings;Ljava/lang/String;)Ljava/lang/Class;'
 -  21 :  : 'setUIClass'
 -  22 :  : '(Lorg/vaadin/grails/server/UriMappings;Ljava/lang/String;Ljava/lang/Class;)V'
 -  23 :  : 'getUIProviderClass'
 -  24 :  : 'setUIProviderClass'
 -  25 :  : 'getViewClass'
 -  26 :  : '(Lorg/vaadin/grails/server/UriMappings;Ljava/lang/String;Ljava/lang/String;)Ljava/lang/Class;'
 -  27 :  : 'setViewClass'
 -  28 :  : '(Lorg/vaadin/grails/server/UriMappings;Ljava/lang/String;Ljava/lang/String;Ljava/lang/Class;)V'
 -  29 :  : 'getAllPaths'
 -  30 :  : '(Lorg/vaadin/grails/server/UriMappings;)Ljava/util/List;'
 -  31 :  : 'getPathProperty'
 -  32 :  : '(Lorg/vaadin/grails/server/UriMappings;Ljava/lang/String;Ljava/lang/String;)Ljava/lang/Object;'
 -  33 :  : 'putPathProperty'
 -  34 :  : '(Lorg/vaadin/grails/server/UriMappings;Ljava/lang/String;Ljava/lang/String;Ljava/lang/Object;)Ljava/lang/Object;'
 -  35 :  : 'getAllFragments'
 -  36 :  : '(Lorg/vaadin/grails/server/UriMappings;Ljava/lang/String;)Ljava/util/List;'
 -  37 :  : 'getFragmentProperty'
 -  38 :  : '(Lorg/vaadin/grails/server/UriMappings;Ljava/lang/String;Ljava/lang/String;Ljava/lang/String;)Ljava/lang/Object;'
 -  39 :  : 'putFragmentProperty'
 -  40 :  : '(Lorg/vaadin/grails/server/UriMappings;Ljava/lang/String;Ljava/lang/String;Ljava/lang/String;Ljava/lang/Object;)Ljava/lang/Object;'
 -  41 :  : 'clear'
 -  42 :  : '(Lorg/vaadin/grails/server/UriMappings;)V'
 -  43 :  : '___clinit___'
 -  44 :  : '()V'
 -  45 :  : 'pushTransport'
 -  46 :  : "pushTransport" {0x7d58118e0}
 -  47 :  : 4195273
 -  48 :  : "PUSH_TRANSPORT_PATH_PROPERTY" {0x7d42a04f0}
 -  49 :  : 'org/springsource/loaded/TypeRegistry'
 -  50 :  : 'org/springsource/loaded/TypeRegistry' {0x7c0300ba0}
 -  51 :  : 'staticFieldInterceptionRequired'
 -  52 :  : '(ILjava/lang/String;)Z'
 -  53 :  : name_index=51 signature_index=52
 -  54 :  : klass_index=50 name_and_type_index=53
 -  55 :  : 'org/vaadin/grails/server/UriMappings'
 -  56 :  : 'org/vaadin/grails/server/UriMappings' {0x7c22ac358}
 -  57 :  : 'r$sets'
 -  58 :  : '(Ljava/lang/Object;Ljava/lang/String;)V'
 -  59 :  : name_index=57 signature_index=58
 -  60 :  : klass_index=56 name_and_type_index=59
 -  61 :  : name_index=18 signature_index=12
 -  62 :  : klass_index=56 name_and_type_index=61
 -  63 :  : 'pushMode'
 -  64 :  : "pushMode" {0x7d1824c58}
 -  65 :  : "PUSH_MODE_PATH_PROPERTY" {0x7d42a05a8}
 -  66 :  : name_index=17 signature_index=12
 -  67 :  : klass_index=56 name_and_type_index=66
 -  68 :  : 'pageTitle'
 -  69 :  : "pageTitle" {0x7d3144ca0}
 -  70 :  : "PAGE_TITLE_PATH_PROPERTY" {0x7d42a0920}
 -  71 :  : name_index=16 signature_index=12
 -  72 :  : klass_index=56 name_and_type_index=71
 -  73 :  : 'preservedOnRefresh'
 -  74 :  : "preservedOnRefresh" {0x7d58119a0}
 -  75 :  : "PRESERVED_ON_REFRESH_PATH_PROPERTY" {0x7d42a0a20}
 -  76 :  : name_index=15 signature_index=12
 -  77 :  : klass_index=56 name_and_type_index=76
 -  78 :  : 'widgetset'
 -  79 :  : "widgetset" {0x7d1824ae8}
 -  80 :  : "WIDGETSET_PATH_PROPERTY" {0x7d42a0618}
 -  81 :  : name_index=14 signature_index=12
 -  82 :  : klass_index=56 name_and_type_index=81
 -  83 :  : 'theme'
 -  84 :  : "theme" {0x7d1824f00}
 -  85 :  : "THEME_PATH_PROPERTY" {0x7d42a0828}
 -  86 :  : name_index=13 signature_index=12
 -  87 :  : klass_index=56 name_and_type_index=86
 -  88 :  : 'defaultFragment'
 -  89 :  : "defaultFragment" {0x7d5811a68}
 -  90 :  : "DEFAULT_FRAGMENT_PATH_PROPERTY" {0x7d42a0718}
 -  91 :  : name_index=11 signature_index=12
 -  92 :  : klass_index=56 name_and_type_index=91
 -  93 :  : 'Code'
 -  94 :  : 'Signature'
 -  95 :  : '(Ljava/lang/String;)Ljava/lang/Class<+Lcom/vaadin/ui/UI;>;'
 -  96 :  : '(Ljava/lang/String;Ljava/lang/Class<+Lcom/vaadin/ui/UI;>;)V'
 -  97 :  : '(Ljava/lang/String;)Ljava/lang/Class<+Lcom/vaadin/server/UIProvider;>;'
 -  98 :  : '(Ljava/lang/String;Ljava/lang/Class<+Lcom/vaadin/server/UIProvider;>;)V'
 -  99 :  : '(Ljava/lang/String;Ljava/lang/String;)Ljava/lang/Class<+Lcom/vaadin/navigator/View;>;'
 - 100 :  : '(Ljava/lang/String;Ljava/lang/String;Ljava/lang/Class<+Lcom/vaadin/navigator/View;>;)V'
 - 101 :  : '()Ljava/util/List<Ljava/lang/String;>;'
 - 102 :  : '(Ljava/lang/String;)Ljava/util/List<Ljava/lang/String;>;'
 - 103 :  : 'SourceFile'
 - 104 :  : 'RuntimeVisibleAnnotations'

R10=0x000000010da198f0: _ZN19TemplateInterpreter13_active_tableE+0x3800 in /Library/Java/JavaVirtualMachines/jdk1.7.0_51.jdk/Contents/Home/jre/lib/server/libjvm.dylib at 0x000000010d200000
R11=0x0000000000000035 is an unknown value
R12=0x0000000000000000 is an unknown value
R13=0x00000007c50a1442 is pointing into object: 0x00000007c50a1390
{constMethod} 
 - klass: {other class}
 - constants:       0x00000007c50a04b0 constant pool [105] for 'org/vaadin/grails/server/UriMappings$$EPB9w8dU' cache=0x00000007c50a1760
bci_from(0x7c50a1442) = 114; print_codes():
R14=0x0000000117f68008 is pointing into the stack for thread: 0x00007ff9e4953800
R15=0x00007ff9e4953800 is a thread


Stack: [0x0000000117e69000,0x0000000117f69000],  sp=0x0000000117f67fb8,  free space=1019k
Native frames: (J=compiled Java code, j=interpreted, Vv=VM code, C=native code)

[error occurred during error reporting (printing native stack), id 0xb]


---------------  P R O C E S S  ---------------

Java Threads: ( => current thread )
  0x00007ff9e8c88000 JavaThread "Atmosphere-Scheduler-111" daemon [_thread_blocked, id=30955, stack(0x000000011848f000,0x000000011858f000)]
  0x00007ff9e7020000 JavaThread "Atmosphere-Scheduler-111" daemon [_thread_blocked, id=22763, stack(0x0000000118695000,0x0000000118795000)]
  0x00007ff9e8ff4000 JavaThread "Atmosphere-Scheduler-111" daemon [_thread_blocked, id=33515, stack(0x0000000117326000,0x0000000117426000)]
  0x00007ff9e3289800 JavaThread "Atmosphere-Scheduler-111" daemon [_thread_blocked, id=29131, stack(0x0000000118147000,0x0000000118247000)]
  0x00007ff9e5067800 JavaThread "Atmosphere-Scheduler-111" daemon [_thread_blocked, id=26567, stack(0x00000001179fc000,0x0000000117afc000)]
  0x00007ff9e532f000 JavaThread "Atmosphere-Scheduler-110" daemon [_thread_blocked, id=31143, stack(0x0000000117aff000,0x0000000117bff000)]
  0x00007ff9e4bd6800 JavaThread "Atmosphere-Scheduler-110" daemon [_thread_blocked, id=24239, stack(0x0000000118592000,0x0000000118692000)]
  0x00007ff9e3789800 JavaThread "Atmosphere-Scheduler-109" daemon [_thread_blocked, id=27807, stack(0x000000011824a000,0x000000011834a000)]
  0x00007ff9e1b4d000 JavaThread "Atmosphere-Scheduler-108" daemon [_thread_blocked, id=31951, stack(0x00000001178f9000,0x00000001179f9000)]
  0x00007ff9e196d800 JavaThread "Atmosphere-Scheduler-107" daemon [_thread_blocked, id=26015, stack(0x00000001177f6000,0x00000001178f6000)]
  0x00007ff9e52c7000 JavaThread "http-bio-8080-exec-10" daemon [_thread_blocked, id=32263, stack(0x000000011903b000,0x000000011913b000)]
  0x00007ff9e705d800 JavaThread "http-bio-8080-exec-9" daemon [_thread_blocked, id=28167, stack(0x0000000118f38000,0x0000000119038000)]
  0x00007ff9e5386000 JavaThread "http-bio-8080-exec-8" daemon [_thread_blocked, id=29703, stack(0x0000000118e35000,0x0000000118f35000)]
  0x00007ff9e4027800 JavaThread "http-bio-8080-exec-7" daemon [_thread_blocked, id=31239, stack(0x0000000118d32000,0x0000000118e32000)]
  0x00007ff9e2035800 JavaThread "http-bio-8080-exec-6" daemon [_thread_blocked, id=32775, stack(0x0000000118c2f000,0x0000000118d2f000)]
  0x00007ff9e701b000 JavaThread "http-bio-8080-exec-5" daemon [_thread_blocked, id=34311, stack(0x0000000118b2c000,0x0000000118c2c000)]
  0x00007ff9e2885800 JavaThread "http-bio-8080-exec-4" daemon [_thread_blocked, id=32015, stack(0x000000011838c000,0x000000011848c000)]
  0x00007ff9e7052800 JavaThread "http-bio-8080-exec-3" daemon [_thread_blocked, id=38403, stack(0x0000000119a59000,0x0000000119b59000)]
  0x00007ff9e364f000 JavaThread "DestroyJavaVM" [_thread_blocked, id=6403, stack(0x000000010c0af000,0x000000010c1af000)]
  0x00007ff9e640f000 JavaThread "Thread-9" [_thread_blocked, id=37891, stack(0x0000000119956000,0x0000000119a56000)]
  0x00007ff9e527e800 JavaThread "http-bio-8080-exec-2" daemon [_thread_blocked, id=37379, stack(0x0000000119853000,0x0000000119953000)]
  0x00007ff9e50dc800 JavaThread "http-bio-8080-exec-1" daemon [_thread_blocked, id=36867, stack(0x0000000119750000,0x0000000119850000)]
  0x00007ff9e50db800 JavaThread "http-bio-8080-AsyncTimeout" daemon [_thread_blocked, id=36355, stack(0x000000011964d000,0x000000011974d000)]
  0x00007ff9e5168800 JavaThread "http-bio-8080-Acceptor-0" daemon [_thread_in_native, id=35843, stack(0x000000011954a000,0x000000011964a000)]
  0x00007ff9e510a800 JavaThread "ContainerBackgroundProcessor[StandardEngine[Tomcat]]" daemon [_thread_blocked, id=35331, stack(0x0000000119447000,0x0000000119547000)]
  0x00007ff9e1d62800 JavaThread "net.sf.ehcache.CacheManager@3c78fc20" daemon [_thread_blocked, id=17419, stack(0x0000000117d3a000,0x0000000117e3a000)]
  0x00007ff9e3478800 JavaThread "PoolCleaner[317910338:1430226882565]" daemon [_thread_blocked, id=15111, stack(0x0000000117c37000,0x0000000117d37000)]
=>0x00007ff9e4953800 JavaThread "FileSystemWatcher: files=#208 cl=groovy.lang.GroovyClassLoader@12f2ed42" daemon [_thread_in_Java, id=27139, stack(0x0000000117e69000,0x0000000117f69000)]
  0x00007ff9e62bc000 JavaThread "Thread-4" daemon [_thread_in_native, id=26627, stack(0x0000000116da4000,0x0000000116ea4000)]
  0x00007ff9e4a42800 JavaThread "Thread-3" [_thread_in_native, id=25091, stack(0x00000001176f3000,0x00000001177f3000)]
  0x00007ff9e480d000 JavaThread "Thread-2" [_thread_blocked, id=24583, stack(0x0000000116b2c000,0x0000000116c2c000)]
  0x00007ff9e402d800 JavaThread "NonBlockingInputStreamThread" daemon [_thread_blocked, id=22787, stack(0x0000000116708000,0x0000000116808000)]
  0x00007ff9e181f000 JavaThread "Service Thread" daemon [_thread_blocked, id=21251, stack(0x0000000116355000,0x0000000116455000)]
  0x00007ff9e181a000 JavaThread "C2 CompilerThread1" daemon [_thread_blocked, id=20739, stack(0x0000000116252000,0x0000000116352000)]
  0x00007ff9e180f800 JavaThread "C2 CompilerThread0" daemon [_thread_in_native, id=20227, stack(0x000000011614f000,0x000000011624f000)]
  0x00007ff9e4805000 JavaThread "Signal Dispatcher" daemon [_thread_blocked, id=19715, stack(0x0000000115e7e000,0x0000000115f7e000)]
  0x00007ff9e4802000 JavaThread "Finalizer" daemon [_thread_blocked, id=14595, stack(0x0000000115c2f000,0x0000000115d2f000)]
  0x00007ff9e1818000 JavaThread "Reference Handler" daemon [_thread_blocked, id=14083, stack(0x0000000115b2c000,0x0000000115c2c000)]

Other Threads:
  0x00007ff9e302c800 VMThread [stack: 0x0000000115a29000,0x0000000115b29000] [id=13571]
  0x00007ff9e181a800 WatcherThread [stack: 0x0000000116458000,0x0000000116558000] [id=21763]

VM state:not at safepoint (normal execution)

VM Mutex/Monitor currently owned by a thread: None

Heap
 PSYoungGen      total 166912K, used 83182K [0x00000007f0000000, 0x00000007fc300000, 0x0000000800000000)
  eden space 152576K, 45% used [0x00000007f0000000,0x00000007f4346760,0x00000007f9500000)
  from space 14336K, 99% used [0x00000007f9a80000,0x00000007fa875350,0x00000007fa880000)
  to   space 23552K, 0% used [0x00000007fac00000,0x00000007fac00000,0x00000007fc300000)
 ParOldGen       total 164864K, used 121952K [0x00000007d0000000, 0x00000007da100000, 0x00000007f0000000)
  object space 164864K, 73% used [0x00000007d0000000,0x00000007d7718218,0x00000007da100000)
 PSPermGen       total 113152K, used 82566K [0x00000007c0000000, 0x00000007c6e80000, 0x00000007d0000000)
  object space 113152K, 72% used [0x00000007c0000000,0x00000007c50a18a0,0x00000007c6e80000)

Card table byte_map: [0x0000000110d6d000,0x0000000110f6e000] byte_map_base: 0x000000010cf6d000

Polling page: 0x000000010c1ee000

Code Cache  [0x000000010dcad000, 0x000000010e36d000, 0x0000000110cad000)
 total_blobs=2258 nmethods=1552 adapters=658 free_code_cache=42326Kb largest_free_block=43272256

Compilation events (10 events):
Event: 3189.682 Thread 0x00007ff9e181a000 nmethod 1788 0x000000010e361210 code [0x000000010e3617c0, 0x000000010e363cd8]
Event: 3228.830 Thread 0x00007ff9e180f800 1789             org.codehaus.groovy.ast.ClassNode::getMethods (36 bytes)
Event: 3228.852 Thread 0x00007ff9e180f800 nmethod 1789 0x000000010e351590 code [0x000000010e351880, 0x000000010e3528f0]
Event: 3234.992 Thread 0x00007ff9e181a000 1790             org.codehaus.groovy.ast.ClassCodeVisitorSupport::visitConstructorOrMethod (51 bytes)
Event: 3234.993 Thread 0x00007ff9e181a000 nmethod 1790 0x000000010e34f990 code [0x000000010e34fae0, 0x000000010e34fc38]
Event: 3272.232 Thread 0x00007ff9e180f800 1791             java.util.regex.Pattern$CharProperty::study (29 bytes)
Event: 3272.232 Thread 0x00007ff9e180f800 nmethod 1791 0x000000010e140690 code [0x000000010e1407e0, 0x000000010e1408b8]
Event: 3319.428 Thread 0x00007ff9e181a000 1792             org.apache.tools.ant.types.PatternSet::makeArray (93 bytes)
Event: 3319.440 Thread 0x00007ff9e181a000 nmethod 1792 0x000000010e366710 code [0x000000010e366920, 0x000000010e367858]
Event: 3319.478 Thread 0x00007ff9e180f800 1793             org.codehaus.groovy.control.ResolveVisitor::resolveFromModule (566 bytes)

GC Heap History (10 events):
Event: 2828.967 GC heap before
{Heap before GC invocations=68 (full 3):
 PSYoungGen      total 209920K, used 199049K [0x00000007f0000000, 0x00000007fe780000, 0x0000000800000000)
  eden space 183808K, 100% used [0x00000007f0000000,0x00000007fb380000,0x00000007fb380000)
  from space 26112K, 58% used [0x00000007fce00000,0x00000007fdce2768,0x00000007fe780000)
  to   space 26624K, 0% used [0x00000007fb380000,0x00000007fb380000,0x00000007fcd80000)
 ParOldGen       total 164864K, used 118359K [0x00000007d0000000, 0x00000007da100000, 0x00000007f0000000)
  object space 164864K, 71% used [0x00000007d0000000,0x00000007d7395c20,0x00000007da100000)
 PSPermGen       total 113152K, used 82186K [0x00000007c0000000, 0x00000007c6e80000, 0x00000007d0000000)
  object space 113152K, 72% used [0x00000007c0000000,0x00000007c5042a28,0x00000007c6e80000)
Event: 2828.978 GC heap after
Heap after GC invocations=68 (full 3):
 PSYoungGen      total 193024K, used 15569K [0x00000007f0000000, 0x00000007fdf00000, 0x0000000800000000)
  eden space 177152K, 0% used [0x00000007f0000000,0x00000007f0000000,0x00000007fad00000)
  from space 15872K, 98% used [0x00000007fb380000,0x00000007fc2b45e0,0x00000007fc300000)
  to   space 25600K, 0% used [0x00000007fc600000,0x00000007fc600000,0x00000007fdf00000)
 ParOldGen       total 164864K, used 119229K [0x00000007d0000000, 0x00000007da100000, 0x00000007f0000000)
  object space 164864K, 72% used [0x00000007d0000000,0x00000007d746f4e8,0x00000007da100000)
 PSPermGen       total 113152K, used 82186K [0x00000007c0000000, 0x00000007c6e80000, 0x00000007d0000000)
  object space 113152K, 72% used [0x00000007c0000000,0x00000007c5042a28,0x00000007c6e80000)
}
Event: 3171.479 GC heap before
{Heap before GC invocations=69 (full 3):
 PSYoungGen      total 193024K, used 192721K [0x00000007f0000000, 0x00000007fdf00000, 0x0000000800000000)
  eden space 177152K, 100% used [0x00000007f0000000,0x00000007fad00000,0x00000007fad00000)
  from space 15872K, 98% used [0x00000007fb380000,0x00000007fc2b45e0,0x00000007fc300000)
  to   space 25600K, 0% used [0x00000007fc600000,0x00000007fc600000,0x00000007fdf00000)
 ParOldGen       total 164864K, used 119229K [0x00000007d0000000, 0x00000007da100000, 0x00000007f0000000)
  object space 164864K, 72% used [0x00000007d0000000,0x00000007d746f4e8,0x00000007da100000)
 PSPermGen       total 113152K, used 82246K [0x00000007c0000000, 0x00000007c6e80000, 0x00000007d0000000)
  object space 113152K, 72% used [0x00000007c0000000,0x00000007c5051bb0,0x00000007c6e80000)
Event: 3171.488 GC heap after
Heap after GC invocations=69 (full 3):
 PSYoungGen      total 188416K, used 14375K [0x00000007f0000000, 0x00000007fd780000, 0x0000000800000000)
  eden space 170496K, 0% used [0x00000007f0000000,0x00000007f0000000,0x00000007fa680000)
  from space 17920K, 80% used [0x00000007fc600000,0x00000007fd409df0,0x00000007fd780000)
  to   space 25088K, 0% used [0x00000007fa680000,0x00000007fa680000,0x00000007fbf00000)
 ParOldGen       total 164864K, used 119869K [0x00000007d0000000, 0x00000007da100000, 0x00000007f0000000)
  object space 164864K, 72% used [0x00000007d0000000,0x00000007d750f548,0x00000007da100000)
 PSPermGen       total 113152K, used 82246K [0x00000007c0000000, 0x00000007c6e80000, 0x00000007d0000000)
  object space 113152K, 72% used [0x00000007c0000000,0x00000007c5051bb0,0x00000007c6e80000)
}
Event: 3228.775 GC heap before
{Heap before GC invocations=70 (full 3):
 PSYoungGen      total 188416K, used 184871K [0x00000007f0000000, 0x00000007fd780000, 0x0000000800000000)
  eden space 170496K, 100% used [0x00000007f0000000,0x00000007fa680000,0x00000007fa680000)
  from space 17920K, 80% used [0x00000007fc600000,0x00000007fd409df0,0x00000007fd780000)
  to   space 25088K, 0% used [0x00000007fa680000,0x00000007fa680000,0x00000007fbf00000)
 ParOldGen       total 164864K, used 119869K [0x00000007d0000000, 0x00000007da100000, 0x00000007f0000000)
  object space 164864K, 72% used [0x00000007d0000000,0x00000007d750f548,0x00000007da100000)
 PSPermGen       total 113152K, used 82304K [0x00000007c0000000, 0x00000007c6e80000, 0x00000007d0000000)
  object space 113152K, 72% used [0x00000007c0000000,0x00000007c5060330,0x00000007c6e80000)
Event: 3228.784 GC heap after
Heap after GC invocations=70 (full 3):
 PSYoungGen      total 180224K, used 15683K [0x00000007f0000000, 0x00000007fd080000, 0x0000000800000000)
  eden space 164352K, 0% used [0x00000007f0000000,0x00000007f0000000,0x00000007fa080000)
  from space 15872K, 98% used [0x00000007fa680000,0x00000007fb5d0fe0,0x00000007fb600000)
  to   space 24576K, 0% used [0x00000007fb880000,0x00000007fb880000,0x00000007fd080000)
 ParOldGen       total 164864K, used 120733K [0x00000007d0000000, 0x00000007da100000, 0x00000007f0000000)
  object space 164864K, 73% used [0x00000007d0000000,0x00000007d75e76d8,0x00000007da100000)
 PSPermGen       total 113152K, used 82304K [0x00000007c0000000, 0x00000007c6e80000, 0x00000007d0000000)
  object space 113152K, 72% used [0x00000007c0000000,0x00000007c5060330,0x00000007c6e80000)
}
Event: 3271.083 GC heap before
{Heap before GC invocations=71 (full 3):
 PSYoungGen      total 180224K, used 180035K [0x00000007f0000000, 0x00000007fd080000, 0x0000000800000000)
  eden space 164352K, 100% used [0x00000007f0000000,0x00000007fa080000,0x00000007fa080000)
  from space 15872K, 98% used [0x00000007fa680000,0x00000007fb5d0fe0,0x00000007fb600000)
  to   space 24576K, 0% used [0x00000007fb880000,0x00000007fb880000,0x00000007fd080000)
 ParOldGen       total 164864K, used 120733K [0x00000007d0000000, 0x00000007da100000, 0x00000007f0000000)
  object space 164864K, 73% used [0x00000007d0000000,0x00000007d75e76d8,0x00000007da100000)
 PSPermGen       total 113152K, used 82477K [0x00000007c0000000, 0x00000007c6e80000, 0x00000007d0000000)
  object space 113152K, 72% used [0x00000007c0000000,0x00000007c508b750,0x00000007c6e80000)
Event: 3271.093 GC heap after
Heap after GC invocations=71 (full 3):
 PSYoungGen      total 175616K, used 14294K [0x00000007f0000000, 0x00000007fc980000, 0x0000000800000000)
  eden space 158208K, 0% used [0x00000007f0000000,0x00000007f0000000,0x00000007f9a80000)
  from space 17408K, 82% used [0x00000007fb880000,0x00000007fc675ba0,0x00000007fc980000)
  to   space 24064K, 0% used [0x00000007f9a80000,0x00000007f9a80000,0x00000007fb200000)
 ParOldGen       total 164864K, used 121381K [0x00000007d0000000, 0x00000007da100000, 0x00000007f0000000)
  object space 164864K, 73% used [0x00000007d0000000,0x00000007d7689758,0x00000007da100000)
 PSPermGen       total 113152K, used 82477K [0x00000007c0000000, 0x00000007c6e80000, 0x00000007d0000000)
  object space 113152K, 72% used [0x00000007c0000000,0x00000007c508b750,0x00000007c6e80000)
}
Event: 3319.395 GC heap before
{Heap before GC invocations=72 (full 3):
 PSYoungGen      total 175616K, used 172502K [0x00000007f0000000, 0x00000007fc980000, 0x0000000800000000)
  eden space 158208K, 100% used [0x00000007f0000000,0x00000007f9a80000,0x00000007f9a80000)
  from space 17408K, 82% used [0x00000007fb880000,0x00000007fc675ba0,0x00000007fc980000)
  to   space 24064K, 0% used [0x00000007f9a80000,0x00000007f9a80000,0x00000007fb200000)
 ParOldGen       total 164864K, used 121381K [0x00000007d0000000, 0x00000007da100000, 0x00000007f0000000)
  object space 164864K, 73% used [0x00000007d0000000,0x00000007d7689758,0x00000007da100000)
 PSPermGen       total 113152K, used 82559K [0x00000007c0000000, 0x00000007c6e80000, 0x00000007d0000000)
  object space 113152K, 72% used [0x00000007c0000000,0x00000007c509ffc8,0x00000007c6e80000)
Event: 3319.405 GC heap after
Heap after GC invocations=72 (full 3):
 PSYoungGen      total 166912K, used 14292K [0x00000007f0000000, 0x00000007fc300000, 0x0000000800000000)
  eden space 152576K, 0% used [0x00000007f0000000,0x00000007f0000000,0x00000007f9500000)
  from space 14336K, 99% used [0x00000007f9a80000,0x00000007fa875350,0x00000007fa880000)
  to   space 23552K, 0% used [0x00000007fac00000,0x00000007fac00000,0x00000007fc300000)
 ParOldGen       total 164864K, used 121952K [0x00000007d0000000, 0x00000007da100000, 0x00000007f0000000)
  object space 164864K, 73% used [0x00000007d0000000,0x00000007d7718218,0x00000007da100000)
 PSPermGen       total 113152K, used 82559K [0x00000007c0000000, 0x00000007c6e80000, 0x00000007d0000000)
  object space 113152K, 72% used [0x00000007c0000000,0x00000007c509ffc8,0x00000007c6e80000)
}

Deoptimization events (10 events):
Event: 1816.302 Thread 0x00007ff9e4953800 Uncommon trap: reason=bimorphic action=maybe_recompile pc=0x000000010df93178 method=org.springsource.loaded.ri.GetDeclaredMethodLookup.matches(Lorg/springsource/loaded/ri/Invoker;)Z @ 5
Event: 1816.302 Thread 0x00007ff9e4953800 Uncommon trap: reason=bimorphic action=maybe_recompile pc=0x000000010df93178 method=org.springsource.loaded.ri.GetDeclaredMethodLookup.matches(Lorg/springsource/loaded/ri/Invoker;)Z @ 5
Event: 1816.302 Thread 0x00007ff9e4953800 Uncommon trap: reason=bimorphic action=maybe_recompile pc=0x000000010df93178 method=org.springsource.loaded.ri.GetDeclaredMethodLookup.matches(Lorg/springsource/loaded/ri/Invoker;)Z @ 5
Event: 1816.302 Thread 0x00007ff9e4953800 Uncommon trap: reason=bimorphic action=maybe_recompile pc=0x000000010e0241e0 method=org.springsource.loaded.ri.GetDeclaredMethodLookup.matches(Lorg/springsource/loaded/ri/Invoker;)Z @ 5
Event: 2582.417 Thread 0x00007ff9e640f000 Uncommon trap: reason=predicate action=maybe_recompile pc=0x000000010e350fac method=java.util.ComparableTimSort.reverseRange([Ljava/lang/Object;II)V @ 8
Event: 2829.128 Thread 0x00007ff9e4953800 Uncommon trap: reason=unreached action=reinterpret pc=0x000000010df4c01c method=java.lang.ref.SoftReference.get()Ljava/lang/Object; @ 6
Event: 3228.812 Thread 0x00007ff9e640f000 Uncommon trap: reason=class_check action=maybe_recompile pc=0x000000010e0f1148 method=org.codehaus.groovy.control.ResolveVisitor.resolveNestedClass(Lorg/codehaus/groovy/ast/ClassNode;)Z @ 26
Event: 3228.812 Thread 0x00007ff9e640f000 Uncommon trap: reason=class_check action=maybe_recompile pc=0x000000010e0f1148 method=org.codehaus.groovy.control.ResolveVisitor.resolveNestedClass(Lorg/codehaus/groovy/ast/ClassNode;)Z @ 26
Event: 3228.812 Thread 0x00007ff9e640f000 Uncommon trap: reason=class_check action=maybe_recompile pc=0x000000010e0f1148 method=org.codehaus.groovy.control.ResolveVisitor.resolveNestedClass(Lorg/codehaus/groovy/ast/ClassNode;)Z @ 26
Event: 3228.813 Thread 0x00007ff9e640f000 Uncommon trap: reason=class_check action=maybe_recompile pc=0x000000010e0f1148 method=org.codehaus.groovy.control.ResolveVisitor.resolveNestedClass(Lorg/codehaus/groovy/ast/ClassNode;)Z @ 26

Internal exceptions (10 events):
Event: 3319.477 Thread 0x00007ff9e640f000 Threw 0x00000007f2ea2fe8 at /HUDSON/workspace/7u-2-build-macosx-x86_64/jdk7u51/527/hotspot/src/share/vm/prims/jvm.cpp:1244
Event: 3319.477 Thread 0x00007ff9e640f000 Threw 0x00000007f2ea55e0 at /HUDSON/workspace/7u-2-build-macosx-x86_64/jdk7u51/527/hotspot/src/share/vm/prims/jvm.cpp:1244
Event: 3319.477 Thread 0x00007ff9e640f000 Threw 0x00000007f2eb1448 at /HUDSON/workspace/7u-2-build-macosx-x86_64/jdk7u51/527/hotspot/src/share/vm/prims/jvm.cpp:1244
Event: 3319.477 Thread 0x00007ff9e640f000 Threw 0x00000007f2ecff90 at /HUDSON/workspace/7u-2-build-macosx-x86_64/jdk7u51/527/hotspot/src/share/vm/prims/jvm.cpp:1244
Event: 3319.477 Thread 0x00007ff9e640f000 Threw 0x00000007f2ed5f68 at /HUDSON/workspace/7u-2-build-macosx-x86_64/jdk7u51/527/hotspot/src/share/vm/prims/jvm.cpp:1244
Event: 3319.477 Thread 0x00007ff9e640f000 Threw 0x00000007f2ed90f8 at /HUDSON/workspace/7u-2-build-macosx-x86_64/jdk7u51/527/hotspot/src/share/vm/prims/jvm.cpp:1244
Event: 3319.477 Thread 0x00007ff9e640f000 Threw 0x00000007f2ee94a8 at /HUDSON/workspace/7u-2-build-macosx-x86_64/jdk7u51/527/hotspot/src/share/vm/prims/jvm.cpp:1244
Event: 3319.478 Thread 0x00007ff9e640f000 Threw 0x00000007f2f12878 at /HUDSON/workspace/7u-2-build-macosx-x86_64/jdk7u51/527/hotspot/src/share/vm/prims/jvm.cpp:1244
Event: 3319.504 Thread 0x00007ff9e640f000 Threw 0x00000007f401a560 at /HUDSON/workspace/7u-2-build-macosx-x86_64/jdk7u51/527/hotspot/src/share/vm/prims/jvm.cpp:1244
Event: 3319.504 Thread 0x00007ff9e640f000 Threw 0x00000007f401a888 at /HUDSON/workspace/7u-2-build-macosx-x86_64/jdk7u51/527/hotspot/src/share/vm/prims/jvm.cpp:1244

Events (10 events):
Event: 3319.475 loading class 0x00007ff9e798d690
Event: 3319.475 loading class 0x00007ff9e798d690 done
Event: 3319.476 loading class 0x00007ff9e798e9a0
Event: 3319.476 loading class 0x00007ff9e798e9a0 done
Event: 3319.476 loading class 0x00007ff9e79826e0
Event: 3319.476 loading class 0x00007ff9e79826e0 done
Event: 3319.477 loading class 0x00007ff9e792ae70
Event: 3319.477 loading class 0x00007ff9e792ae70 done
Event: 3319.477 loading class 0x00007ff9e797b6a0
Event: 3319.477 loading class 0x00007ff9e797b6a0 done


Dynamic libraries:
0x0000000003b2e000 	/System/Library/Frameworks/Cocoa.framework/Versions/A/Cocoa
0x0000000003b2e000 	/System/Library/Frameworks/Security.framework/Versions/A/Security
0x0000000003b2e000 	/System/Library/Frameworks/ApplicationServices.framework/Versions/A/ApplicationServices
0x0000000003b2e000 	/usr/lib/libz.1.dylib
0x0000000003b2e000 	/usr/lib/libSystem.B.dylib
0x0000000003b2e000 	/usr/lib/libobjc.A.dylib
0x0000000003b2e000 	/System/Library/Frameworks/CoreFoundation.framework/Versions/A/CoreFoundation
0x0000000003b2e000 	/System/Library/Frameworks/Foundation.framework/Versions/C/Foundation
0x0000000003b2e000 	/System/Library/Frameworks/AppKit.framework/Versions/C/AppKit
0x0000000003b2e000 	/System/Library/Frameworks/CoreData.framework/Versions/A/CoreData
0x0000000003b2e000 	/System/Library/PrivateFrameworks/RemoteViewServices.framework/Versions/A/RemoteViewServices
0x0000000003b2e000 	/System/Library/Frameworks/AudioToolbox.framework/Versions/A/AudioToolbox
0x0000000003b2e000 	/System/Library/Frameworks/AudioUnit.framework/Versions/A/AudioUnit
0x0000000003b2e000 	/System/Library/PrivateFrameworks/DataDetectorsCore.framework/Versions/A/DataDetectorsCore
0x0000000003b2e000 	/System/Library/PrivateFrameworks/DesktopServicesPriv.framework/Versions/A/DesktopServicesPriv
0x0000000003b2e000 	/System/Library/Frameworks/Carbon.framework/Versions/A/Frameworks/HIToolbox.framework/Versions/A/HIToolbox
0x0000000003b2e000 	/System/Library/Frameworks/QuartzCore.framework/Versions/A/QuartzCore
0x0000000003b2e000 	/System/Library/Frameworks/Carbon.framework/Versions/A/Frameworks/SpeechRecognition.framework/Versions/A/SpeechRecognition
0x0000000003b2e000 	/usr/lib/libauto.dylib
0x0000000003b2e000 	/usr/lib/libicucore.A.dylib
0x0000000003b2e000 	/usr/lib/libxml2.2.dylib
0x0000000003b2e000 	/System/Library/PrivateFrameworks/CoreUI.framework/Versions/A/CoreUI
0x0000000003b2e000 	/System/Library/Frameworks/CoreAudio.framework/Versions/A/CoreAudio
0x0000000003b2e000 	/System/Library/Frameworks/DiskArbitration.framework/Versions/A/DiskArbitration
0x0000000003b2e000 	/usr/lib/liblangid.dylib
0x0000000003b2e000 	/System/Library/PrivateFrameworks/MultitouchSupport.framework/Versions/A/MultitouchSupport
0x0000000003b2e000 	/System/Library/Frameworks/IOKit.framework/Versions/A/IOKit
0x0000000003b2e000 	/usr/lib/libDiagnosticMessagesClient.dylib
0x0000000003b2e000 	/System/Library/Frameworks/CoreServices.framework/Versions/A/CoreServices
0x0000000003b2e000 	/System/Library/PrivateFrameworks/PerformanceAnalysis.framework/Versions/A/PerformanceAnalysis
0x0000000003b2e000 	/System/Library/PrivateFrameworks/GenerationalStorage.framework/Versions/A/GenerationalStorage
0x0000000003b2e000 	/System/Library/Frameworks/OpenGL.framework/Versions/A/OpenGL
0x0000000003b2e000 	/System/Library/PrivateFrameworks/Sharing.framework/Versions/A/Sharing
0x0000000003b2e000 	/System/Library/Frameworks/ImageIO.framework/Versions/A/ImageIO
0x0000000003b2e000 	/System/Library/Frameworks/CoreText.framework/Versions/A/CoreText
0x0000000003b2e000 	/System/Library/Frameworks/CoreGraphics.framework/Versions/A/CoreGraphics
0x0000000003b2e000 	/System/Library/PrivateFrameworks/Backup.framework/Versions/A/Backup
0x0000000003b2e000 	/System/Library/Frameworks/CFNetwork.framework/Versions/A/CFNetwork
0x0000000003b2e000 	/System/Library/Frameworks/SystemConfiguration.framework/Versions/A/SystemConfiguration
0x0000000003b2e000 	/usr/lib/libCRFSuite.dylib
0x0000000003b2e000 	/usr/lib/libc++.1.dylib
0x0000000003b2e000 	/usr/lib/libc++abi.dylib
0x0000000003b2e000 	/usr/lib/system/libcache.dylib
0x0000000003b2e000 	/usr/lib/system/libcommonCrypto.dylib
0x0000000003b2e000 	/usr/lib/system/libcompiler_rt.dylib
0x0000000003b2e000 	/usr/lib/system/libcopyfile.dylib
0x0000000003b2e000 	/usr/lib/system/libcorecrypto.dylib
0x0000000003b2e000 	/usr/lib/system/libdispatch.dylib
0x0000000003b2e000 	/usr/lib/system/libdyld.dylib
0x0000000003b2e000 	/usr/lib/system/libkeymgr.dylib
0x0000000003b2e000 	/usr/lib/system/liblaunch.dylib
0x0000000003b2e000 	/usr/lib/system/libmacho.dylib
0x0000000003b2e000 	/usr/lib/system/libquarantine.dylib
0x0000000003b2e000 	/usr/lib/system/libremovefile.dylib
0x0000000003b2e000 	/usr/lib/system/libsystem_asl.dylib
0x0000000003b2e000 	/usr/lib/system/libsystem_blocks.dylib
0x0000000003b2e000 	/usr/lib/system/libsystem_c.dylib
0x0000000003b2e000 	/usr/lib/system/libsystem_configuration.dylib
0x0000000003b2e000 	/usr/lib/system/libsystem_dnssd.dylib
0x0000000003b2e000 	/usr/lib/system/libsystem_info.dylib
0x0000000003b2e000 	/usr/lib/system/libsystem_kernel.dylib
0x0000000003b2e000 	/usr/lib/system/libsystem_m.dylib
0x0000000003b2e000 	/usr/lib/system/libsystem_malloc.dylib
0x0000000003b2e000 	/usr/lib/system/libsystem_network.dylib
0x0000000003b2e000 	/usr/lib/system/libsystem_notify.dylib
0x0000000003b2e000 	/usr/lib/system/libsystem_platform.dylib
0x0000000003b2e000 	/usr/lib/system/libsystem_pthread.dylib
0x0000000003b2e000 	/usr/lib/system/libsystem_sandbox.dylib
0x0000000003b2e000 	/usr/lib/system/libsystem_stats.dylib
0x0000000003b2e000 	/usr/lib/system/libunc.dylib
0x0000000003b2e000 	/usr/lib/system/libunwind.dylib
0x0000000003b2e000 	/usr/lib/system/libxpc.dylib
0x0000000003b2e000 	/usr/lib/libbsm.0.dylib
0x0000000003b2e000 	/usr/lib/libsqlite3.dylib
0x0000000003b2e000 	/usr/lib/libxar.1.dylib
0x0000000003b2e000 	/usr/lib/libpam.2.dylib
0x0000000003b2e000 	/usr/lib/libOpenScriptingUtil.dylib
0x0000000003b2e000 	/usr/lib/libbz2.1.0.dylib
0x0000000003b2e000 	/System/Library/Frameworks/CoreServices.framework/Versions/A/Frameworks/CarbonCore.framework/Versions/A/CarbonCore
0x0000000003b2e000 	/System/Library/Frameworks/CoreServices.framework/Versions/A/Frameworks/Metadata.framework/Versions/A/Metadata
0x0000000003b2e000 	/System/Library/Frameworks/CoreServices.framework/Versions/A/Frameworks/OSServices.framework/Versions/A/OSServices
0x0000000003b2e000 	/System/Library/Frameworks/CoreServices.framework/Versions/A/Frameworks/SearchKit.framework/Versions/A/SearchKit
0x0000000003b2e000 	/System/Library/Frameworks/CoreServices.framework/Versions/A/Frameworks/AE.framework/Versions/A/AE
0x0000000003b2e000 	/System/Library/Frameworks/CoreServices.framework/Versions/A/Frameworks/LaunchServices.framework/Versions/A/LaunchServices
0x0000000003b2e000 	/System/Library/Frameworks/CoreServices.framework/Versions/A/Frameworks/DictionaryServices.framework/Versions/A/DictionaryServices
0x0000000003b2e000 	/System/Library/Frameworks/NetFS.framework/Versions/A/NetFS
0x0000000003b2e000 	/usr/lib/system/libkxld.dylib
0x0000000003b2e000 	/System/Library/PrivateFrameworks/NetAuth.framework/Versions/A/NetAuth
0x0000000003b2e000 	/System/Library/PrivateFrameworks/TCC.framework/Versions/A/TCC
0x0000000003b2e000 	/System/Library/Frameworks/OpenDirectory.framework/Versions/A/Frameworks/CFOpenDirectory.framework/Versions/A/CFOpenDirectory
0x0000000003b2e000 	/System/Library/Frameworks/ServiceManagement.framework/Versions/A/ServiceManagement
0x0000000003b2e000 	/usr/lib/libxslt.1.dylib
0x0000000003b2e000 	/System/Library/Frameworks/Carbon.framework/Versions/A/Frameworks/Ink.framework/Versions/A/Ink
0x0000000003b2e000 	/System/Library/Frameworks/ApplicationServices.framework/Versions/A/Frameworks/ATS.framework/Versions/A/ATS
0x0000000003b2e000 	/System/Library/Frameworks/ApplicationServices.framework/Versions/A/Frameworks/ColorSync.framework/Versions/A/ColorSync
0x0000000003b2e000 	/System/Library/Frameworks/ApplicationServices.framework/Versions/A/Frameworks/HIServices.framework/Versions/A/HIServices
0x0000000003b2e000 	/System/Library/Frameworks/ApplicationServices.framework/Versions/A/Frameworks/LangAnalysis.framework/Versions/A/LangAnalysis
0x0000000003b2e000 	/System/Library/Frameworks/ApplicationServices.framework/Versions/A/Frameworks/PrintCore.framework/Versions/A/PrintCore
0x0000000003b2e000 	/System/Library/Frameworks/ApplicationServices.framework/Versions/A/Frameworks/QD.framework/Versions/A/QD
0x0000000003b2e000 	/System/Library/Frameworks/ApplicationServices.framework/Versions/A/Frameworks/SpeechSynthesis.framework/Versions/A/SpeechSynthesis
0x0000000003b2e000 	/System/Library/Frameworks/IOSurface.framework/Versions/A/IOSurface
0x0000000003b2e000 	/System/Library/Frameworks/Accelerate.framework/Versions/A/Accelerate
0x0000000003b2e000 	/System/Library/Frameworks/Accelerate.framework/Versions/A/Frameworks/vImage.framework/Versions/A/vImage
0x0000000003b2e000 	/System/Library/Frameworks/Accelerate.framework/Versions/A/Frameworks/vecLib.framework/Versions/A/vecLib
0x0000000003b2e000 	/System/Library/Frameworks/Accelerate.framework/Versions/A/Frameworks/vecLib.framework/Versions/A/libvDSP.dylib
0x0000000003b2e000 	/System/Library/Frameworks/Accelerate.framework/Versions/A/Frameworks/vecLib.framework/Versions/A/libvMisc.dylib
0x0000000003b2e000 	/System/Library/Frameworks/Accelerate.framework/Versions/A/Frameworks/vecLib.framework/Versions/A/libLAPACK.dylib
0x0000000003b2e000 	/System/Library/Frameworks/Accelerate.framework/Versions/A/Frameworks/vecLib.framework/Versions/A/libBLAS.dylib
0x0000000003b2e000 	/System/Library/Frameworks/ApplicationServices.framework/Versions/A/Frameworks/ATS.framework/Versions/A/Resources/libFontParser.dylib
0x0000000003b2e000 	/System/Library/Frameworks/ApplicationServices.framework/Versions/A/Frameworks/ATS.framework/Versions/A/Resources/libFontRegistry.dylib
0x0000000003b2e000 	/System/Library/Frameworks/ImageIO.framework/Versions/A/Resources/libJPEG.dylib
0x0000000003b2e000 	/System/Library/Frameworks/ImageIO.framework/Versions/A/Resources/libTIFF.dylib
0x0000000003b2e000 	/System/Library/Frameworks/ImageIO.framework/Versions/A/Resources/libPng.dylib
0x0000000003b2e000 	/System/Library/Frameworks/ImageIO.framework/Versions/A/Resources/libGIF.dylib
0x0000000003b2e000 	/System/Library/Frameworks/ImageIO.framework/Versions/A/Resources/libJP2.dylib
0x0000000003b2e000 	/System/Library/Frameworks/ImageIO.framework/Versions/A/Resources/libRadiance.dylib
0x0000000003b2e000 	/usr/lib/libcups.2.dylib
0x0000000003b2e000 	/System/Library/Frameworks/Kerberos.framework/Versions/A/Kerberos
0x0000000003b2e000 	/System/Library/Frameworks/GSS.framework/Versions/A/GSS
0x0000000003b2e000 	/usr/lib/libresolv.9.dylib
0x0000000003b2e000 	/usr/lib/libiconv.2.dylib
0x0000000003b2e000 	/System/Library/PrivateFrameworks/Heimdal.framework/Versions/A/Heimdal
0x0000000003b2e000 	/System/Library/PrivateFrameworks/TrustEvaluationAgent.framework/Versions/A/TrustEvaluationAgent
0x0000000003b2e000 	/usr/lib/libheimdal-asn1.dylib
0x0000000003b2e000 	/System/Library/Frameworks/OpenDirectory.framework/Versions/A/OpenDirectory
0x0000000003b2e000 	/System/Library/PrivateFrameworks/CommonAuth.framework/Versions/A/CommonAuth
0x0000000003b2e000 	/System/Library/Frameworks/SecurityFoundation.framework/Versions/A/SecurityFoundation
0x0000000003b2e000 	/System/Library/PrivateFrameworks/Bom.framework/Versions/A/Bom
0x0000000003b2e000 	/System/Library/Frameworks/CoreVideo.framework/Versions/A/CoreVideo
0x0000000003b2e000 	/System/Library/Frameworks/QuartzCore.framework/Versions/A/Frameworks/CoreImage.framework/Versions/A/CoreImage
0x0000000003b2e000 	/System/Library/Frameworks/QuartzCore.framework/Versions/A/Frameworks/ScalableUserInterface.framework/Versions/A/ScalableUserInterface
0x0000000003b2e000 	/System/Library/Frameworks/OpenGL.framework/Versions/A/Libraries/libGLU.dylib
0x0000000003b2e000 	/System/Library/Frameworks/OpenGL.framework/Versions/A/Libraries/libGFXShared.dylib
0x0000000003b2e000 	/System/Library/Frameworks/OpenGL.framework/Versions/A/Libraries/libGL.dylib
0x0000000003b2e000 	/System/Library/Frameworks/OpenGL.framework/Versions/A/Libraries/libGLImage.dylib
0x0000000003b2e000 	/System/Library/Frameworks/OpenGL.framework/Versions/A/Libraries/libCVMSPluginSupport.dylib
0x0000000003b2e000 	/System/Library/Frameworks/OpenGL.framework/Versions/A/Libraries/libCoreVMClient.dylib
0x0000000003b2e000 	/System/Library/PrivateFrameworks/FaceCore.framework/Versions/A/FaceCore
0x0000000003b2e000 	/System/Library/PrivateFrameworks/CrashReporterSupport.framework/Versions/A/CrashReporterSupport
0x0000000003b2e000 	/System/Library/Frameworks/OpenCL.framework/Versions/A/OpenCL
0x0000000003b2e000 	/System/Library/PrivateFrameworks/AppleFSCompression.framework/Versions/A/AppleFSCompression
0x0000000003b2e000 	/System/Library/PrivateFrameworks/Ubiquity.framework/Versions/A/Ubiquity
0x0000000003b2e000 	/System/Library/PrivateFrameworks/IconServices.framework/Versions/A/IconServices
0x0000000003b2e000 	/System/Library/PrivateFrameworks/ChunkingLibrary.framework/Versions/A/ChunkingLibrary
0x0000000003b2e000 	/System/Library/PrivateFrameworks/CoreSymbolication.framework/Versions/A/CoreSymbolication
0x0000000003b2e000 	/System/Library/PrivateFrameworks/Symbolication.framework/Versions/A/Symbolication
0x0000000003b2e000 	/System/Library/PrivateFrameworks/DebugSymbols.framework/Versions/A/DebugSymbols
0x000000010d200000 	/Library/Java/JavaVirtualMachines/jdk1.7.0_51.jdk/Contents/Home/jre/lib/server/libjvm.dylib
0x0000000003b2e000 	/usr/lib/libstdc++.6.dylib
0x000000010c1b1000 	/Library/Java/JavaVirtualMachines/jdk1.7.0_51.jdk/Contents/Home/jre/lib/libverify.dylib
0x000000010c1be000 	/Library/Java/JavaVirtualMachines/jdk1.7.0_51.jdk/Contents/Home/jre/lib/libjava.dylib
0x000000010dc53000 	/Library/Java/JavaVirtualMachines/jdk1.7.0_51.jdk/Contents/Home/jre/lib/libinstrument.dylib
0x000000010dca4000 	/Library/Java/JavaVirtualMachines/jdk1.7.0_51.jdk/Contents/Home/jre/lib/libzip.dylib
0x0000000115d31000 	/System/Library/Frameworks/JavaVM.framework/Frameworks/JavaRuntimeSupport.framework/JavaRuntimeSupport
0x0000000115d49000 	/System/Library/Frameworks/JavaVM.framework/Versions/A/Frameworks/JavaNativeFoundation.framework/Versions/A/JavaNativeFoundation
0x0000000115d5e000 	/System/Library/Frameworks/JavaVM.framework/Versions/A/JavaVM
0x0000000003b2e000 	/System/Library/Frameworks/Carbon.framework/Versions/A/Carbon
0x0000000115d6b000 	/System/Library/PrivateFrameworks/JavaLaunching.framework/Versions/A/JavaLaunching
0x0000000003b2e000 	/System/Library/Frameworks/Carbon.framework/Versions/A/Frameworks/CommonPanels.framework/Versions/A/CommonPanels
0x0000000003b2e000 	/System/Library/Frameworks/Carbon.framework/Versions/A/Frameworks/Help.framework/Versions/A/Help
0x0000000003b2e000 	/System/Library/Frameworks/Carbon.framework/Versions/A/Frameworks/ImageCapture.framework/Versions/A/ImageCapture
0x0000000003b2e000 	/System/Library/Frameworks/Carbon.framework/Versions/A/Frameworks/OpenScripting.framework/Versions/A/OpenScripting
0x0000000003b2e000 	/System/Library/Frameworks/Carbon.framework/Versions/A/Frameworks/Print.framework/Versions/A/Print
0x0000000003b2e000 	/System/Library/Frameworks/Carbon.framework/Versions/A/Frameworks/SecurityHI.framework/Versions/A/SecurityHI
0x0000000116704000 	/private/var/folders/l2/9tzjxt_n5r971h5b_s9khd6h0000gn/T/libjansi-64-3178949882721037016.jnilib
0x0000000116c56000 	/Library/Java/JavaVirtualMachines/jdk1.7.0_51.jdk/Contents/Home/jre/lib/libnet.dylib
0x000000011655a000 	/Library/Java/JavaVirtualMachines/jdk1.7.0_51.jdk/Contents/Home/jre/lib/libnio.dylib
0x000000011731d000 	/Library/Java/JavaVirtualMachines/jdk1.7.0_51.jdk/Contents/Home/jre/lib/libmanagement.dylib

VM Arguments:
jvm_args: -Dfile.encoding=UTF-8 -Xmx768M -Xms64M -XX:MaxPermSize=256m -Dgrails.fork.parent.process.port=53473 -Dgrails.fork.active=true -Dgrails.build.execution.context=/private/var/folders/l2/9tzjxt_n5r971h5b_s9khd6h0000gn/T/vaadin7-demo8356882757769603694grails-execution-context -Dgrails.home=/Users/grs/.gvm/grails/2.4.2 -javaagent:/Users/grs/.gvm/grails/2.4.2/lib/org.springframework/springloaded/jars/springloaded-1.2.0.RELEASE.jar -Xverify:none -Dspringloaded.synchronize=true -Djdk.reflect.allowGetCallerClass=true -Dspringloaded=profile=grails;cacheDir=/Users/grs/.grails/2.4.2 
java_command: org.grails.plugins.tomcat.fork.ForkedTomcatServer
Launcher Type: SUN_STANDARD

Environment Variables:
JAVA_HOME=/Library/Java/JavaVirtualMachines/jdk1.7.0_51.jdk/Contents/Home
PATH=/Users/grs/.gvm/vertx/current/bin:/Users/grs/.gvm/springboot/current/bin:/Users/grs/.gvm/lazybones/current/bin:/Users/grs/.gvm/jbake/current/bin:/Users/grs/.gvm/groovyserv/current/bin:/Users/grs/.gvm/groovy/current/bin:/Users/grs/.gvm/griffon/current/bin:/Users/grs/.gvm/grails/current/bin:/Users/grs/.gvm/gradle/current/bin:/Users/grs/.gvm/glide/current/bin:/Users/grs/.gvm/gaiden/current/bin:/Users/grs/.gvm/crash/current/bin:/opt/local/bin:/opt/local/sbin:/usr/bin:/bin:/usr/sbin:/sbin:/usr/local/bin:/usr/local/MacGPG2/bin
SHELL=/bin/bash

Signal Handlers:
SIGSEGV: [libjvm.dylib+0x525425], sa_mask[0]=0xfffefeff, sa_flags=0x00000043
SIGBUS: [libjvm.dylib+0x525425], sa_mask[0]=0xfffefeff, sa_flags=0x00000042
SIGFPE: [libjvm.dylib+0x41892a], sa_mask[0]=0xfffefeff, sa_flags=0x00000042
SIGPIPE: [libjvm.dylib+0x41892a], sa_mask[0]=0xfffefeff, sa_flags=0x00000042
SIGXFSZ: [libjvm.dylib+0x41892a], sa_mask[0]=0xfffefeff, sa_flags=0x00000042
SIGILL: [libjvm.dylib+0x41892a], sa_mask[0]=0xfffefeff, sa_flags=0x00000042
SIGUSR1: SIG_DFL, sa_mask[0]=0x00000000, sa_flags=0x00000002
SIGUSR2: [libjvm.dylib+0x41841c], sa_mask[0]=0x00000004, sa_flags=0x00000042
SIGHUP: [libjvm.dylib+0x4166ab], sa_mask[0]=0xfffefeff, sa_flags=0x00000042
SIGINT: [libjvm.dylib+0x4166ab], sa_mask[0]=0xfffefeff, sa_flags=0x00000042
SIGTERM: [libjvm.dylib+0x4166ab], sa_mask[0]=0xfffefeff, sa_flags=0x00000042
SIGQUIT: [libjvm.dylib+0x4166ab], sa_mask[0]=0xfffefeff, sa_flags=0x00000042


---------------  S Y S T E M  ---------------

OS:Bsduname:Darwin 13.4.0 Darwin Kernel Version 13.4.0: Sun Aug 17 19:50:11 PDT 2014; root:xnu-2422.115.4~1/RELEASE_X86_64 x86_64
rlimit: STACK 8192k, CORE 0k, NPROC 709, NOFILE 10240, AS infinity
load average:3.32 2.30 2.00

CPU:total 8 (4 cores per cpu, 2 threads per core) family 6 model 70 stepping 1, cmov, cx8, fxsr, mmx, sse, sse2, sse3, ssse3, sse4.1, sse4.2, popcnt, avx, avx2, aes, erms, ht, tsc, tscinvbit

Memory: 4k page, physical 16777216k(4194304k free)

/proc/meminfo:


vm_info: Java HotSpot(TM) 64-Bit Server VM (24.51-b03) for bsd-amd64 JRE (1.7.0_51-b13), built on Dec 18 2013 18:45:56 by "java_re" with gcc 4.2.1 (Based on Apple Inc. build 5658) (LLVM build 2336.11.00)

time: Tue Apr 28 16:09:55 2015
elapsed time: 3319 seconds

