#
# A fatal error has been detected by the Java Runtime Environment:
#
#  SIGSEGV (0xb) at pc=0x00000001091baf7d, pid=22717, tid=27139
#
# JRE version: Java(TM) SE Runtime Environment (7.0_51-b13) (build 1.7.0_51-b13)
# Java VM: Java HotSpot(TM) 64-Bit Server VM (24.51-b03 mixed mode bsd-amd64 compressed oops)
# Problematic frame:
# 
[error occurred during error reporting (printing problematic frame), id 0xb]

# Failed to write core dump. Core dumps have been disabled. To enable core dumping, try "ulimit -c unlimited" before starting Java again
#
# If you would like to submit a bug report, please visit:
#   http://bugreport.sun.com/bugreport/crash.jsp
#

---------------  T H R E A D  ---------------

Current thread (0x00007fbe3c805000):  JavaThread "FileSystemWatcher: files=#213 cl=groovy.lang.GroovyClassLoader@581c63a8" daemon [_thread_in_Java, id=27139, stack(0x00000001531d6000,0x00000001532d6000)]

siginfo:si_signo=SIGSEGV: si_errno=0, si_code=1 (SEGV_MAPERR), si_addr=0x00000000e6a30bbe

Registers:
RAX=0x000000011da91cd0, RBX=0x000000000000002f, RCX=0x00000000e6a30b9e, RDX=0x0000000000000008
RSP=0x00000001532d4fb8, RBP=0x00000001532d5000, RSI=0x0000000000000007, RDI=0x00007fbe3c805000
R8 =0x00000001532d4f08, R9 =0x00000001112bfae0, R10=0x0000000108e198f0, R11=0x0000000000000035
R12=0x0000000000000000, R13=0x00000001112c0a72, R14=0x00000001532d5008, R15=0x00007fbe3c805000
RIP=0x00000001091baf7d, EFLAGS=0x0000000000010206, ERR=0x0000000000000004
  TRAPNO=0x000000000000000e

Top of Stack: (sp=0x00000001532d4fb8)
0x00000001532d4fb8:   000000011da91cd0 00000001532d4fc0
0x00000001532d4fc8:   00000001112c0a6c 00000001532d5008
0x00000001532d4fd8:   00000001112c0d90 0000000000000000
0x00000001532d4fe8:   000000011da91cd0 0000000000000000
0x00000001532d4ff8:   000000011f24bad0 000000011da91f30
0x00000001532d5008:   000000012192f4b0 0000000000001fa0
0x00000001532d5018:   0000000000000000 00007fbe3c805000
0x00000001532d5028:   00000001091a745f 000000000000000a
0x00000001532d5038:   00007fbe3bd746e8 00000001532d50f0
0x00000001532d5048:   00000001532d53b0 000000000000000a
0x00000001532d5058:   00000001112c0ac8 00000001091b72a0
0x00000001532d5068:   00000001532d53c0 00000001532d5160
0x00000001532d5078:   00000001088d6bb0 00007fbe00000000
0x00000001532d5088:   00007fbe3c805000 00007fbe3bd753c0
0x00000001532d5098:   00000001532d53b0 0000000000000118
0x00000001532d50a8:   00000001091b72a0 00000001532d53b8
0x00000001532d50b8:   00007fbe3c805000 00007fbe3bd74660
0x00000001532d50c8:   00007fbe3bd74690 00007fbe3bd746f0
0x00000001532d50d8:   00007fbe3bd74a78 00000000000003d8
0x00000001532d50e8:   00000001532d5ad8 00007fbe3c805000
0x00000001532d50f8:   00007fbe3e171d90 00000001112c0ac8
0x00000001532d5108:   0000000000000000 00000001532d5570
0x00000001532d5118:   00000001091b966c 00000001532d55c8
0x00000001532d5128:   00000001532d53a8 00000001091b72a0
0x00000001532d5138:   00007fbe3c805000 00007fbe3bd746e0
0x00000001532d5148:   00007fbe3bd746e0 0000000000000000
0x00000001532d5158:   0000000000000000 00000001532d5180
0x00000001532d5168:   00000001088d6980 0000000000000000
0x00000001532d5178:   00007fbe3bd746e8 00000001532d5480
0x00000001532d5188:   0000000108a60590 000000083c805000
0x00000001532d5198:   0000000000000000 0000000e00000010
0x00000001532d51a8:   00007fbe3bd746e8 00007fbe3bd746d0 

Instructions: (pc=0x00000001091baf7d)
0x00000001091baf5d:   e9 0e 00 00 00 48 83 ec 10 48 89 04 24 e9 01 00
0x00000001091baf6d:   00 00 50 41 0f b6 5d 01 48 8b 4d e8 48 8b 49 10
0x00000001091baf7d:   48 8b 49 20 48 8b 41 10 0f b6 54 18 10 83 fa 66
0x00000001091baf8d:   74 13 83 fa 64 74 0e 83 fa 68 74 09 83 fa 07 0f 

Register to memory mapping:

RAX=0x000000011da91cd0 is an oop
java.lang.String 
 - klass: 'java/lang/String'
RBX=0x000000000000002f is an unknown value
RCX=0x00000000e6a30b9e is an unknown value
RDX=0x0000000000000008 is an unknown value
RSP=0x00000001532d4fb8 is pointing into the stack for thread: 0x00007fbe3c805000
RBP=0x00000001532d5000 is pointing into the stack for thread: 0x00007fbe3c805000
RSI=0x0000000000000007 is an unknown value
RDI=0x00007fbe3c805000 is a thread
R8 =0x00000001532d4f08 is pointing into the stack for thread: 0x00007fbe3c805000
R9 =0x00000001112bfae0 is an oop
{constant pool} 
 - klass: {other class}
 - holder: 0x00000001112c0b68
 - cache: 0x00000001112c0d90
 -   1 :  : 'org/vaadin/grails/server/UriMappings$$EPBL9wr2'
 -   2 :  : 'org/vaadin/grails/server/UriMappings$$EPBL9wr2'
 -   3 :  : 'java/lang/Object'
 -   4 :  : 'java/lang/Object'
 -   5 :  : 'UriMappings.groovy'
 -   6 :  : 'Lorg/codehaus/groovy/grails/plugins/metadata/GrailsPlugin;'
 -   7 :  : 'name'
 -   8 :  : 'vaadin7'
 -   9 :  : 'version'
 -  10 :  : '2.0-SNAPSHOT'
 -  11 :  : 'DEFAULT_FRAGMENT_PATH_PROPERTY'
 -  12 :  : 'Ljava/lang/Object;'
 -  13 :  : 'THEME_PATH_PROPERTY'
 -  14 :  : 'WIDGETSET_PATH_PROPERTY'
 -  15 :  : 'PRESERVED_ON_REFRESH_PATH_PROPERTY'
 -  16 :  : 'PAGE_TITLE_PATH_PROPERTY'
 -  17 :  : 'PUSH_MODE_PATH_PROPERTY'
 -  18 :  : 'PUSH_TRANSPORT_PATH_PROPERTY'
 -  19 :  : 'getUIClass'
 -  20 :  : '(Lorg/vaadin/grails/server/UriMappings;Ljava/lang/String;)Ljava/lang/Class;'
 -  21 :  : 'setUIClass'
 -  22 :  : '(Lorg/vaadin/grails/server/UriMappings;Ljava/lang/String;Ljava/lang/Class;)V'
 -  23 :  : 'getUIProviderClass'
 -  24 :  : 'setUIProviderClass'
 -  25 :  : 'getViewClass'
 -  26 :  : '(Lorg/vaadin/grails/server/UriMappings;Ljava/lang/String;Ljava/lang/String;)Ljava/lang/Class;'
 -  27 :  : 'setViewClass'
 -  28 :  : '(Lorg/vaadin/grails/server/UriMappings;Ljava/lang/String;Ljava/lang/String;Ljava/lang/Class;)V'
 -  29 :  : 'getAllPaths'
 -  30 :  : '(Lorg/vaadin/grails/server/UriMappings;)Ljava/util/List;'
 -  31 :  : 'getPathProperty'
 -  32 :  : '(Lorg/vaadin/grails/server/UriMappings;Ljava/lang/String;Ljava/lang/String;)Ljava/lang/Object;'
 -  33 :  : 'putPathProperty'
 -  34 :  : '(Lorg/vaadin/grails/server/UriMappings;Ljava/lang/String;Ljava/lang/String;Ljava/lang/Object;)Ljava/lang/Object;'
 -  35 :  : 'getAllFragments'
 -  36 :  : '(Lorg/vaadin/grails/server/UriMappings;Ljava/lang/String;)Ljava/util/List;'
 -  37 :  : 'getFragmentProperty'
 -  38 :  : '(Lorg/vaadin/grails/server/UriMappings;Ljava/lang/String;Ljava/lang/String;Ljava/lang/String;)Ljava/lang/Object;'
 -  39 :  : 'putFragmentProperty'
 -  40 :  : '(Lorg/vaadin/grails/server/UriMappings;Ljava/lang/String;Ljava/lang/String;Ljava/lang/String;Ljava/lang/Object;)Ljava/lang/Object;'
 -  41 :  : 'clear'
 -  42 :  : '(Lorg/vaadin/grails/server/UriMappings;)V'
 -  43 :  : '___clinit___'
 -  44 :  : '()V'
 -  45 :  : 'pushTransport'
 -  46 :  : "pushTransport" {0x12192f4b0}
 -  47 :  : 4195257
 -  48 :  : "PUSH_TRANSPORT_PATH_PROPERTY" {0x12049fa58}
 -  49 :  : 'org/springsource/loaded/TypeRegistry'
 -  50 :  : 'org/springsource/loaded/TypeRegistry' {0x10c600ba0}
 -  51 :  : 'staticFieldInterceptionRequired'
 -  52 :  : '(ILjava/lang/String;)Z'
 -  53 :  : name_index=51 signature_index=52
 -  54 :  : klass_index=50 name_and_type_index=53
 -  55 :  : 'org/vaadin/grails/server/UriMappings'
 -  56 :  : 'org/vaadin/grails/server/UriMappings' {0x10e55c760}
 -  57 :  : 'r$sets'
 -  58 :  : '(Ljava/lang/Object;Ljava/lang/String;)V'
 -  59 :  : name_index=57 signature_index=58
 -  60 :  : klass_index=56 name_and_type_index=59
 -  61 :  : name_index=18 signature_index=12
 -  62 :  : klass_index=56 name_and_type_index=61
 -  63 :  : 'pushMode'
 -  64 :  : "pushMode" {0x11da91f30}
 -  65 :  : "PUSH_MODE_PATH_PROPERTY" {0x12049f938}
 -  66 :  : name_index=17 signature_index=12
 -  67 :  : klass_index=56 name_and_type_index=66
 -  68 :  : 'pageTitle'
 -  69 :  : "pageTitle" {0x11f24bad0}
 -  70 :  : "PAGE_TITLE_PATH_PROPERTY" {0x12049f6c0}
 -  71 :  : name_index=16 signature_index=12
 -  72 :  : klass_index=56 name_and_type_index=71
 -  73 :  : 'preservedOnRefresh'
 -  74 :  : "preservedOnRefresh" {0x12192f4f8}
 -  75 :  : "PRESERVED_ON_REFRESH_PATH_PROPERTY" {0x12049f7e0}
 -  76 :  : name_index=15 signature_index=12
 -  77 :  : klass_index=56 name_and_type_index=76
 -  78 :  : 'widgetset'
 -  79 :  : "widgetset" {0x11da91cd0}
 -  80 :  : "WIDGETSET_PATH_PROPERTY" {0x12049f408}
 -  81 :  : name_index=14 signature_index=12
 -  82 :  : klass_index=56 name_and_type_index=81
 -  83 :  : 'theme'
 -  84 :  : "theme" {0x11da920b0}
 -  85 :  : "THEME_PATH_PROPERTY" {0x12049f568}
 -  86 :  : name_index=13 signature_index=12
 -  87 :  : klass_index=56 name_and_type_index=86
 -  88 :  : 'defaultFragment'
 -  89 :  : "defaultFragment" {0x12192f548}
 -  90 :  : "DEFAULT_FRAGMENT_PATH_PROPERTY" {0x12049fc00}
 -  91 :  : name_index=11 signature_index=12
 -  92 :  : klass_index=56 name_and_type_index=91
 -  93 :  : 'Code'
 -  94 :  : 'Signature'
 -  95 :  : '(Ljava/lang/String;)Ljava/lang/Class<+Lcom/vaadin/ui/UI;>;'
 -  96 :  : '(Ljava/lang/String;Ljava/lang/Class<+Lcom/vaadin/ui/UI;>;)V'
 -  97 :  : '(Ljava/lang/String;)Ljava/lang/Class<+Lcom/vaadin/server/UIProvider;>;'
 -  98 :  : '(Ljava/lang/String;Ljava/lang/Class<+Lcom/vaadin/server/UIProvider;>;)V'
 -  99 :  : '(Ljava/lang/String;Ljava/lang/String;)Ljava/lang/Class<+Lcom/vaadin/navigator/View;>;'
 - 100 :  : '(Ljava/lang/String;Ljava/lang/String;Ljava/lang/Class<+Lcom/vaadin/navigator/View;>;)V'
 - 101 :  : '()Ljava/util/List<Ljava/lang/String;>;'
 - 102 :  : '(Ljava/lang/String;)Ljava/util/List<Ljava/lang/String;>;'
 - 103 :  : 'SourceFile'
 - 104 :  : 'RuntimeVisibleAnnotations'

R10=0x0000000108e198f0: _ZN19TemplateInterpreter13_active_tableE+0x3800 in /Library/Java/JavaVirtualMachines/jdk1.7.0_51.jdk/Contents/Home/jre/lib/server/libjvm.dylib at 0x0000000108600000
R11=0x0000000000000035 is an unknown value
R12=0x0000000000000000 is an unknown value
R13=0x00000001112c0a72 is pointing into object: 0x00000001112c09c0
{constMethod} 
 - klass: {other class}
 - constants:       0x00000001112bfae0 constant pool [105] for 'org/vaadin/grails/server/UriMappings$$EPBL9wr2' cache=0x00000001112c0d90
bci_from(0x1112c0a72) = 114; print_codes():
R14=0x00000001532d5008 is pointing into the stack for thread: 0x00007fbe3c805000
R15=0x00007fbe3c805000 is a thread


Stack: [0x00000001531d6000,0x00000001532d6000],  sp=0x00000001532d4fb8,  free space=1019k
Native frames: (J=compiled Java code, j=interpreted, Vv=VM code, C=native code)

[error occurred during error reporting (printing native stack), id 0xb]


---------------  P R O C E S S  ---------------

Java Threads: ( => current thread )
  0x00007fbe3f3aa000 JavaThread "Atmosphere-Scheduler-11" daemon [_thread_blocked, id=33547, stack(0x0000000153593000,0x0000000153693000)]
  0x00007fbe3cb3c800 JavaThread "Atmosphere-Scheduler-11" daemon [_thread_blocked, id=26407, stack(0x000000015419e000,0x000000015429e000)]
  0x00007fbe41c59000 JavaThread "Atmosphere-Scheduler-11" daemon [_thread_blocked, id=35087, stack(0x00000001527af000,0x00000001528af000)]
  0x00007fbe4049a800 JavaThread "Atmosphere-Scheduler-11" daemon [_thread_blocked, id=15123, stack(0x0000000152349000,0x0000000152449000)]
  0x00007fbe41800000 JavaThread "Atmosphere-Scheduler-11" daemon [_thread_blocked, id=31007, stack(0x0000000153c7a000,0x0000000153d7a000)]
  0x00007fbe433c2000 JavaThread "Atmosphere-Scheduler-10" daemon [_thread_blocked, id=28951, stack(0x0000000153a74000,0x0000000153b74000)]
  0x00007fbe4048e000 JavaThread "Atmosphere-Scheduler-9" daemon [_thread_blocked, id=32283, stack(0x0000000153971000,0x0000000153a71000)]
  0x00007fbe3e9ef000 JavaThread "Atmosphere-Scheduler-8" daemon [_thread_blocked, id=30475, stack(0x0000000153b77000,0x0000000153c77000)]
  0x00007fbe42098800 JavaThread "Atmosphere-Scheduler-7" daemon [_thread_blocked, id=22551, stack(0x00000001543b6000,0x00000001544b6000)]
  0x00007fbe4023b800 JavaThread "Atmosphere-Scheduler-6" daemon [_thread_blocked, id=32019, stack(0x0000000153490000,0x0000000153590000)]
  0x00007fbe4194a800 JavaThread "http-bio-8080-exec-10" daemon [_thread_blocked, id=29703, stack(0x00000001542b3000,0x00000001543b3000)]
  0x00007fbe420c1000 JavaThread "http-bio-8080-exec-9" daemon [_thread_blocked, id=31239, stack(0x000000015409b000,0x000000015419b000)]
  0x00007fbe418be800 JavaThread "http-bio-8080-exec-8" daemon [_thread_blocked, id=32775, stack(0x0000000153f98000,0x0000000154098000)]
  0x00007fbe40c36000 JavaThread "http-bio-8080-exec-7" daemon [_thread_blocked, id=34311, stack(0x0000000153e95000,0x0000000153f95000)]
  0x00007fbe3cbcc800 JavaThread "http-bio-8080-exec-6" daemon [_thread_blocked, id=29195, stack(0x0000000153d92000,0x0000000153e92000)]
  0x00007fbe41d79800 JavaThread "http-bio-8080-exec-5" daemon [_thread_blocked, id=39427, stack(0x0000000155195000,0x0000000155295000)]
  0x00007fbe40ff4800 JavaThread "http-bio-8080-exec-4" daemon [_thread_blocked, id=38915, stack(0x0000000155092000,0x0000000155192000)]
  0x00007fbe3ccb4800 JavaThread "DestroyJavaVM" [_thread_blocked, id=6403, stack(0x0000000109054000,0x0000000109154000)]
  0x00007fbe3cbac800 JavaThread "Thread-9" [_thread_blocked, id=38403, stack(0x0000000154f8f000,0x000000015508f000)]
  0x00007fbe3cde4000 JavaThread "http-bio-8080-exec-3" daemon [_thread_blocked, id=37891, stack(0x0000000154e8c000,0x0000000154f8c000)]
  0x00007fbe3f638000 JavaThread "http-bio-8080-exec-2" daemon [_thread_blocked, id=37379, stack(0x0000000154d89000,0x0000000154e89000)]
  0x00007fbe3f637800 JavaThread "http-bio-8080-exec-1" daemon [_thread_blocked, id=36867, stack(0x0000000154c86000,0x0000000154d86000)]
  0x00007fbe3eb0a000 JavaThread "http-bio-8080-AsyncTimeout" daemon [_thread_blocked, id=36355, stack(0x0000000154b83000,0x0000000154c83000)]
  0x00007fbe3efef800 JavaThread "http-bio-8080-Acceptor-0" daemon [_thread_in_native, id=35843, stack(0x0000000154a80000,0x0000000154b80000)]
  0x00007fbe3e99f000 JavaThread "ContainerBackgroundProcessor[StandardEngine[Tomcat]]" daemon [_thread_blocked, id=35331, stack(0x000000015497d000,0x0000000154a7d000)]
  0x00007fbe3f517000 JavaThread "net.sf.ehcache.CacheManager@590a27f8" daemon [_thread_blocked, id=28163, stack(0x000000015386e000,0x000000015396e000)]
  0x00007fbe3f7e7000 JavaThread "PoolCleaner[1478255528:1430395714014]" daemon [_thread_blocked, id=27651, stack(0x00000001532d9000,0x00000001533d9000)]
=>0x00007fbe3c805000 JavaThread "FileSystemWatcher: files=#213 cl=groovy.lang.GroovyClassLoader@581c63a8" daemon [_thread_in_Java, id=27139, stack(0x00000001531d6000,0x00000001532d6000)]
  0x00007fbe40b7a800 JavaThread "Thread-4" daemon [_thread_in_native, id=26627, stack(0x0000000152e31000,0x0000000152f31000)]
  0x00007fbe3e8cb000 JavaThread "Thread-3" [_thread_in_native, id=25091, stack(0x0000000152d2e000,0x0000000152e2e000)]
  0x00007fbe3e8b8800 JavaThread "Thread-2" [_thread_blocked, id=24583, stack(0x00000001520d5000,0x00000001521d5000)]
  0x00007fbe3f13a000 JavaThread "NonBlockingInputStreamThread" daemon [_thread_blocked, id=22787, stack(0x0000000151c89000,0x0000000151d89000)]
  0x00007fbe3d008800 JavaThread "Service Thread" daemon [_thread_blocked, id=21251, stack(0x00000001518d6000,0x00000001519d6000)]
  0x00007fbe3c803000 JavaThread "C2 CompilerThread1" daemon [_thread_blocked, id=20739, stack(0x00000001517d3000,0x00000001518d3000)]
  0x00007fbe3f12a800 JavaThread "C2 CompilerThread0" daemon [_thread_blocked, id=20227, stack(0x00000001516d0000,0x00000001517d0000)]
  0x00007fbe3f05a000 JavaThread "Signal Dispatcher" daemon [_thread_blocked, id=19715, stack(0x00000001513fd000,0x00000001514fd000)]
  0x00007fbe3e811800 JavaThread "Finalizer" daemon [_thread_blocked, id=14595, stack(0x00000001511ae000,0x00000001512ae000)]
  0x00007fbe3e80e800 JavaThread "Reference Handler" daemon [_thread_blocked, id=14083, stack(0x00000001510ab000,0x00000001511ab000)]

Other Threads:
  0x00007fbe3f03f000 VMThread [stack: 0x0000000150fa8000,0x00000001510a8000] [id=13571]
  0x00007fbe3c804000 WatcherThread [stack: 0x00000001519d9000,0x0000000151ad9000] [id=21763]

VM state:not at safepoint (normal execution)

VM Mutex/Monitor currently owned by a thread: None

Heap
 PSYoungGen      total 215040K, used 45439K [0x000000013c300000, 0x000000014c300000, 0x000000014c300000)
  eden space 169984K, 8% used [0x000000013c300000,0x000000013d14b7b8,0x0000000146900000)
  from space 45056K, 68% used [0x0000000149700000,0x000000014b514800,0x000000014c300000)
  to   space 46080K, 0% used [0x0000000146900000,0x0000000146900000,0x0000000149600000)
 ParOldGen       total 165888K, used 100916K [0x000000011c300000, 0x0000000126500000, 0x000000013c300000)
  object space 165888K, 60% used [0x000000011c300000,0x000000012258d170,0x0000000126500000)
 PSPermGen       total 110592K, used 81667K [0x000000010c300000, 0x0000000112f00000, 0x000000011c300000)
  object space 110592K, 73% used [0x000000010c300000,0x00000001112c0ed0,0x0000000112f00000)

Card table byte_map: [0x000000014c300000,0x000000014c501000] byte_map_base: 0x000000014ba9e800

Polling page: 0x00000001075ec000

Code Cache  [0x00000001091a7000, 0x0000000109857000, 0x000000010c1a7000)
 total_blobs=2129 nmethods=1422 adapters=659 free_code_cache=42592Kb largest_free_block=43337856

Compilation events (10 events):
Event: 318.799 Thread 0x00007fbe3f12a800 1643   !         java.util.zip.ZipFile::close (223 bytes)
Event: 318.800 Thread 0x00007fbe3c803000 1644   !         java.util.zip.Inflater::end (50 bytes)
Event: 318.802 Thread 0x00007fbe3c803000 nmethod 1644 0x0000000109814a10 code [0x0000000109814b60, 0x0000000109814ee8]
Event: 318.806 Thread 0x00007fbe3c803000 1645             java.util.zip.ZipFile$ZipFileInputStream::finalize (5 bytes)
Event: 318.807 Thread 0x00007fbe3c803000 nmethod 1645 0x00000001095a8f10 code [0x00000001095a9060, 0x00000001095a90e8]
Event: 318.807 Thread 0x00007fbe3c803000 1646             java.util.zip.ZipFile$ZipFileInflaterInputStream::finalize (5 bytes)
Event: 318.807 Thread 0x00007fbe3c803000 nmethod 1646 0x0000000109816850 code [0x00000001098169a0, 0x0000000109816a28]
Event: 318.816 Thread 0x00007fbe3c803000 1647             sun.misc.FileURLMapper::getPath (69 bytes)
Event: 318.819 Thread 0x00007fbe3c803000 nmethod 1647 0x0000000109814510 code [0x0000000109814680, 0x00000001098148b8]
Event: 318.838 Thread 0x00007fbe3f12a800 nmethod 1643 0x0000000109627dd0 code [0x0000000109628120, 0x000000010962a1a8]

GC Heap History (10 events):
Event: 187.924 GC heap before
{Heap before GC invocations=49 (full 3):
 PSYoungGen      total 212992K, used 194175K [0x000000013c300000, 0x000000014c300000, 0x000000014c300000)
  eden space 171520K, 100% used [0x000000013c300000,0x0000000146a80000,0x0000000146a80000)
  from space 41472K, 54% used [0x0000000146a80000,0x000000014809fc50,0x0000000149300000)
  to   space 40960K, 0% used [0x0000000149b00000,0x0000000149b00000,0x000000014c300000)
 ParOldGen       total 165888K, used 100756K [0x000000011c300000, 0x0000000126500000, 0x000000013c300000)
  object space 165888K, 60% used [0x000000011c300000,0x0000000122565170,0x0000000126500000)
 PSPermGen       total 110592K, used 80737K [0x000000010c300000, 0x0000000112f00000, 0x000000011c300000)
  object space 110592K, 73% used [0x000000010c300000,0x00000001111d85d0,0x0000000112f00000)
Event: 187.939 GC heap after
Heap after GC invocations=49 (full 3):
 PSYoungGen      total 219136K, used 27237K [0x000000013c300000, 0x000000014c300000, 0x000000014c300000)
  eden space 178176K, 0% used [0x000000013c300000,0x000000013c300000,0x0000000147100000)
  from space 40960K, 66% used [0x0000000149b00000,0x000000014b599708,0x000000014c300000)
  to   space 41984K, 0% used [0x0000000147100000,0x0000000147100000,0x0000000149a00000)
 ParOldGen       total 165888K, used 100756K [0x000000011c300000, 0x0000000126500000, 0x000000013c300000)
  object space 165888K, 60% used [0x000000011c300000,0x0000000122565170,0x0000000126500000)
 PSPermGen       total 110592K, used 80737K [0x000000010c300000, 0x0000000112f00000, 0x000000011c300000)
  object space 110592K, 73% used [0x000000010c300000,0x00000001111d85d0,0x0000000112f00000)
}
Event: 218.336 GC heap before
{Heap before GC invocations=50 (full 3):
 PSYoungGen      total 219136K, used 205413K [0x000000013c300000, 0x000000014c300000, 0x000000014c300000)
  eden space 178176K, 100% used [0x000000013c300000,0x0000000147100000,0x0000000147100000)
  from space 40960K, 66% used [0x0000000149b00000,0x000000014b599708,0x000000014c300000)
  to   space 41984K, 0% used [0x0000000147100000,0x0000000147100000,0x0000000149a00000)
 ParOldGen       total 165888K, used 100756K [0x000000011c300000, 0x0000000126500000, 0x000000013c300000)
  object space 165888K, 60% used [0x000000011c300000,0x0000000122565170,0x0000000126500000)
 PSPermGen       total 110592K, used 81084K [0x000000010c300000, 0x0000000112f00000, 0x000000011c300000)
  object space 110592K, 73% used [0x000000010c300000,0x000000011122f280,0x0000000112f00000)
Event: 218.354 GC heap after
Heap after GC invocations=50 (full 3):
 PSYoungGen      total 206848K, used 28650K [0x000000013c300000, 0x000000014c300000, 0x000000014c300000)
  eden space 178176K, 0% used [0x000000013c300000,0x000000013c300000,0x0000000147100000)
  from space 28672K, 99% used [0x0000000147100000,0x0000000148cfa8b0,0x0000000148d00000)
  to   space 43008K, 0% used [0x0000000149900000,0x0000000149900000,0x000000014c300000)
 ParOldGen       total 165888K, used 100756K [0x000000011c300000, 0x0000000126500000, 0x000000013c300000)
  object space 165888K, 60% used [0x000000011c300000,0x0000000122565170,0x0000000126500000)
 PSPermGen       total 110592K, used 81084K [0x000000010c300000, 0x0000000112f00000, 0x000000011c300000)
  object space 110592K, 73% used [0x000000010c300000,0x000000011122f280,0x0000000112f00000)
}
Event: 254.695 GC heap before
{Heap before GC invocations=51 (full 3):
 PSYoungGen      total 206848K, used 206826K [0x000000013c300000, 0x000000014c300000, 0x000000014c300000)
  eden space 178176K, 100% used [0x000000013c300000,0x0000000147100000,0x0000000147100000)
  from space 28672K, 99% used [0x0000000147100000,0x0000000148cfa8b0,0x0000000148d00000)
  to   space 43008K, 0% used [0x0000000149900000,0x0000000149900000,0x000000014c300000)
 ParOldGen       total 165888K, used 100756K [0x000000011c300000, 0x0000000126500000, 0x000000013c300000)
  object space 165888K, 60% used [0x000000011c300000,0x0000000122565170,0x0000000126500000)
 PSPermGen       total 110592K, used 81253K [0x000000010c300000, 0x0000000112f00000, 0x000000011c300000)
  object space 110592K, 73% used [0x000000010c300000,0x0000000111259600,0x0000000112f00000)
Event: 254.711 GC heap after
Heap after GC invocations=51 (full 3):
 PSYoungGen      total 217088K, used 29288K [0x000000013c300000, 0x000000014c300000, 0x000000014c300000)
  eden space 174080K, 0% used [0x000000013c300000,0x000000013c300000,0x0000000146d00000)
  from space 43008K, 68% used [0x0000000149900000,0x000000014b59a360,0x000000014c300000)
  to   space 44032K, 0% used [0x0000000146d00000,0x0000000146d00000,0x0000000149800000)
 ParOldGen       total 165888K, used 100764K [0x000000011c300000, 0x0000000126500000, 0x000000013c300000)
  object space 165888K, 60% used [0x000000011c300000,0x0000000122567170,0x0000000126500000)
 PSPermGen       total 110592K, used 81253K [0x000000010c300000, 0x0000000112f00000, 0x000000011c300000)
  object space 110592K, 73% used [0x000000010c300000,0x0000000111259600,0x0000000112f00000)
}
Event: 303.275 GC heap before
{Heap before GC invocations=52 (full 3):
 PSYoungGen      total 217088K, used 203368K [0x000000013c300000, 0x000000014c300000, 0x000000014c300000)
  eden space 174080K, 100% used [0x000000013c300000,0x0000000146d00000,0x0000000146d00000)
  from space 43008K, 68% used [0x0000000149900000,0x000000014b59a360,0x000000014c300000)
  to   space 44032K, 0% used [0x0000000146d00000,0x0000000146d00000,0x0000000149800000)
 ParOldGen       total 165888K, used 100764K [0x000000011c300000, 0x0000000126500000, 0x000000013c300000)
  object space 165888K, 60% used [0x000000011c300000,0x0000000122567170,0x0000000126500000)
 PSPermGen       total 110592K, used 81526K [0x000000010c300000, 0x0000000112f00000, 0x000000011c300000)
  object space 110592K, 73% used [0x000000010c300000,0x000000011129d9d8,0x0000000112f00000)
Event: 303.291 GC heap after
Heap after GC invocations=52 (full 3):
 PSYoungGen      total 204288K, used 29741K [0x000000013c300000, 0x000000014c300000, 0x000000014c300000)
  eden space 174080K, 0% used [0x000000013c300000,0x000000013c300000,0x0000000146d00000)
  from space 30208K, 98% used [0x0000000146d00000,0x0000000148a0b5b0,0x0000000148a80000)
  to   space 45056K, 0% used [0x0000000149700000,0x0000000149700000,0x000000014c300000)
 ParOldGen       total 165888K, used 100764K [0x000000011c300000, 0x0000000126500000, 0x000000013c300000)
  object space 165888K, 60% used [0x000000011c300000,0x0000000122567170,0x0000000126500000)
 PSPermGen       total 110592K, used 81526K [0x000000010c300000, 0x0000000112f00000, 0x000000011c300000)
  object space 110592K, 73% used [0x000000010c300000,0x000000011129d9d8,0x0000000112f00000)
}
Event: 318.762 GC heap before
{Heap before GC invocations=53 (full 3):
 PSYoungGen      total 204288K, used 203821K [0x000000013c300000, 0x000000014c300000, 0x000000014c300000)
  eden space 174080K, 100% used [0x000000013c300000,0x0000000146d00000,0x0000000146d00000)
  from space 30208K, 98% used [0x0000000146d00000,0x0000000148a0b5b0,0x0000000148a80000)
  to   space 45056K, 0% used [0x0000000149700000,0x0000000149700000,0x000000014c300000)
 ParOldGen       total 165888K, used 100764K [0x000000011c300000, 0x0000000126500000, 0x000000013c300000)
  object space 165888K, 60% used [0x000000011c300000,0x0000000122567170,0x0000000126500000)
 PSPermGen       total 110592K, used 81662K [0x000000010c300000, 0x0000000112f00000, 0x000000011c300000)
  object space 110592K, 73% used [0x000000010c300000,0x00000001112bf900,0x0000000112f00000)
Event: 318.788 GC heap after
Heap after GC invocations=53 (full 3):
 PSYoungGen      total 215040K, used 30802K [0x000000013c300000, 0x000000014c300000, 0x000000014c300000)
  eden space 169984K, 0% used [0x000000013c300000,0x000000013c300000,0x0000000146900000)
  from space 45056K, 68% used [0x0000000149700000,0x000000014b514800,0x000000014c300000)
  to   space 46080K, 0% used [0x0000000146900000,0x0000000146900000,0x0000000149600000)
 ParOldGen       total 165888K, used 100916K [0x000000011c300000, 0x0000000126500000, 0x000000013c300000)
  object space 165888K, 60% used [0x000000011c300000,0x000000012258d170,0x0000000126500000)
 PSPermGen       total 110592K, used 81662K [0x000000010c300000, 0x0000000112f00000, 0x000000011c300000)
  object space 110592K, 73% used [0x000000010c300000,0x00000001112bf900,0x0000000112f00000)
}

Deoptimization events (10 events):
Event: 221.629 Thread 0x00007fbe3c805000 Uncommon trap: reason=bimorphic action=maybe_recompile pc=0x000000010948f5b4 method=org.springsource.loaded.ri.GetDeclaredMethodLookup.matches(Lorg/springsource/loaded/ri/Invoker;)Z @ 5
Event: 221.630 Thread 0x00007fbe3c805000 Uncommon trap: reason=bimorphic action=maybe_recompile pc=0x000000010948f5b4 method=org.springsource.loaded.ri.GetDeclaredMethodLookup.matches(Lorg/springsource/loaded/ri/Invoker;)Z @ 5
Event: 221.630 Thread 0x00007fbe3c805000 Uncommon trap: reason=bimorphic action=maybe_recompile pc=0x000000010948f5b4 method=org.springsource.loaded.ri.GetDeclaredMethodLookup.matches(Lorg/springsource/loaded/ri/Invoker;)Z @ 5
Event: 254.724 Thread 0x00007fbe3e811800 Uncommon trap: reason=array_check action=maybe_recompile pc=0x00000001095295bc method=java.util.Arrays.fill([Ljava/lang/Object;Ljava/lang/Object;)V @ 13
Event: 254.724 Thread 0x00007fbe3e811800 Uncommon trap: reason=array_check action=maybe_recompile pc=0x00000001095295bc method=java.util.Arrays.fill([Ljava/lang/Object;Ljava/lang/Object;)V @ 13
Event: 254.724 Thread 0x00007fbe3e811800 Uncommon trap: reason=array_check action=maybe_recompile pc=0x00000001095295bc method=java.util.Arrays.fill([Ljava/lang/Object;Ljava/lang/Object;)V @ 13
Event: 254.724 Thread 0x00007fbe3e811800 Uncommon trap: reason=array_check action=maybe_recompile pc=0x00000001095295bc method=java.util.Arrays.fill([Ljava/lang/Object;Ljava/lang/Object;)V @ 13
Event: 266.865 Thread 0x00007fbe3cbac800 Uncommon trap: reason=null_check action=make_not_entrant pc=0x000000010976d614 method=groovyjarjarantlr.CharScanner.testLiteralsTable(I)I @ 32
Event: 318.810 Thread 0x00007fbe3cbac800 Uncommon trap: reason=null_check action=make_not_entrant pc=0x00000001098157ec method=sun.nio.cs.StreamDecoder.inReady()Z @ 21
Event: 319.846 Thread 0x00007fbe3c805000 Uncommon trap: reason=unreached action=reinterpret pc=0x0000000109442738 method=java.lang.ClassLoader.checkName(Ljava/lang/String;)Z @ 1

Internal exceptions (10 events):
Event: 318.744 Thread 0x00007fbe3cbac800 Threw 0x00000001467bc198 at /HUDSON/workspace/7u-2-build-macosx-x86_64/jdk7u51/527/hotspot/src/share/vm/prims/jvm.cpp:1244
Event: 318.744 Thread 0x00007fbe3cbac800 Threw 0x00000001467d9bf8 at /HUDSON/workspace/7u-2-build-macosx-x86_64/jdk7u51/527/hotspot/src/share/vm/prims/jvm.cpp:1244
Event: 318.744 Thread 0x00007fbe3cbac800 Threw 0x00000001467e0ed8 at /HUDSON/workspace/7u-2-build-macosx-x86_64/jdk7u51/527/hotspot/src/share/vm/prims/jvm.cpp:1244
Event: 318.745 Thread 0x00007fbe3cbac800 Threw 0x00000001467e3f50 at /HUDSON/workspace/7u-2-build-macosx-x86_64/jdk7u51/527/hotspot/src/share/vm/prims/jvm.cpp:1244
Event: 318.745 Thread 0x00007fbe3cbac800 Threw 0x00000001467f3e28 at /HUDSON/workspace/7u-2-build-macosx-x86_64/jdk7u51/527/hotspot/src/share/vm/prims/jvm.cpp:1244
Event: 318.745 Thread 0x00007fbe3cbac800 Threw 0x000000014681c148 at /HUDSON/workspace/7u-2-build-macosx-x86_64/jdk7u51/527/hotspot/src/share/vm/prims/jvm.cpp:1244
Event: 318.810 Thread 0x00007fbe3cbac800 Implicit null exception at 0x00000001098153e9 to 0x00000001098157e1
Event: 318.823 Thread 0x00007fbe3cbac800 Threw 0x000000013cf74cb0 at /HUDSON/workspace/7u-2-build-macosx-x86_64/jdk7u51/527/hotspot/src/share/vm/prims/jvm.cpp:1244
Event: 318.823 Thread 0x00007fbe3cbac800 Threw 0x000000013cf74fd8 at /HUDSON/workspace/7u-2-build-macosx-x86_64/jdk7u51/527/hotspot/src/share/vm/prims/jvm.cpp:1244
Event: 319.846 Thread 0x00007fbe3c805000 Implicit null exception at 0x00000001094425cc to 0x0000000109442729

Events (10 events):
Event: 318.795 Executing VM operation: BulkRevokeBias
Event: 318.795 Executing VM operation: BulkRevokeBias done
Event: 318.795 Executing VM operation: BulkRevokeBias
Event: 318.795 Executing VM operation: BulkRevokeBias done
Event: 318.810 Thread 0x00007fbe3cbac800 Uncommon trap: trap_request=0xfffffff4 fr.pc=0x00000001098157ec
Event: 318.810 Thread 0x00007fbe3cbac800 DEOPT PACKING pc=0x00000001098157ec sp=0x000000015508bf40
Event: 318.810 Thread 0x00007fbe3cbac800 DEOPT UNPACKING pc=0x00000001091e0045 sp=0x000000015508bea8 mode 2
Event: 319.846 Thread 0x00007fbe3c805000 Uncommon trap: trap_request=0xffffffad fr.pc=0x0000000109442738
Event: 319.846 Thread 0x00007fbe3c805000 DEOPT PACKING pc=0x0000000109442738 sp=0x00000001532d5390
Event: 319.846 Thread 0x00007fbe3c805000 DEOPT UNPACKING pc=0x00000001091e0045 sp=0x00000001532d5358 mode 2


Dynamic libraries:
0x0000000003b2e000 	/System/Library/Frameworks/Cocoa.framework/Versions/A/Cocoa
0x0000000003b2e000 	/System/Library/Frameworks/Security.framework/Versions/A/Security
0x0000000003b2e000 	/System/Library/Frameworks/ApplicationServices.framework/Versions/A/ApplicationServices
0x0000000003b2e000 	/usr/lib/libz.1.dylib
0x0000000003b2e000 	/usr/lib/libSystem.B.dylib
0x0000000003b2e000 	/usr/lib/libobjc.A.dylib
0x0000000003b2e000 	/System/Library/Frameworks/CoreFoundation.framework/Versions/A/CoreFoundation
0x0000000003b2e000 	/System/Library/Frameworks/Foundation.framework/Versions/C/Foundation
0x0000000003b2e000 	/System/Library/Frameworks/AppKit.framework/Versions/C/AppKit
0x0000000003b2e000 	/System/Library/Frameworks/CoreData.framework/Versions/A/CoreData
0x0000000003b2e000 	/System/Library/PrivateFrameworks/RemoteViewServices.framework/Versions/A/RemoteViewServices
0x0000000003b2e000 	/System/Library/Frameworks/AudioToolbox.framework/Versions/A/AudioToolbox
0x0000000003b2e000 	/System/Library/Frameworks/AudioUnit.framework/Versions/A/AudioUnit
0x0000000003b2e000 	/System/Library/PrivateFrameworks/DataDetectorsCore.framework/Versions/A/DataDetectorsCore
0x0000000003b2e000 	/System/Library/PrivateFrameworks/DesktopServicesPriv.framework/Versions/A/DesktopServicesPriv
0x0000000003b2e000 	/System/Library/Frameworks/Carbon.framework/Versions/A/Frameworks/HIToolbox.framework/Versions/A/HIToolbox
0x0000000003b2e000 	/System/Library/Frameworks/QuartzCore.framework/Versions/A/QuartzCore
0x0000000003b2e000 	/System/Library/Frameworks/Carbon.framework/Versions/A/Frameworks/SpeechRecognition.framework/Versions/A/SpeechRecognition
0x0000000003b2e000 	/usr/lib/libauto.dylib
0x0000000003b2e000 	/usr/lib/libicucore.A.dylib
0x0000000003b2e000 	/usr/lib/libxml2.2.dylib
0x0000000003b2e000 	/System/Library/PrivateFrameworks/CoreUI.framework/Versions/A/CoreUI
0x0000000003b2e000 	/System/Library/Frameworks/CoreAudio.framework/Versions/A/CoreAudio
0x0000000003b2e000 	/System/Library/Frameworks/DiskArbitration.framework/Versions/A/DiskArbitration
0x0000000003b2e000 	/usr/lib/liblangid.dylib
0x0000000003b2e000 	/System/Library/PrivateFrameworks/MultitouchSupport.framework/Versions/A/MultitouchSupport
0x0000000003b2e000 	/System/Library/Frameworks/IOKit.framework/Versions/A/IOKit
0x0000000003b2e000 	/usr/lib/libDiagnosticMessagesClient.dylib
0x0000000003b2e000 	/System/Library/Frameworks/CoreServices.framework/Versions/A/CoreServices
0x0000000003b2e000 	/System/Library/PrivateFrameworks/PerformanceAnalysis.framework/Versions/A/PerformanceAnalysis
0x0000000003b2e000 	/System/Library/PrivateFrameworks/GenerationalStorage.framework/Versions/A/GenerationalStorage
0x0000000003b2e000 	/System/Library/Frameworks/OpenGL.framework/Versions/A/OpenGL
0x0000000003b2e000 	/System/Library/PrivateFrameworks/Sharing.framework/Versions/A/Sharing
0x0000000003b2e000 	/System/Library/Frameworks/ImageIO.framework/Versions/A/ImageIO
0x0000000003b2e000 	/System/Library/Frameworks/CoreText.framework/Versions/A/CoreText
0x0000000003b2e000 	/System/Library/Frameworks/CoreGraphics.framework/Versions/A/CoreGraphics
0x0000000003b2e000 	/System/Library/PrivateFrameworks/Backup.framework/Versions/A/Backup
0x0000000003b2e000 	/System/Library/Frameworks/CFNetwork.framework/Versions/A/CFNetwork
0x0000000003b2e000 	/System/Library/Frameworks/SystemConfiguration.framework/Versions/A/SystemConfiguration
0x0000000003b2e000 	/usr/lib/libCRFSuite.dylib
0x0000000003b2e000 	/usr/lib/libc++.1.dylib
0x0000000003b2e000 	/usr/lib/libc++abi.dylib
0x0000000003b2e000 	/usr/lib/system/libcache.dylib
0x0000000003b2e000 	/usr/lib/system/libcommonCrypto.dylib
0x0000000003b2e000 	/usr/lib/system/libcompiler_rt.dylib
0x0000000003b2e000 	/usr/lib/system/libcopyfile.dylib
0x0000000003b2e000 	/usr/lib/system/libcorecrypto.dylib
0x0000000003b2e000 	/usr/lib/system/libdispatch.dylib
0x0000000003b2e000 	/usr/lib/system/libdyld.dylib
0x0000000003b2e000 	/usr/lib/system/libkeymgr.dylib
0x0000000003b2e000 	/usr/lib/system/liblaunch.dylib
0x0000000003b2e000 	/usr/lib/system/libmacho.dylib
0x0000000003b2e000 	/usr/lib/system/libquarantine.dylib
0x0000000003b2e000 	/usr/lib/system/libremovefile.dylib
0x0000000003b2e000 	/usr/lib/system/libsystem_asl.dylib
0x0000000003b2e000 	/usr/lib/system/libsystem_blocks.dylib
0x0000000003b2e000 	/usr/lib/system/libsystem_c.dylib
0x0000000003b2e000 	/usr/lib/system/libsystem_configuration.dylib
0x0000000003b2e000 	/usr/lib/system/libsystem_dnssd.dylib
0x0000000003b2e000 	/usr/lib/system/libsystem_info.dylib
0x0000000003b2e000 	/usr/lib/system/libsystem_kernel.dylib
0x0000000003b2e000 	/usr/lib/system/libsystem_m.dylib
0x0000000003b2e000 	/usr/lib/system/libsystem_malloc.dylib
0x0000000003b2e000 	/usr/lib/system/libsystem_network.dylib
0x0000000003b2e000 	/usr/lib/system/libsystem_notify.dylib
0x0000000003b2e000 	/usr/lib/system/libsystem_platform.dylib
0x0000000003b2e000 	/usr/lib/system/libsystem_pthread.dylib
0x0000000003b2e000 	/usr/lib/system/libsystem_sandbox.dylib
0x0000000003b2e000 	/usr/lib/system/libsystem_stats.dylib
0x0000000003b2e000 	/usr/lib/system/libunc.dylib
0x0000000003b2e000 	/usr/lib/system/libunwind.dylib
0x0000000003b2e000 	/usr/lib/system/libxpc.dylib
0x0000000003b2e000 	/usr/lib/libbsm.0.dylib
0x0000000003b2e000 	/usr/lib/libsqlite3.dylib
0x0000000003b2e000 	/usr/lib/libxar.1.dylib
0x0000000003b2e000 	/usr/lib/libpam.2.dylib
0x0000000003b2e000 	/usr/lib/libOpenScriptingUtil.dylib
0x0000000003b2e000 	/usr/lib/libbz2.1.0.dylib
0x0000000003b2e000 	/System/Library/Frameworks/CoreServices.framework/Versions/A/Frameworks/CarbonCore.framework/Versions/A/CarbonCore
0x0000000003b2e000 	/System/Library/Frameworks/CoreServices.framework/Versions/A/Frameworks/Metadata.framework/Versions/A/Metadata
0x0000000003b2e000 	/System/Library/Frameworks/CoreServices.framework/Versions/A/Frameworks/OSServices.framework/Versions/A/OSServices
0x0000000003b2e000 	/System/Library/Frameworks/CoreServices.framework/Versions/A/Frameworks/SearchKit.framework/Versions/A/SearchKit
0x0000000003b2e000 	/System/Library/Frameworks/CoreServices.framework/Versions/A/Frameworks/AE.framework/Versions/A/AE
0x0000000003b2e000 	/System/Library/Frameworks/CoreServices.framework/Versions/A/Frameworks/LaunchServices.framework/Versions/A/LaunchServices
0x0000000003b2e000 	/System/Library/Frameworks/CoreServices.framework/Versions/A/Frameworks/DictionaryServices.framework/Versions/A/DictionaryServices
0x0000000003b2e000 	/System/Library/Frameworks/NetFS.framework/Versions/A/NetFS
0x0000000003b2e000 	/usr/lib/system/libkxld.dylib
0x0000000003b2e000 	/System/Library/PrivateFrameworks/NetAuth.framework/Versions/A/NetAuth
0x0000000003b2e000 	/System/Library/PrivateFrameworks/TCC.framework/Versions/A/TCC
0x0000000003b2e000 	/System/Library/Frameworks/OpenDirectory.framework/Versions/A/Frameworks/CFOpenDirectory.framework/Versions/A/CFOpenDirectory
0x0000000003b2e000 	/System/Library/Frameworks/ServiceManagement.framework/Versions/A/ServiceManagement
0x0000000003b2e000 	/usr/lib/libxslt.1.dylib
0x0000000003b2e000 	/System/Library/Frameworks/Carbon.framework/Versions/A/Frameworks/Ink.framework/Versions/A/Ink
0x0000000003b2e000 	/System/Library/Frameworks/ApplicationServices.framework/Versions/A/Frameworks/ATS.framework/Versions/A/ATS
0x0000000003b2e000 	/System/Library/Frameworks/ApplicationServices.framework/Versions/A/Frameworks/ColorSync.framework/Versions/A/ColorSync
0x0000000003b2e000 	/System/Library/Frameworks/ApplicationServices.framework/Versions/A/Frameworks/HIServices.framework/Versions/A/HIServices
0x0000000003b2e000 	/System/Library/Frameworks/ApplicationServices.framework/Versions/A/Frameworks/LangAnalysis.framework/Versions/A/LangAnalysis
0x0000000003b2e000 	/System/Library/Frameworks/ApplicationServices.framework/Versions/A/Frameworks/PrintCore.framework/Versions/A/PrintCore
0x0000000003b2e000 	/System/Library/Frameworks/ApplicationServices.framework/Versions/A/Frameworks/QD.framework/Versions/A/QD
0x0000000003b2e000 	/System/Library/Frameworks/ApplicationServices.framework/Versions/A/Frameworks/SpeechSynthesis.framework/Versions/A/SpeechSynthesis
0x0000000003b2e000 	/System/Library/Frameworks/IOSurface.framework/Versions/A/IOSurface
0x0000000003b2e000 	/System/Library/Frameworks/Accelerate.framework/Versions/A/Accelerate
0x0000000003b2e000 	/System/Library/Frameworks/Accelerate.framework/Versions/A/Frameworks/vImage.framework/Versions/A/vImage
0x0000000003b2e000 	/System/Library/Frameworks/Accelerate.framework/Versions/A/Frameworks/vecLib.framework/Versions/A/vecLib
0x0000000003b2e000 	/System/Library/Frameworks/Accelerate.framework/Versions/A/Frameworks/vecLib.framework/Versions/A/libvDSP.dylib
0x0000000003b2e000 	/System/Library/Frameworks/Accelerate.framework/Versions/A/Frameworks/vecLib.framework/Versions/A/libvMisc.dylib
0x0000000003b2e000 	/System/Library/Frameworks/Accelerate.framework/Versions/A/Frameworks/vecLib.framework/Versions/A/libLAPACK.dylib
0x0000000003b2e000 	/System/Library/Frameworks/Accelerate.framework/Versions/A/Frameworks/vecLib.framework/Versions/A/libBLAS.dylib
0x0000000003b2e000 	/System/Library/Frameworks/ApplicationServices.framework/Versions/A/Frameworks/ATS.framework/Versions/A/Resources/libFontParser.dylib
0x0000000003b2e000 	/System/Library/Frameworks/ApplicationServices.framework/Versions/A/Frameworks/ATS.framework/Versions/A/Resources/libFontRegistry.dylib
0x0000000003b2e000 	/System/Library/Frameworks/ImageIO.framework/Versions/A/Resources/libJPEG.dylib
0x0000000003b2e000 	/System/Library/Frameworks/ImageIO.framework/Versions/A/Resources/libTIFF.dylib
0x0000000003b2e000 	/System/Library/Frameworks/ImageIO.framework/Versions/A/Resources/libPng.dylib
0x0000000003b2e000 	/System/Library/Frameworks/ImageIO.framework/Versions/A/Resources/libGIF.dylib
0x0000000003b2e000 	/System/Library/Frameworks/ImageIO.framework/Versions/A/Resources/libJP2.dylib
0x0000000003b2e000 	/System/Library/Frameworks/ImageIO.framework/Versions/A/Resources/libRadiance.dylib
0x0000000003b2e000 	/usr/lib/libcups.2.dylib
0x0000000003b2e000 	/System/Library/Frameworks/Kerberos.framework/Versions/A/Kerberos
0x0000000003b2e000 	/System/Library/Frameworks/GSS.framework/Versions/A/GSS
0x0000000003b2e000 	/usr/lib/libresolv.9.dylib
0x0000000003b2e000 	/usr/lib/libiconv.2.dylib
0x0000000003b2e000 	/System/Library/PrivateFrameworks/Heimdal.framework/Versions/A/Heimdal
0x0000000003b2e000 	/System/Library/PrivateFrameworks/TrustEvaluationAgent.framework/Versions/A/TrustEvaluationAgent
0x0000000003b2e000 	/usr/lib/libheimdal-asn1.dylib
0x0000000003b2e000 	/System/Library/Frameworks/OpenDirectory.framework/Versions/A/OpenDirectory
0x0000000003b2e000 	/System/Library/PrivateFrameworks/CommonAuth.framework/Versions/A/CommonAuth
0x0000000003b2e000 	/System/Library/Frameworks/SecurityFoundation.framework/Versions/A/SecurityFoundation
0x0000000003b2e000 	/System/Library/PrivateFrameworks/Bom.framework/Versions/A/Bom
0x0000000003b2e000 	/System/Library/Frameworks/CoreVideo.framework/Versions/A/CoreVideo
0x0000000003b2e000 	/System/Library/Frameworks/QuartzCore.framework/Versions/A/Frameworks/CoreImage.framework/Versions/A/CoreImage
0x0000000003b2e000 	/System/Library/Frameworks/QuartzCore.framework/Versions/A/Frameworks/ScalableUserInterface.framework/Versions/A/ScalableUserInterface
0x0000000003b2e000 	/System/Library/Frameworks/OpenGL.framework/Versions/A/Libraries/libGLU.dylib
0x0000000003b2e000 	/System/Library/Frameworks/OpenGL.framework/Versions/A/Libraries/libGFXShared.dylib
0x0000000003b2e000 	/System/Library/Frameworks/OpenGL.framework/Versions/A/Libraries/libGL.dylib
0x0000000003b2e000 	/System/Library/Frameworks/OpenGL.framework/Versions/A/Libraries/libGLImage.dylib
0x0000000003b2e000 	/System/Library/Frameworks/OpenGL.framework/Versions/A/Libraries/libCVMSPluginSupport.dylib
0x0000000003b2e000 	/System/Library/Frameworks/OpenGL.framework/Versions/A/Libraries/libCoreVMClient.dylib
0x0000000003b2e000 	/System/Library/PrivateFrameworks/FaceCore.framework/Versions/A/FaceCore
0x0000000003b2e000 	/System/Library/PrivateFrameworks/CrashReporterSupport.framework/Versions/A/CrashReporterSupport
0x0000000003b2e000 	/System/Library/Frameworks/OpenCL.framework/Versions/A/OpenCL
0x0000000003b2e000 	/System/Library/PrivateFrameworks/AppleFSCompression.framework/Versions/A/AppleFSCompression
0x0000000003b2e000 	/System/Library/PrivateFrameworks/Ubiquity.framework/Versions/A/Ubiquity
0x0000000003b2e000 	/System/Library/PrivateFrameworks/IconServices.framework/Versions/A/IconServices
0x0000000003b2e000 	/System/Library/PrivateFrameworks/ChunkingLibrary.framework/Versions/A/ChunkingLibrary
0x0000000003b2e000 	/System/Library/PrivateFrameworks/CoreSymbolication.framework/Versions/A/CoreSymbolication
0x0000000003b2e000 	/System/Library/PrivateFrameworks/Symbolication.framework/Versions/A/Symbolication
0x0000000003b2e000 	/System/Library/PrivateFrameworks/DebugSymbols.framework/Versions/A/DebugSymbols
0x0000000108600000 	/Library/Java/JavaVirtualMachines/jdk1.7.0_51.jdk/Contents/Home/jre/lib/server/libjvm.dylib
0x0000000003b2e000 	/usr/lib/libstdc++.6.dylib
0x00000001075af000 	/Library/Java/JavaVirtualMachines/jdk1.7.0_51.jdk/Contents/Home/jre/lib/libverify.dylib
0x00000001075bc000 	/Library/Java/JavaVirtualMachines/jdk1.7.0_51.jdk/Contents/Home/jre/lib/libjava.dylib
0x0000000109156000 	/Library/Java/JavaVirtualMachines/jdk1.7.0_51.jdk/Contents/Home/jre/lib/libinstrument.dylib
0x00000001075f7000 	/Library/Java/JavaVirtualMachines/jdk1.7.0_51.jdk/Contents/Home/jre/lib/libzip.dylib
0x00000001512b0000 	/System/Library/Frameworks/JavaVM.framework/Frameworks/JavaRuntimeSupport.framework/JavaRuntimeSupport
0x00000001512c8000 	/System/Library/Frameworks/JavaVM.framework/Versions/A/Frameworks/JavaNativeFoundation.framework/Versions/A/JavaNativeFoundation
0x00000001512dd000 	/System/Library/Frameworks/JavaVM.framework/Versions/A/JavaVM
0x0000000003b2e000 	/System/Library/Frameworks/Carbon.framework/Versions/A/Carbon
0x00000001512ea000 	/System/Library/PrivateFrameworks/JavaLaunching.framework/Versions/A/JavaLaunching
0x0000000003b2e000 	/System/Library/Frameworks/Carbon.framework/Versions/A/Frameworks/CommonPanels.framework/Versions/A/CommonPanels
0x0000000003b2e000 	/System/Library/Frameworks/Carbon.framework/Versions/A/Frameworks/Help.framework/Versions/A/Help
0x0000000003b2e000 	/System/Library/Frameworks/Carbon.framework/Versions/A/Frameworks/ImageCapture.framework/Versions/A/ImageCapture
0x0000000003b2e000 	/System/Library/Frameworks/Carbon.framework/Versions/A/Frameworks/OpenScripting.framework/Versions/A/OpenScripting
0x0000000003b2e000 	/System/Library/Frameworks/Carbon.framework/Versions/A/Frameworks/Print.framework/Versions/A/Print
0x0000000003b2e000 	/System/Library/Frameworks/Carbon.framework/Versions/A/Frameworks/SecurityHI.framework/Versions/A/SecurityHI
0x0000000151c85000 	/private/var/folders/l2/9tzjxt_n5r971h5b_s9khd6h0000gn/T/libjansi-64-6135100432776845250.jnilib
0x000000015221c000 	/Library/Java/JavaVirtualMachines/jdk1.7.0_51.jdk/Contents/Home/jre/lib/libnet.dylib
0x0000000151adb000 	/Library/Java/JavaVirtualMachines/jdk1.7.0_51.jdk/Contents/Home/jre/lib/libnio.dylib
0x0000000151d8b000 	/Library/Java/JavaVirtualMachines/jdk1.7.0_51.jdk/Contents/Home/jre/lib/libmanagement.dylib

VM Arguments:
jvm_args: -Dfile.encoding=UTF-8 -Xmx768M -Xms64M -XX:MaxPermSize=256m -Dgrails.fork.parent.process.port=63567 -Dgrails.fork.active=true -Dgrails.build.execution.context=/private/var/folders/l2/9tzjxt_n5r971h5b_s9khd6h0000gn/T/vaadin7-demo4681629068960819045grails-execution-context -Dgrails.home=/Users/grs/.gvm/grails/2.4.2 -javaagent:/Users/grs/.gvm/grails/2.4.2/lib/org.springframework/springloaded/jars/springloaded-1.2.0.RELEASE.jar -Xverify:none -Dspringloaded.synchronize=true -Djdk.reflect.allowGetCallerClass=true -Dspringloaded=profile=grails;cacheDir=/Users/grs/.grails/2.4.2 
java_command: org.grails.plugins.tomcat.fork.ForkedTomcatServer
Launcher Type: SUN_STANDARD

Environment Variables:
JAVA_HOME=/Library/Java/JavaVirtualMachines/jdk1.7.0_51.jdk/Contents/Home
PATH=/Users/grs/.gvm/vertx/current/bin:/Users/grs/.gvm/springboot/current/bin:/Users/grs/.gvm/lazybones/current/bin:/Users/grs/.gvm/jbake/current/bin:/Users/grs/.gvm/groovyserv/current/bin:/Users/grs/.gvm/groovy/current/bin:/Users/grs/.gvm/griffon/current/bin:/Users/grs/.gvm/grails/current/bin:/Users/grs/.gvm/gradle/current/bin:/Users/grs/.gvm/glide/current/bin:/Users/grs/.gvm/gaiden/current/bin:/Users/grs/.gvm/crash/current/bin:/opt/local/bin:/opt/local/sbin:/usr/bin:/bin:/usr/sbin:/sbin:/usr/local/bin:/usr/local/MacGPG2/bin
SHELL=/bin/bash

Signal Handlers:
SIGSEGV: [libjvm.dylib+0x525425], sa_mask[0]=0xfffefeff, sa_flags=0x00000043
SIGBUS: [libjvm.dylib+0x525425], sa_mask[0]=0xfffefeff, sa_flags=0x00000042
SIGFPE: [libjvm.dylib+0x41892a], sa_mask[0]=0xfffefeff, sa_flags=0x00000042
SIGPIPE: [libjvm.dylib+0x41892a], sa_mask[0]=0xfffefeff, sa_flags=0x00000042
SIGXFSZ: [libjvm.dylib+0x41892a], sa_mask[0]=0xfffefeff, sa_flags=0x00000042
SIGILL: [libjvm.dylib+0x41892a], sa_mask[0]=0xfffefeff, sa_flags=0x00000042
SIGUSR1: SIG_DFL, sa_mask[0]=0x00000000, sa_flags=0x00000002
SIGUSR2: [libjvm.dylib+0x41841c], sa_mask[0]=0x00000004, sa_flags=0x00000042
SIGHUP: [libjvm.dylib+0x4166ab], sa_mask[0]=0xfffefeff, sa_flags=0x00000042
SIGINT: [libjvm.dylib+0x4166ab], sa_mask[0]=0xfffefeff, sa_flags=0x00000042
SIGTERM: [libjvm.dylib+0x4166ab], sa_mask[0]=0xfffefeff, sa_flags=0x00000042
SIGQUIT: [libjvm.dylib+0x4166ab], sa_mask[0]=0xfffefeff, sa_flags=0x00000042


---------------  S Y S T E M  ---------------

OS:Bsduname:Darwin 13.4.0 Darwin Kernel Version 13.4.0: Sun Aug 17 19:50:11 PDT 2014; root:xnu-2422.115.4~1/RELEASE_X86_64 x86_64
rlimit: STACK 8192k, CORE 0k, NPROC 709, NOFILE 10240, AS infinity
load average:2.37 2.19 2.09

CPU:total 8 (4 cores per cpu, 2 threads per core) family 6 model 70 stepping 1, cmov, cx8, fxsr, mmx, sse, sse2, sse3, ssse3, sse4.1, sse4.2, popcnt, avx, avx2, aes, erms, ht, tsc, tscinvbit

Memory: 4k page, physical 16777216k(4194304k free)

/proc/meminfo:


vm_info: Java HotSpot(TM) 64-Bit Server VM (24.51-b03) for bsd-amd64 JRE (1.7.0_51-b13), built on Dec 18 2013 18:45:56 by "java_re" with gcc 4.2.1 (Based on Apple Inc. build 5658) (LLVM build 2336.11.00)

time: Thu Apr 30 14:13:46 2015
elapsed time: 319 seconds

