#
# A fatal error has been detected by the Java Runtime Environment:
#
#  Internal Error (sharedRuntime.cpp:519), pid=22694, tid=32003
#  Error: ShouldNotReachHere()
#
# JRE version: Java(TM) SE Runtime Environment (7.0_51-b13) (build 1.7.0_51-b13)
# Java VM: Java HotSpot(TM) 64-Bit Server VM (24.51-b03 mixed mode bsd-amd64 compressed oops)
# Failed to write core dump. Core dumps have been disabled. To enable core dumping, try "ulimit -c unlimited" before starting Java again
#
# If you would like to submit a bug report, please visit:
#   http://bugreport.sun.com/bugreport/crash.jsp
#

---------------  T H R E A D  ---------------

Current thread (0x00007fa92d57e000):  JavaThread "FileSystemWatcher: files=#1 cl=groovy.lang.GroovyClassLoader@50e927cf" daemon [_thread_in_Java, id=32003, stack(0x000000010de79000,0x000000010df79000)]

Stack: [0x000000010de79000,0x000000010df79000],  sp=0x000000010df77d60,  free space=1019k
Native frames: (J=compiled Java code, j=interpreted, Vv=VM code, C=native code)
V  [libjvm.dylib+0x524ef9]  VMError::report_and_die()+0x5d5
V  [libjvm.dylib+0x1ec18d]  report_vm_error(char const*, int, char const*, char const*)+0x54
V  [libjvm.dylib+0x473737]  SharedRuntime::raw_exception_handler_for_return_address(JavaThread*, unsigned char*)+0x15b
j  org.vaadin.grails.server.UriMappings$$EPBL9wr2.___clinit___()V+1738409424
V  [libjvm.dylib+0x2d6bb0]  JavaCalls::call_helper(JavaValue*, methodHandle*, JavaCallArguments*, Thread*)+0x22a
V  [libjvm.dylib+0x2d6980]  JavaCalls::call(JavaValue*, methodHandle, JavaCallArguments*, Thread*)+0x28
V  [libjvm.dylib+0x460590]  Reflection::invoke(instanceKlassHandle, methodHandle, Handle, bool, objArrayHandle, BasicType, objArrayHandle, bool, Thread*)+0x9fc
V  [libjvm.dylib+0x4609f6]  Reflection::invoke_method(oopDesc*, Handle, objArrayHandle, Thread*)+0x16e
V  [libjvm.dylib+0x3234f7]  JVM_InvokeMethod+0x166
j  sun.reflect.NativeMethodAccessorImpl.invoke0(Ljava/lang/reflect/Method;Ljava/lang/Object;[Ljava/lang/Object;)Ljava/lang/Object;+0
j  sun.reflect.NativeMethodAccessorImpl.invoke(Ljava/lang/Object;[Ljava/lang/Object;)Ljava/lang/Object;+87


---------------  P R O C E S S  ---------------

Java Threads: ( => current thread )
  0x00007fa92da94000 JavaThread "FileSystemWatcher: files=#1 cl=groovy.lang.GroovyClassLoader@3fb826b7" daemon [_thread_blocked, id=32515, stack(0x000000010e152000,0x000000010e252000)]
=>0x00007fa92d57e000 JavaThread "FileSystemWatcher: files=#1 cl=groovy.lang.GroovyClassLoader@50e927cf" daemon [_thread_in_Java, id=32003, stack(0x000000010de79000,0x000000010df79000)]
  0x00007fa92c4d7800 JavaThread "FileSystemWatcher: files=#1 cl=groovy.lang.GroovyClassLoader@5d15f5f2" daemon [_thread_blocked, id=31491, stack(0x000000010dd76000,0x000000010de76000)]
  0x00007fa9288ab000 JavaThread "FileSystemWatcher: files=#5 cl=groovy.lang.GroovyClassLoader@7a41785a" daemon [_thread_blocked, id=30979, stack(0x000000010dc73000,0x000000010dd73000)]
  0x00007fa92b83c800 JavaThread "FileSystemWatcher: files=#3 cl=groovy.lang.GroovyClassLoader@44b3ac1f" daemon [_thread_blocked, id=30467, stack(0x000000010db70000,0x000000010dc70000)]
  0x00007fa929efe000 JavaThread "FileSystemWatcher: files=#1 cl=groovy.lang.GroovyClassLoader@1e730cb6" daemon [_thread_blocked, id=29955, stack(0x000000010d653000,0x000000010d753000)]
  0x00007fa92e2fb800 JavaThread "FileSystemWatcher: files=#1 cl=groovy.lang.GroovyClassLoader@4e300ccb" daemon [_thread_blocked, id=25359, stack(0x000000010d550000,0x000000010d650000)]
  0x00007fa92c719000 JavaThread "FileSystemWatcher: files=#1 cl=groovy.lang.GroovyClassLoader@7151e952" daemon [_thread_blocked, id=28423, stack(0x000000010d44d000,0x000000010d54d000)]
  0x00007fa92e919800 JavaThread "FileSystemWatcher: files=#1 cl=groovy.lang.GroovyClassLoader@2a1e5b29" daemon [_thread_blocked, id=27915, stack(0x000000010d34a000,0x000000010d44a000)]
  0x00007fa92c769800 JavaThread "FileSystemWatcher: files=#4 cl=groovy.lang.GroovyClassLoader@2d728826" daemon [_thread_blocked, id=15115, stack(0x000000010ca96000,0x000000010cb96000)]
  0x00007fa92da12000 JavaThread "FileSystemWatcher: files=#5 cl=groovy.lang.GroovyClassLoader@2842bed" daemon [_thread_blocked, id=28687, stack(0x000000010c422000,0x000000010c522000)]
  0x00007fa92a746000 JavaThread "Thread-13" daemon [_thread_blocked, id=29187, stack(0x000000010d14d000,0x000000010d24d000)]
  0x00007fa92ea22000 JavaThread "Thread-12" [_thread_in_native, id=26891, stack(0x000000010c883000,0x000000010c983000)]
  0x00007fa92ea3d000 JavaThread "Thread-11" [_thread_in_native, id=25611, stack(0x000000010be62000,0x000000010bf62000)]
  0x00007fa92a4be000 JavaThread "Thread-9" [_thread_in_native, id=27403, stack(0x000000010d8ae000,0x000000010d9ae000)]
  0x00007fa92a135000 JavaThread "Thread-8" [_thread_blocked, id=26379, stack(0x000000010d7ab000,0x000000010d8ab000)]
  0x00007fa92e0be000 JavaThread "FileSystemWatcher: files=#118 cl=java.net.URLClassLoader@290d1875" daemon [_thread_blocked, id=24835, stack(0x000000010ced0000,0x000000010cfd0000)]
  0x00007fa92e859000 JavaThread "Synchronizer (Spring UAA/1.0.1)" daemon [_thread_blocked, id=24331, stack(0x000000010c993000,0x000000010ca93000)]
  0x00007fa92a5a5800 JavaThread "Timer-0" daemon [_thread_blocked, id=23811, stack(0x000000010c66e000,0x000000010c76e000)]
  0x00007fa92a09a800 JavaThread "NonBlockingInputStreamThread" daemon [_thread_blocked, id=23299, stack(0x000000010b8fb000,0x000000010b9fb000)]
  0x00007fa92c196000 JavaThread "process reaper" daemon [_thread_in_native, id=22787, stack(0x000000010b8cd000,0x000000010b8f5000)]
  0x00007fa92a09a000 JavaThread "Monitor Ctrl-Break" daemon [_thread_in_native, id=22275, stack(0x000000010b460000,0x000000010b560000)]
  0x00007fa92a047000 JavaThread "Service Thread" daemon [_thread_blocked, id=21251, stack(0x000000010b14c000,0x000000010b24c000)]
  0x00007fa92a044800 JavaThread "C2 CompilerThread1" daemon [_thread_blocked, id=20739, stack(0x000000010b049000,0x000000010b149000)]
  0x00007fa929893000 JavaThread "C2 CompilerThread0" daemon [_thread_blocked, id=20227, stack(0x000000010af46000,0x000000010b046000)]
  0x00007fa92980b800 JavaThread "Signal Dispatcher" daemon [_thread_blocked, id=19715, stack(0x000000010ad78000,0x000000010ae78000)]
  0x00007fa929815800 JavaThread "Finalizer" daemon [_thread_blocked, id=14595, stack(0x000000010ab29000,0x000000010ac29000)]
  0x00007fa92b000000 JavaThread "Reference Handler" daemon [_thread_blocked, id=14083, stack(0x000000010aa26000,0x000000010ab26000)]
  0x00007fa929801000 JavaThread "main" [_thread_blocked, id=6403, stack(0x0000000102a54000,0x0000000102b54000)]

Other Threads:
  0x00007fa92a03e000 VMThread [stack: 0x000000010a923000,0x000000010aa23000] [id=13571]
  0x00007fa92c000000 WatcherThread [stack: 0x000000010b24f000,0x000000010b34f000] [id=21763]

VM state:not at safepoint (normal execution)

VM Mutex/Monitor currently owned by a thread: None

Heap
 PSYoungGen      total 246784K, used 191462K [0x00000007f0000000, 0x0000000800000000, 0x0000000800000000)
  eden space 230912K, 79% used [0x00000007f0000000,0x00000007fb300d70,0x00000007fe180000)
  from space 15872K, 51% used [0x00000007ff080000,0x00000007ff878cd8,0x0000000800000000)
  to   space 15360K, 0% used [0x00000007fe180000,0x00000007fe180000,0x00000007ff080000)
 ParOldGen       total 524288K, used 77724K [0x00000007d0000000, 0x00000007f0000000, 0x00000007f0000000)
  object space 524288K, 14% used [0x00000007d0000000,0x00000007d4be7240,0x00000007f0000000)
 PSPermGen       total 262144K, used 47389K [0x00000007c0000000, 0x00000007d0000000, 0x00000007d0000000)
  object space 262144K, 18% used [0x00000007c0000000,0x00000007c2e476d8,0x00000007d0000000)

Card table byte_map: [0x0000000105c67000,0x0000000105e68000] byte_map_base: 0x0000000101e67000

Polling page: 0x0000000100fe9000

Code Cache  [0x0000000102ba7000, 0x0000000103277000, 0x0000000105ba7000)
 total_blobs=2174 nmethods=1594 adapters=533 free_code_cache=42522Kb largest_free_block=43225344

Compilation events (10 events):
Event: 330.261 Thread 0x00007fa92a044800 1799   !         java.util.zip.ZipFile::getInputStream (304 bytes)
Event: 330.294 Thread 0x00007fa92a044800 nmethod 1799 0x000000010325c490 code [0x000000010325c740, 0x000000010325e448]
Event: 330.363 Thread 0x00007fa929893000 1801             org.codehaus.groovy.antlr.UnicodeLexerSharedInputState::getTokenStartColumn (34 bytes)
Event: 330.364 Thread 0x00007fa929893000 nmethod 1801 0x0000000103095c90 code [0x0000000103095dc0, 0x0000000103095e58]
Event: 330.365 Thread 0x00007fa929893000 1802             org.codehaus.groovy.antlr.UnicodeLexerSharedInputState::getColumn (21 bytes)
Event: 330.365 Thread 0x00007fa929893000 nmethod 1802 0x00000001030cee90 code [0x00000001030cefc0, 0x00000001030cf038]
Event: 330.397 Thread 0x00007fa929893000 1803             org.codehaus.groovy.ast.ClassNode::getMethods (36 bytes)
Event: 330.431 Thread 0x00007fa92a044800 1804             sun.misc.PerfCounter::increment (6 bytes)
Event: 330.433 Thread 0x00007fa92a044800 nmethod 1804 0x00000001030ce950 code [0x00000001030ceaa0, 0x00000001030cecf8]
Event: 330.441 Thread 0x00007fa929893000 nmethod 1803 0x0000000103259510 code [0x0000000103259820, 0x000000010325ab70]

GC Heap History (10 events):
Event: 199.025 GC heap before
{Heap before GC invocations=20 (full 0):
 PSYoungGen      total 242688K, used 229243K [0x00000007f0000000, 0x0000000800000000, 0x0000000800000000)
  eden space 223744K, 100% used [0x00000007f0000000,0x00000007fda80000,0x00000007fda80000)
  from space 18944K, 29% used [0x00000007fda80000,0x00000007fdfdec48,0x00000007fed00000)
  to   space 18432K, 0% used [0x00000007fee00000,0x00000007fee00000,0x0000000800000000)
 ParOldGen       total 524288K, used 66420K [0x00000007d0000000, 0x00000007f0000000, 0x00000007f0000000)
  object space 524288K, 12% used [0x00000007d0000000,0x00000007d40dd088,0x00000007f0000000)
 PSPermGen       total 262144K, used 45972K [0x00000007c0000000, 0x00000007d0000000, 0x00000007d0000000)
  object space 262144K, 17% used [0x00000007c0000000,0x00000007c2ce5000,0x00000007d0000000)
Event: 199.032 GC heap after
Heap after GC invocations=20 (full 0):
 PSYoungGen      total 244224K, used 5857K [0x00000007f0000000, 0x0000000800000000, 0x0000000800000000)
  eden space 225792K, 0% used [0x00000007f0000000,0x00000007f0000000,0x00000007fdc80000)
  from space 18432K, 31% used [0x00000007fee00000,0x00000007ff3b8598,0x0000000800000000)
  to   space 17920K, 0% used [0x00000007fdc80000,0x00000007fdc80000,0x00000007fee00000)
 ParOldGen       total 524288K, used 68633K [0x00000007d0000000, 0x00000007f0000000, 0x00000007f0000000)
  object space 524288K, 13% used [0x00000007d0000000,0x00000007d4306438,0x00000007f0000000)
 PSPermGen       total 262144K, used 45972K [0x00000007c0000000, 0x00000007d0000000, 0x00000007d0000000)
  object space 262144K, 17% used [0x00000007c0000000,0x00000007c2ce5000,0x00000007d0000000)
}
Event: 229.442 GC heap before
{Heap before GC invocations=21 (full 0):
 PSYoungGen      total 244224K, used 225082K [0x00000007f0000000, 0x0000000800000000, 0x0000000800000000)
  eden space 225792K, 97% used [0x00000007f0000000,0x00000007fd6165c8,0x00000007fdc80000)
  from space 18432K, 31% used [0x00000007fee00000,0x00000007ff3b8598,0x0000000800000000)
  to   space 17920K, 0% used [0x00000007fdc80000,0x00000007fdc80000,0x00000007fee00000)
 ParOldGen       total 524288K, used 68633K [0x00000007d0000000, 0x00000007f0000000, 0x00000007f0000000)
  object space 524288K, 13% used [0x00000007d0000000,0x00000007d4306438,0x00000007f0000000)
 PSPermGen       total 262144K, used 46353K [0x00000007c0000000, 0x00000007d0000000, 0x00000007d0000000)
  object space 262144K, 17% used [0x00000007c0000000,0x00000007c2d447d0,0x00000007d0000000)
Event: 229.451 GC heap after
Heap after GC invocations=21 (full 0):
 PSYoungGen      total 243712K, used 7773K [0x00000007f0000000, 0x0000000800000000, 0x0000000800000000)
  eden space 225792K, 0% used [0x00000007f0000000,0x00000007f0000000,0x00000007fdc80000)
  from space 17920K, 43% used [0x00000007fdc80000,0x00000007fe417560,0x00000007fee00000)
  to   space 16896K, 0% used [0x00000007fef80000,0x00000007fef80000,0x0000000800000000)
 ParOldGen       total 524288K, used 71228K [0x00000007d0000000, 0x00000007f0000000, 0x00000007f0000000)
  object space 524288K, 13% used [0x00000007d0000000,0x00000007d458f3e0,0x00000007f0000000)
 PSPermGen       total 262144K, used 46353K [0x00000007c0000000, 0x00000007d0000000, 0x00000007d0000000)
  object space 262144K, 17% used [0x00000007c0000000,0x00000007c2d447d0,0x00000007d0000000)
}
Event: 253.766 GC heap before
{Heap before GC invocations=22 (full 0):
 PSYoungGen      total 243712K, used 233565K [0x00000007f0000000, 0x0000000800000000, 0x0000000800000000)
  eden space 225792K, 100% used [0x00000007f0000000,0x00000007fdc80000,0x00000007fdc80000)
  from space 17920K, 43% used [0x00000007fdc80000,0x00000007fe417560,0x00000007fee00000)
  to   space 16896K, 0% used [0x00000007fef80000,0x00000007fef80000,0x0000000800000000)
 ParOldGen       total 524288K, used 71228K [0x00000007d0000000, 0x00000007f0000000, 0x00000007f0000000)
  object space 524288K, 13% used [0x00000007d0000000,0x00000007d458f3e0,0x00000007f0000000)
 PSPermGen       total 262144K, used 47028K [0x00000007c0000000, 0x00000007d0000000, 0x00000007d0000000)
  object space 262144K, 17% used [0x00000007c0000000,0x00000007c2ded118,0x00000007d0000000)
Event: 253.771 GC heap after
Heap after GC invocations=22 (full 0):
 PSYoungGen      total 245248K, used 5007K [0x00000007f0000000, 0x0000000800000000, 0x0000000800000000)
  eden space 228352K, 0% used [0x00000007f0000000,0x00000007f0000000,0x00000007fdf00000)
  from space 16896K, 29% used [0x00000007fef80000,0x00000007ff463fb8,0x0000000800000000)
  to   space 16896K, 0% used [0x00000007fdf00000,0x00000007fdf00000,0x00000007fef80000)
 ParOldGen       total 524288K, used 73720K [0x00000007d0000000, 0x00000007f0000000, 0x00000007f0000000)
  object space 524288K, 14% used [0x00000007d0000000,0x00000007d47fe118,0x00000007f0000000)
 PSPermGen       total 262144K, used 47028K [0x00000007c0000000, 0x00000007d0000000, 0x00000007d0000000)
  object space 262144K, 17% used [0x00000007c0000000,0x00000007c2ded118,0x00000007d0000000)
}
Event: 266.248 GC heap before
{Heap before GC invocations=23 (full 0):
 PSYoungGen      total 245248K, used 233359K [0x00000007f0000000, 0x0000000800000000, 0x0000000800000000)
  eden space 228352K, 100% used [0x00000007f0000000,0x00000007fdf00000,0x00000007fdf00000)
  from space 16896K, 29% used [0x00000007fef80000,0x00000007ff463fb8,0x0000000800000000)
  to   space 16896K, 0% used [0x00000007fdf00000,0x00000007fdf00000,0x00000007fef80000)
 ParOldGen       total 524288K, used 73720K [0x00000007d0000000, 0x00000007f0000000, 0x00000007f0000000)
  object space 524288K, 14% used [0x00000007d0000000,0x00000007d47fe118,0x00000007f0000000)
 PSPermGen       total 262144K, used 47207K [0x00000007c0000000, 0x00000007d0000000, 0x00000007d0000000)
  object space 262144K, 18% used [0x00000007c0000000,0x00000007c2e19c58,0x00000007d0000000)
Event: 266.256 GC heap after
Heap after GC invocations=23 (full 0):
 PSYoungGen      total 245248K, used 6936K [0x00000007f0000000, 0x0000000800000000, 0x0000000800000000)
  eden space 228352K, 0% used [0x00000007f0000000,0x00000007f0000000,0x00000007fdf00000)
  from space 16896K, 41% used [0x00000007fdf00000,0x00000007fe5c63b0,0x00000007fef80000)
  to   space 15872K, 0% used [0x00000007ff080000,0x00000007ff080000,0x0000000800000000)
 ParOldGen       total 524288K, used 75961K [0x00000007d0000000, 0x00000007f0000000, 0x00000007f0000000)
  object space 524288K, 14% used [0x00000007d0000000,0x00000007d4a2e480,0x00000007f0000000)
 PSPermGen       total 262144K, used 47207K [0x00000007c0000000, 0x00000007d0000000, 0x00000007d0000000)
  object space 262144K, 18% used [0x00000007c0000000,0x00000007c2e19c58,0x00000007d0000000)
}
Event: 314.880 GC heap before
{Heap before GC invocations=24 (full 0):
 PSYoungGen      total 245248K, used 235288K [0x00000007f0000000, 0x0000000800000000, 0x0000000800000000)
  eden space 228352K, 100% used [0x00000007f0000000,0x00000007fdf00000,0x00000007fdf00000)
  from space 16896K, 41% used [0x00000007fdf00000,0x00000007fe5c63b0,0x00000007fef80000)
  to   space 15872K, 0% used [0x00000007ff080000,0x00000007ff080000,0x0000000800000000)
 ParOldGen       total 524288K, used 75961K [0x00000007d0000000, 0x00000007f0000000, 0x00000007f0000000)
  object space 524288K, 14% used [0x00000007d0000000,0x00000007d4a2e480,0x00000007f0000000)
 PSPermGen       total 262144K, used 47254K [0x00000007c0000000, 0x00000007d0000000, 0x00000007d0000000)
  object space 262144K, 18% used [0x00000007c0000000,0x00000007c2e25b58,0x00000007d0000000)
Event: 314.888 GC heap after
Heap after GC invocations=24 (full 0):
 PSYoungGen      total 246784K, used 8163K [0x00000007f0000000, 0x0000000800000000, 0x0000000800000000)
  eden space 230912K, 0% used [0x00000007f0000000,0x00000007f0000000,0x00000007fe180000)
  from space 15872K, 51% used [0x00000007ff080000,0x00000007ff878cd8,0x0000000800000000)
  to   space 15360K, 0% used [0x00000007fe180000,0x00000007fe180000,0x00000007ff080000)
 ParOldGen       total 524288K, used 77724K [0x00000007d0000000, 0x00000007f0000000, 0x00000007f0000000)
  object space 524288K, 14% used [0x00000007d0000000,0x00000007d4be7240,0x00000007f0000000)
 PSPermGen       total 262144K, used 47254K [0x00000007c0000000, 0x00000007d0000000, 0x00000007d0000000)
  object space 262144K, 18% used [0x00000007c0000000,0x00000007c2e25b58,0x00000007d0000000)
}

Deoptimization events (10 events):
Event: 196.568 Thread 0x00007fa92da12000 Uncommon trap: reason=bimorphic action=maybe_recompile pc=0x00000001031ec8f0 method=sl.org.objectweb.asm.ClassReader.b(Lsl/org/objectweb/asm/ClassVisitor;Lsl/org/objectweb/asm/Context;I)I @ 1105
Event: 196.568 Thread 0x00007fa92da12000 Uncommon trap: reason=bimorphic action=maybe_recompile pc=0x00000001031ec8f0 method=sl.org.objectweb.asm.ClassReader.b(Lsl/org/objectweb/asm/ClassVisitor;Lsl/org/objectweb/asm/Context;I)I @ 1105
Event: 196.575 Thread 0x00007fa92da12000 Uncommon trap: reason=class_check action=maybe_recompile pc=0x000000010318486c method=org.springsource.loaded.TypeRegistry.getTypeRegistryFor(Ljava/lang/ClassLoader;)Lorg/springsource/loaded/TypeRegistry; @ 167
Event: 196.576 Thread 0x00007fa92da12000 Uncommon trap: reason=class_check action=maybe_recompile pc=0x000000010318486c method=org.springsource.loaded.TypeRegistry.getTypeRegistryFor(Ljava/lang/ClassLoader;)Lorg/springsource/loaded/TypeRegistry; @ 167
Event: 199.858 Thread 0x00007fa92c769800 Uncommon trap: reason=null_check action=make_not_entrant pc=0x0000000102de5f7c method=org.codehaus.groovy.util.AbstractConcurrentMap$Segment.getOrPut(Ljava/lang/Object;ILjava/lang/Object;)Lorg/codehaus/groovy/util/AbstractConcurrentMap$Entry; @ 82
Event: 314.926 Thread 0x00007fa92a746000 Uncommon trap: reason=class_check action=maybe_recompile pc=0x0000000103053610 method=org.codehaus.groovy.control.ResolveVisitor.resolveNestedClass(Lorg/codehaus/groovy/ast/ClassNode;)Z @ 26
Event: 314.926 Thread 0x00007fa92a746000 Uncommon trap: reason=class_check action=maybe_recompile pc=0x0000000103053610 method=org.codehaus.groovy.control.ResolveVisitor.resolveNestedClass(Lorg/codehaus/groovy/ast/ClassNode;)Z @ 26
Event: 314.926 Thread 0x00007fa92a746000 Uncommon trap: reason=class_check action=maybe_recompile pc=0x0000000103053610 method=org.codehaus.groovy.control.ResolveVisitor.resolveNestedClass(Lorg/codehaus/groovy/ast/ClassNode;)Z @ 26
Event: 314.926 Thread 0x00007fa92a746000 Uncommon trap: reason=class_check action=maybe_recompile pc=0x0000000103053610 method=org.codehaus.groovy.control.ResolveVisitor.resolveNestedClass(Lorg/codehaus/groovy/ast/ClassNode;)Z @ 26
Event: 330.922 Thread 0x00007fa92d57e000 Uncommon trap: reason=unreached action=reinterpret pc=0x0000000102daeab8 method=java.lang.ClassLoader.checkName(Ljava/lang/String;)Z @ 1

Internal exceptions (10 events):
Event: 330.386 Thread 0x00007fa92a746000 Threw 0x00000007fa2d1dd8 at /HUDSON/workspace/7u-2-build-macosx-x86_64/jdk7u51/527/hotspot/src/share/vm/prims/jvm.cpp:1244
Event: 330.443 Thread 0x00007fa92a746000 Threw 0x00000007faf30c60 at /HUDSON/workspace/7u-2-build-macosx-x86_64/jdk7u51/527/hotspot/src/share/vm/prims/jvm.cpp:1244
Event: 330.443 Thread 0x00007fa92a746000 Threw 0x00000007faf30e88 at /HUDSON/workspace/7u-2-build-macosx-x86_64/jdk7u51/527/hotspot/src/share/vm/prims/jvm.cpp:1244
Event: 330.921 Thread 0x00007fa92d57e000 Implicit null exception at 0x0000000102dae94c to 0x0000000102daeaa9
Event: 330.922 Thread 0x00007fa92d57e000 Threw 0x00000007fb2c6ec0 at /HUDSON/workspace/7u-2-build-macosx-x86_64/jdk7u51/527/hotspot/src/share/vm/prims/jvm.cpp:1244
Event: 330.923 Thread 0x00007fa92d57e000 Threw 0x00000007fb2c86c8 at /HUDSON/workspace/7u-2-build-macosx-x86_64/jdk7u51/527/hotspot/src/share/vm/prims/jvm.cpp:1244
Event: 330.923 Thread 0x00007fa92d57e000 Threw 0x00000007fb2c8f50 at /HUDSON/workspace/7u-2-build-macosx-x86_64/jdk7u51/527/hotspot/src/share/vm/prims/jvm.cpp:1244
Event: 330.923 Thread 0x00007fa92d57e000 Threw 0x00000007fb2dd620 at /HUDSON/workspace/7u-2-build-macosx-x86_64/jdk7u51/527/hotspot/src/share/vm/prims/jvm.cpp:1244
Event: 330.923 Thread 0x00007fa92d57e000 Threw 0x00000007fb2dd7c0 at /HUDSON/workspace/7u-2-build-macosx-x86_64/jdk7u51/527/hotspot/src/share/vm/classfile/systemDictionary.cpp:174
Event: 330.923 Thread 0x00007fa92d57e000 Threw 0x00000007fb2dd7c0 at /HUDSON/workspace/7u-2-build-macosx-x86_64/jdk7u51/527/hotspot/src/share/vm/oops/instanceKlass.cpp:548

Events (10 events):
Event: 330.922 Thread 0x00007fa92d57e000 DEOPT PACKING pc=0x0000000102daeab8 sp=0x000000010df78380
Event: 330.922 Thread 0x00007fa92d57e000 DEOPT UNPACKING pc=0x0000000102be0045 sp=0x000000010df78348 mode 2
Event: 330.922 Executing VM operation: RevokeBias
Event: 330.922 Executing VM operation: RevokeBias done
Event: 330.923 loading class 0x00007fa92ad42a60
Event: 330.923 loading class 0x00007fa92ad42a60 done
Event: 330.923 Executing VM operation: RevokeBias
Event: 330.923 Executing VM operation: RevokeBias done
Event: 330.923 Executing VM operation: RevokeBias
Event: 330.923 Executing VM operation: RevokeBias done


Dynamic libraries:
0x0000000003b2e000 	/System/Library/Frameworks/Cocoa.framework/Versions/A/Cocoa
0x0000000003b2e000 	/System/Library/Frameworks/Security.framework/Versions/A/Security
0x0000000003b2e000 	/System/Library/Frameworks/ApplicationServices.framework/Versions/A/ApplicationServices
0x0000000003b2e000 	/usr/lib/libz.1.dylib
0x0000000003b2e000 	/usr/lib/libSystem.B.dylib
0x0000000003b2e000 	/usr/lib/libobjc.A.dylib
0x0000000003b2e000 	/System/Library/Frameworks/CoreFoundation.framework/Versions/A/CoreFoundation
0x0000000003b2e000 	/System/Library/Frameworks/Foundation.framework/Versions/C/Foundation
0x0000000003b2e000 	/System/Library/Frameworks/AppKit.framework/Versions/C/AppKit
0x0000000003b2e000 	/System/Library/Frameworks/CoreData.framework/Versions/A/CoreData
0x0000000003b2e000 	/System/Library/PrivateFrameworks/RemoteViewServices.framework/Versions/A/RemoteViewServices
0x0000000003b2e000 	/System/Library/Frameworks/AudioToolbox.framework/Versions/A/AudioToolbox
0x0000000003b2e000 	/System/Library/Frameworks/AudioUnit.framework/Versions/A/AudioUnit
0x0000000003b2e000 	/System/Library/PrivateFrameworks/DataDetectorsCore.framework/Versions/A/DataDetectorsCore
0x0000000003b2e000 	/System/Library/PrivateFrameworks/DesktopServicesPriv.framework/Versions/A/DesktopServicesPriv
0x0000000003b2e000 	/System/Library/Frameworks/Carbon.framework/Versions/A/Frameworks/HIToolbox.framework/Versions/A/HIToolbox
0x0000000003b2e000 	/System/Library/Frameworks/QuartzCore.framework/Versions/A/QuartzCore
0x0000000003b2e000 	/System/Library/Frameworks/Carbon.framework/Versions/A/Frameworks/SpeechRecognition.framework/Versions/A/SpeechRecognition
0x0000000003b2e000 	/usr/lib/libauto.dylib
0x0000000003b2e000 	/usr/lib/libicucore.A.dylib
0x0000000003b2e000 	/usr/lib/libxml2.2.dylib
0x0000000003b2e000 	/System/Library/PrivateFrameworks/CoreUI.framework/Versions/A/CoreUI
0x0000000003b2e000 	/System/Library/Frameworks/CoreAudio.framework/Versions/A/CoreAudio
0x0000000003b2e000 	/System/Library/Frameworks/DiskArbitration.framework/Versions/A/DiskArbitration
0x0000000003b2e000 	/usr/lib/liblangid.dylib
0x0000000003b2e000 	/System/Library/PrivateFrameworks/MultitouchSupport.framework/Versions/A/MultitouchSupport
0x0000000003b2e000 	/System/Library/Frameworks/IOKit.framework/Versions/A/IOKit
0x0000000003b2e000 	/usr/lib/libDiagnosticMessagesClient.dylib
0x0000000003b2e000 	/System/Library/Frameworks/CoreServices.framework/Versions/A/CoreServices
0x0000000003b2e000 	/System/Library/PrivateFrameworks/PerformanceAnalysis.framework/Versions/A/PerformanceAnalysis
0x0000000003b2e000 	/System/Library/PrivateFrameworks/GenerationalStorage.framework/Versions/A/GenerationalStorage
0x0000000003b2e000 	/System/Library/Frameworks/OpenGL.framework/Versions/A/OpenGL
0x0000000003b2e000 	/System/Library/PrivateFrameworks/Sharing.framework/Versions/A/Sharing
0x0000000003b2e000 	/System/Library/Frameworks/ImageIO.framework/Versions/A/ImageIO
0x0000000003b2e000 	/System/Library/Frameworks/CoreText.framework/Versions/A/CoreText
0x0000000003b2e000 	/System/Library/Frameworks/CoreGraphics.framework/Versions/A/CoreGraphics
0x0000000003b2e000 	/System/Library/PrivateFrameworks/Backup.framework/Versions/A/Backup
0x0000000003b2e000 	/System/Library/Frameworks/CFNetwork.framework/Versions/A/CFNetwork
0x0000000003b2e000 	/System/Library/Frameworks/SystemConfiguration.framework/Versions/A/SystemConfiguration
0x0000000003b2e000 	/usr/lib/libCRFSuite.dylib
0x0000000003b2e000 	/usr/lib/libc++.1.dylib
0x0000000003b2e000 	/usr/lib/libc++abi.dylib
0x0000000003b2e000 	/usr/lib/system/libcache.dylib
0x0000000003b2e000 	/usr/lib/system/libcommonCrypto.dylib
0x0000000003b2e000 	/usr/lib/system/libcompiler_rt.dylib
0x0000000003b2e000 	/usr/lib/system/libcopyfile.dylib
0x0000000003b2e000 	/usr/lib/system/libcorecrypto.dylib
0x0000000003b2e000 	/usr/lib/system/libdispatch.dylib
0x0000000003b2e000 	/usr/lib/system/libdyld.dylib
0x0000000003b2e000 	/usr/lib/system/libkeymgr.dylib
0x0000000003b2e000 	/usr/lib/system/liblaunch.dylib
0x0000000003b2e000 	/usr/lib/system/libmacho.dylib
0x0000000003b2e000 	/usr/lib/system/libquarantine.dylib
0x0000000003b2e000 	/usr/lib/system/libremovefile.dylib
0x0000000003b2e000 	/usr/lib/system/libsystem_asl.dylib
0x0000000003b2e000 	/usr/lib/system/libsystem_blocks.dylib
0x0000000003b2e000 	/usr/lib/system/libsystem_c.dylib
0x0000000003b2e000 	/usr/lib/system/libsystem_configuration.dylib
0x0000000003b2e000 	/usr/lib/system/libsystem_dnssd.dylib
0x0000000003b2e000 	/usr/lib/system/libsystem_info.dylib
0x0000000003b2e000 	/usr/lib/system/libsystem_kernel.dylib
0x0000000003b2e000 	/usr/lib/system/libsystem_m.dylib
0x0000000003b2e000 	/usr/lib/system/libsystem_malloc.dylib
0x0000000003b2e000 	/usr/lib/system/libsystem_network.dylib
0x0000000003b2e000 	/usr/lib/system/libsystem_notify.dylib
0x0000000003b2e000 	/usr/lib/system/libsystem_platform.dylib
0x0000000003b2e000 	/usr/lib/system/libsystem_pthread.dylib
0x0000000003b2e000 	/usr/lib/system/libsystem_sandbox.dylib
0x0000000003b2e000 	/usr/lib/system/libsystem_stats.dylib
0x0000000003b2e000 	/usr/lib/system/libunc.dylib
0x0000000003b2e000 	/usr/lib/system/libunwind.dylib
0x0000000003b2e000 	/usr/lib/system/libxpc.dylib
0x0000000003b2e000 	/usr/lib/libbsm.0.dylib
0x0000000003b2e000 	/usr/lib/libsqlite3.dylib
0x0000000003b2e000 	/usr/lib/libxar.1.dylib
0x0000000003b2e000 	/usr/lib/libpam.2.dylib
0x0000000003b2e000 	/usr/lib/libOpenScriptingUtil.dylib
0x0000000003b2e000 	/usr/lib/libbz2.1.0.dylib
0x0000000003b2e000 	/System/Library/Frameworks/CoreServices.framework/Versions/A/Frameworks/CarbonCore.framework/Versions/A/CarbonCore
0x0000000003b2e000 	/System/Library/Frameworks/CoreServices.framework/Versions/A/Frameworks/Metadata.framework/Versions/A/Metadata
0x0000000003b2e000 	/System/Library/Frameworks/CoreServices.framework/Versions/A/Frameworks/OSServices.framework/Versions/A/OSServices
0x0000000003b2e000 	/System/Library/Frameworks/CoreServices.framework/Versions/A/Frameworks/SearchKit.framework/Versions/A/SearchKit
0x0000000003b2e000 	/System/Library/Frameworks/CoreServices.framework/Versions/A/Frameworks/AE.framework/Versions/A/AE
0x0000000003b2e000 	/System/Library/Frameworks/CoreServices.framework/Versions/A/Frameworks/LaunchServices.framework/Versions/A/LaunchServices
0x0000000003b2e000 	/System/Library/Frameworks/CoreServices.framework/Versions/A/Frameworks/DictionaryServices.framework/Versions/A/DictionaryServices
0x0000000003b2e000 	/System/Library/Frameworks/NetFS.framework/Versions/A/NetFS
0x0000000003b2e000 	/usr/lib/system/libkxld.dylib
0x0000000003b2e000 	/System/Library/PrivateFrameworks/NetAuth.framework/Versions/A/NetAuth
0x0000000003b2e000 	/System/Library/PrivateFrameworks/TCC.framework/Versions/A/TCC
0x0000000003b2e000 	/System/Library/Frameworks/OpenDirectory.framework/Versions/A/Frameworks/CFOpenDirectory.framework/Versions/A/CFOpenDirectory
0x0000000003b2e000 	/System/Library/Frameworks/ServiceManagement.framework/Versions/A/ServiceManagement
0x0000000003b2e000 	/usr/lib/libxslt.1.dylib
0x0000000003b2e000 	/System/Library/Frameworks/Carbon.framework/Versions/A/Frameworks/Ink.framework/Versions/A/Ink
0x0000000003b2e000 	/System/Library/Frameworks/ApplicationServices.framework/Versions/A/Frameworks/ATS.framework/Versions/A/ATS
0x0000000003b2e000 	/System/Library/Frameworks/ApplicationServices.framework/Versions/A/Frameworks/ColorSync.framework/Versions/A/ColorSync
0x0000000003b2e000 	/System/Library/Frameworks/ApplicationServices.framework/Versions/A/Frameworks/HIServices.framework/Versions/A/HIServices
0x0000000003b2e000 	/System/Library/Frameworks/ApplicationServices.framework/Versions/A/Frameworks/LangAnalysis.framework/Versions/A/LangAnalysis
0x0000000003b2e000 	/System/Library/Frameworks/ApplicationServices.framework/Versions/A/Frameworks/PrintCore.framework/Versions/A/PrintCore
0x0000000003b2e000 	/System/Library/Frameworks/ApplicationServices.framework/Versions/A/Frameworks/QD.framework/Versions/A/QD
0x0000000003b2e000 	/System/Library/Frameworks/ApplicationServices.framework/Versions/A/Frameworks/SpeechSynthesis.framework/Versions/A/SpeechSynthesis
0x0000000003b2e000 	/System/Library/Frameworks/IOSurface.framework/Versions/A/IOSurface
0x0000000003b2e000 	/System/Library/Frameworks/Accelerate.framework/Versions/A/Accelerate
0x0000000003b2e000 	/System/Library/Frameworks/Accelerate.framework/Versions/A/Frameworks/vImage.framework/Versions/A/vImage
0x0000000003b2e000 	/System/Library/Frameworks/Accelerate.framework/Versions/A/Frameworks/vecLib.framework/Versions/A/vecLib
0x0000000003b2e000 	/System/Library/Frameworks/Accelerate.framework/Versions/A/Frameworks/vecLib.framework/Versions/A/libvDSP.dylib
0x0000000003b2e000 	/System/Library/Frameworks/Accelerate.framework/Versions/A/Frameworks/vecLib.framework/Versions/A/libvMisc.dylib
0x0000000003b2e000 	/System/Library/Frameworks/Accelerate.framework/Versions/A/Frameworks/vecLib.framework/Versions/A/libLAPACK.dylib
0x0000000003b2e000 	/System/Library/Frameworks/Accelerate.framework/Versions/A/Frameworks/vecLib.framework/Versions/A/libBLAS.dylib
0x0000000003b2e000 	/System/Library/Frameworks/ApplicationServices.framework/Versions/A/Frameworks/ATS.framework/Versions/A/Resources/libFontParser.dylib
0x0000000003b2e000 	/System/Library/Frameworks/ApplicationServices.framework/Versions/A/Frameworks/ATS.framework/Versions/A/Resources/libFontRegistry.dylib
0x0000000003b2e000 	/System/Library/Frameworks/ImageIO.framework/Versions/A/Resources/libJPEG.dylib
0x0000000003b2e000 	/System/Library/Frameworks/ImageIO.framework/Versions/A/Resources/libTIFF.dylib
0x0000000003b2e000 	/System/Library/Frameworks/ImageIO.framework/Versions/A/Resources/libPng.dylib
0x0000000003b2e000 	/System/Library/Frameworks/ImageIO.framework/Versions/A/Resources/libGIF.dylib
0x0000000003b2e000 	/System/Library/Frameworks/ImageIO.framework/Versions/A/Resources/libJP2.dylib
0x0000000003b2e000 	/System/Library/Frameworks/ImageIO.framework/Versions/A/Resources/libRadiance.dylib
0x0000000003b2e000 	/usr/lib/libcups.2.dylib
0x0000000003b2e000 	/System/Library/Frameworks/Kerberos.framework/Versions/A/Kerberos
0x0000000003b2e000 	/System/Library/Frameworks/GSS.framework/Versions/A/GSS
0x0000000003b2e000 	/usr/lib/libresolv.9.dylib
0x0000000003b2e000 	/usr/lib/libiconv.2.dylib
0x0000000003b2e000 	/System/Library/PrivateFrameworks/Heimdal.framework/Versions/A/Heimdal
0x0000000003b2e000 	/System/Library/PrivateFrameworks/TrustEvaluationAgent.framework/Versions/A/TrustEvaluationAgent
0x0000000003b2e000 	/usr/lib/libheimdal-asn1.dylib
0x0000000003b2e000 	/System/Library/Frameworks/OpenDirectory.framework/Versions/A/OpenDirectory
0x0000000003b2e000 	/System/Library/PrivateFrameworks/CommonAuth.framework/Versions/A/CommonAuth
0x0000000003b2e000 	/System/Library/Frameworks/SecurityFoundation.framework/Versions/A/SecurityFoundation
0x0000000003b2e000 	/System/Library/PrivateFrameworks/Bom.framework/Versions/A/Bom
0x0000000003b2e000 	/System/Library/Frameworks/CoreVideo.framework/Versions/A/CoreVideo
0x0000000003b2e000 	/System/Library/Frameworks/QuartzCore.framework/Versions/A/Frameworks/CoreImage.framework/Versions/A/CoreImage
0x0000000003b2e000 	/System/Library/Frameworks/QuartzCore.framework/Versions/A/Frameworks/ScalableUserInterface.framework/Versions/A/ScalableUserInterface
0x0000000003b2e000 	/System/Library/Frameworks/OpenGL.framework/Versions/A/Libraries/libGLU.dylib
0x0000000003b2e000 	/System/Library/Frameworks/OpenGL.framework/Versions/A/Libraries/libGFXShared.dylib
0x0000000003b2e000 	/System/Library/Frameworks/OpenGL.framework/Versions/A/Libraries/libGL.dylib
0x0000000003b2e000 	/System/Library/Frameworks/OpenGL.framework/Versions/A/Libraries/libGLImage.dylib
0x0000000003b2e000 	/System/Library/Frameworks/OpenGL.framework/Versions/A/Libraries/libCVMSPluginSupport.dylib
0x0000000003b2e000 	/System/Library/Frameworks/OpenGL.framework/Versions/A/Libraries/libCoreVMClient.dylib
0x0000000003b2e000 	/System/Library/PrivateFrameworks/FaceCore.framework/Versions/A/FaceCore
0x0000000003b2e000 	/System/Library/PrivateFrameworks/CrashReporterSupport.framework/Versions/A/CrashReporterSupport
0x0000000003b2e000 	/System/Library/Frameworks/OpenCL.framework/Versions/A/OpenCL
0x0000000003b2e000 	/System/Library/PrivateFrameworks/AppleFSCompression.framework/Versions/A/AppleFSCompression
0x0000000003b2e000 	/System/Library/PrivateFrameworks/Ubiquity.framework/Versions/A/Ubiquity
0x0000000003b2e000 	/System/Library/PrivateFrameworks/IconServices.framework/Versions/A/IconServices
0x0000000003b2e000 	/System/Library/PrivateFrameworks/ChunkingLibrary.framework/Versions/A/ChunkingLibrary
0x0000000003b2e000 	/System/Library/PrivateFrameworks/CoreSymbolication.framework/Versions/A/CoreSymbolication
0x0000000003b2e000 	/System/Library/PrivateFrameworks/Symbolication.framework/Versions/A/Symbolication
0x0000000003b2e000 	/System/Library/PrivateFrameworks/DebugSymbols.framework/Versions/A/DebugSymbols
0x0000000102000000 	/Library/Java/JavaVirtualMachines/jdk1.7.0_51.jdk/Contents/Home/jre/lib/server/libjvm.dylib
0x0000000003b2e000 	/usr/lib/libstdc++.6.dylib
0x0000000100fac000 	/Library/Java/JavaVirtualMachines/jdk1.7.0_51.jdk/Contents/Home/jre/lib/libverify.dylib
0x0000000100fb9000 	/Library/Java/JavaVirtualMachines/jdk1.7.0_51.jdk/Contents/Home/jre/lib/libjava.dylib
0x0000000102b56000 	/Library/Java/JavaVirtualMachines/jdk1.7.0_51.jdk/Contents/Home/jre/lib/libinstrument.dylib
0x0000000100ff4000 	/Library/Java/JavaVirtualMachines/jdk1.7.0_51.jdk/Contents/Home/jre/lib/libzip.dylib
0x000000010ac2b000 	/System/Library/Frameworks/JavaVM.framework/Frameworks/JavaRuntimeSupport.framework/JavaRuntimeSupport
0x000000010ac43000 	/System/Library/Frameworks/JavaVM.framework/Versions/A/Frameworks/JavaNativeFoundation.framework/Versions/A/JavaNativeFoundation
0x000000010ac58000 	/System/Library/Frameworks/JavaVM.framework/Versions/A/JavaVM
0x0000000003b2e000 	/System/Library/Frameworks/Carbon.framework/Versions/A/Carbon
0x000000010ac65000 	/System/Library/PrivateFrameworks/JavaLaunching.framework/Versions/A/JavaLaunching
0x0000000003b2e000 	/System/Library/Frameworks/Carbon.framework/Versions/A/Frameworks/CommonPanels.framework/Versions/A/CommonPanels
0x0000000003b2e000 	/System/Library/Frameworks/Carbon.framework/Versions/A/Frameworks/Help.framework/Versions/A/Help
0x0000000003b2e000 	/System/Library/Frameworks/Carbon.framework/Versions/A/Frameworks/ImageCapture.framework/Versions/A/ImageCapture
0x0000000003b2e000 	/System/Library/Frameworks/Carbon.framework/Versions/A/Frameworks/OpenScripting.framework/Versions/A/OpenScripting
0x0000000003b2e000 	/System/Library/Frameworks/Carbon.framework/Versions/A/Frameworks/Print.framework/Versions/A/Print
0x0000000003b2e000 	/System/Library/Frameworks/Carbon.framework/Versions/A/Frameworks/SecurityHI.framework/Versions/A/SecurityHI
0x000000010b45c000 	/Applications/IntelliJ IDEA 13.app/bin/libbreakgen64.jnilib
0x000000010b562000 	/Library/Java/JavaVirtualMachines/jdk1.7.0_51.jdk/Contents/Home/jre/lib/libnet.dylib
0x000000010b8f7000 	/private/var/folders/l2/9tzjxt_n5r971h5b_s9khd6h0000gn/T/libjansi-64-5151968569733766442.jnilib
0x000000010b759000 	/Library/Java/JavaVirtualMachines/jdk1.7.0_51.jdk/Contents/Home/jre/lib/libnio.dylib
0x000000010b6a0000 	/Library/Java/JavaVirtualMachines/jdk1.7.0_51.jdk/Contents/Home/jre/lib/libosx.dylib
0x000000010b712000 	/Library/Java/JavaVirtualMachines/jdk1.7.0_51.jdk/Contents/Home/jre/lib/./libosxapp.dylib
0x0000000003b2e000 	/System/Library/Frameworks/ExceptionHandling.framework/Versions/A/ExceptionHandling
0x000000010bafe000 	/Library/Java/JavaVirtualMachines/jdk1.7.0_51.jdk/Contents/Home/jre/lib/libsunec.dylib

VM Arguments:
jvm_args: -Dgrails.home=/Users/grs/.gvm/grails/2.4.2 -Dbase.dir=/Users/grs/Documents/Vaadin for Grails/vaadin7-plugin/vaadin7-demo -Dtools.jar=/Library/Java/JavaVirtualMachines/jdk1.7.0_51.jdk/Contents/Home/lib/tools.jar -Dgroovy.starter.conf=/Users/grs/.gvm/grails/2.4.2/conf/groovy-starter.conf -Xmx768M -Xms768M -XX:MaxPermSize=256m -XX:PermSize=256m -javaagent:/Users/grs/.gvm/grails/2.4.2/lib/org.springframework/springloaded/jars/springloaded-1.2.0.RELEASE.jar -Xverify:none -Dspringloaded=profile=grails -Didea.launcher.port=7535 -Didea.launcher.bin.path=/Applications/IntelliJ IDEA 13.app/bin -Dfile.encoding=UTF-8 
java_command: com.intellij.rt.execution.application.AppMain org.codehaus.groovy.grails.cli.support.GrailsStarter --main org.codehaus.groovy.grails.cli.GrailsScriptRunner --conf /Users/grs/.gvm/grails/2.4.2/conf/groovy-starter.conf run-app -plain-output
Launcher Type: SUN_STANDARD

Environment Variables:
JAVA_HOME=/Library/Java/JavaVirtualMachines/jdk1.7.0_51.jdk/Contents/Home
PATH=/Users/grs/.gvm/vertx/current/bin:/Users/grs/.gvm/springboot/current/bin:/Users/grs/.gvm/lazybones/current/bin:/Users/grs/.gvm/jbake/current/bin:/Users/grs/.gvm/groovyserv/current/bin:/Users/grs/.gvm/groovy/current/bin:/Users/grs/.gvm/griffon/current/bin:/Users/grs/.gvm/grails/current/bin:/Users/grs/.gvm/gradle/current/bin:/Users/grs/.gvm/glide/current/bin:/Users/grs/.gvm/gaiden/current/bin:/Users/grs/.gvm/crash/current/bin:/opt/local/bin:/opt/local/sbin:/usr/bin:/bin:/usr/sbin:/sbin:/usr/local/bin:/usr/local/MacGPG2/bin
SHELL=/bin/bash

Signal Handlers:
SIGSEGV: [libjvm.dylib+0x525425], sa_mask[0]=0xfffefeff, sa_flags=0x00000043
SIGBUS: [libjvm.dylib+0x525425], sa_mask[0]=0xfffefeff, sa_flags=0x00000042
SIGFPE: [libjvm.dylib+0x41892a], sa_mask[0]=0xfffefeff, sa_flags=0x00000042
SIGPIPE: [libjvm.dylib+0x41892a], sa_mask[0]=0xfffefeff, sa_flags=0x00000042
SIGXFSZ: [libjvm.dylib+0x41892a], sa_mask[0]=0xfffefeff, sa_flags=0x00000042
SIGILL: [libjvm.dylib+0x41892a], sa_mask[0]=0xfffefeff, sa_flags=0x00000042
SIGUSR1: SIG_DFL, sa_mask[0]=0x00000000, sa_flags=0x00000002
SIGUSR2: [libjvm.dylib+0x41841c], sa_mask[0]=0x00000004, sa_flags=0x00000042
SIGHUP: [libjvm.dylib+0x4166ab], sa_mask[0]=0xfffefeff, sa_flags=0x00000042
SIGINT: [libjvm.dylib+0x4166ab], sa_mask[0]=0xfffefeff, sa_flags=0x00000042
SIGTERM: [libjvm.dylib+0x4166ab], sa_mask[0]=0xfffefeff, sa_flags=0x00000042
SIGQUIT: [libjvm.dylib+0x4166ab], sa_mask[0]=0xfffefeff, sa_flags=0x00000042


---------------  S Y S T E M  ---------------

OS:Bsduname:Darwin 13.4.0 Darwin Kernel Version 13.4.0: Sun Aug 17 19:50:11 PDT 2014; root:xnu-2422.115.4~1/RELEASE_X86_64 x86_64
rlimit: STACK 8192k, CORE 0k, NPROC 709, NOFILE 10240, AS infinity
load average:2.37 2.19 2.09

CPU:total 8 (4 cores per cpu, 2 threads per core) family 6 model 70 stepping 1, cmov, cx8, fxsr, mmx, sse, sse2, sse3, ssse3, sse4.1, sse4.2, popcnt, avx, avx2, aes, erms, ht, tsc, tscinvbit

Memory: 4k page, physical 16777216k(4194304k free)

/proc/meminfo:


vm_info: Java HotSpot(TM) 64-Bit Server VM (24.51-b03) for bsd-amd64 JRE (1.7.0_51-b13), built on Dec 18 2013 18:45:56 by "java_re" with gcc 4.2.1 (Based on Apple Inc. build 5658) (LLVM build 2336.11.00)

time: Thu Apr 30 14:13:45 2015
elapsed time: 330 seconds

